<?xml version="1.0" encoding="UTF-8"?>
<coverage generated="1775612002685" clover="3.2.0">
  <project timestamp="1775612002685" name="All files">
    <metrics statements="78" coveredstatements="68" conditionals="30" coveredconditionals="22" methods="26" coveredmethods="22" elements="134" coveredelements="112" complexity="0" loc="78" ncloc="78" packages="2" files="2" classes="2"/>
    <package name="core">
      <metrics statements="3" coveredstatements="3" conditionals="0" coveredconditionals="0" methods="1" coveredmethods="1"/>
      <file name="db.ts" path="D:\software\divi\divi-app\src\core\db.ts">
        <metrics statements="3" coveredstatements="3" conditionals="0" coveredconditionals="0" methods="1" coveredmethods="1"/>
        <line num="116" count="1" type="stmt"/>
        <line num="117" count="1" type="stmt"/>
        <line num="131" count="1" type="stmt"/>
      </file>
    </package>
    <package name="core.sync">
      <metrics statements="75" coveredstatements="65" conditionals="30" coveredconditionals="22" methods="25" coveredmethods="21"/>
      <file name="SyncEngine.ts" path="D:\software\divi\divi-app\src\core\sync\SyncEngine.ts">
        <metrics statements="75" coveredstatements="65" conditionals="30" coveredconditionals="22" methods="25" coveredmethods="21"/>
        <line num="10" count="8" type="stmt"/>
        <line num="19" count="8" type="stmt"/>
        <line num="20" count="8" type="stmt"/>
        <line num="23" count="8" type="stmt"/>
        <line num="24" count="8" type="stmt"/>
        <line num="28" count="8" type="stmt"/>
        <line num="29" count="5" type="stmt"/>
        <line num="30" count="5" type="stmt"/>
        <line num="31" count="5" type="stmt"/>
        <line num="34" count="8" type="stmt"/>
        <line num="35" count="6" type="stmt"/>
        <line num="36" count="6" type="stmt"/>
        <line num="41" count="8" type="stmt"/>
        <line num="42" count="48" type="stmt"/>
        <line num="44" count="48" type="stmt"/>
        <line num="45" count="32" type="cond" truecount="2" falsecount="0"/>
        <line num="46" count="27" type="stmt"/>
        <line num="50" count="48" type="stmt"/>
        <line num="51" count="11" type="cond" truecount="4" falsecount="0"/>
        <line num="52" count="4" type="stmt"/>
        <line num="59" count="31" type="cond" truecount="2" falsecount="0"/>
        <line num="62" count="19" type="stmt"/>
        <line num="63" count="11" type="stmt"/>
        <line num="71" count="20" type="stmt"/>
        <line num="73" count="20" type="stmt"/>
        <line num="74" count="120" type="stmt"/>
        <line num="76" count="120" type="stmt"/>
        <line num="81" count="120" type="stmt"/>
        <line num="82" count="21" type="stmt"/>
        <line num="89" count="20" type="stmt"/>
        <line num="96" count="18" type="cond" truecount="3" falsecount="1"/>
        <line num="98" count="18" type="stmt"/>
        <line num="99" count="18" type="cond" truecount="1" falsecount="1"/>
        <line num="101" count="18" type="stmt"/>
        <line num="102" count="18" type="stmt"/>
        <line num="103" count="18" type="stmt"/>
        <line num="106" count="18" type="stmt"/>
        <line num="107" count="18" type="cond" truecount="1" falsecount="1"/>
        <line num="108" count="18" type="stmt"/>
        <line num="109" count="18" type="stmt"/>
        <line num="112" count="18" type="stmt"/>
        <line num="113" count="18" type="stmt"/>
        <line num="114" count="18" type="stmt"/>
        <line num="117" count="18" type="stmt"/>
        <line num="119" count="0" type="stmt"/>
        <line num="121" count="18" type="stmt"/>
        <line num="126" count="18" type="stmt"/>
        <line num="127" count="18" type="stmt"/>
        <line num="130" count="18" type="cond" truecount="2" falsecount="0"/>
        <line num="131" count="1" type="stmt"/>
        <line num="132" count="1" type="cond" truecount="1" falsecount="1"/>
        <line num="133" count="1" type="stmt"/>
        <line num="134" count="1" type="cond" truecount="1" falsecount="1"/>
        <line num="135" count="1" type="cond" truecount="1" falsecount="1"/>
        <line num="136" count="1" type="stmt"/>
        <line num="138" count="0" type="stmt"/>
        <line num="139" count="0" type="stmt"/>
        <line num="143" count="0" type="stmt"/>
        <line num="144" count="0" type="stmt"/>
        <line num="149" count="18" type="cond" truecount="2" falsecount="0"/>
        <line num="150" count="17" type="stmt"/>
        <line num="151" count="17" type="stmt"/>
        <line num="152" count="17" type="stmt"/>
        <line num="155" count="17" type="stmt"/>
        <line num="160" count="17" type="cond" truecount="1" falsecount="1"/>
        <line num="161" count="17" type="cond" truecount="1" falsecount="1"/>
        <line num="162" count="17" type="stmt"/>
        <line num="164" count="17" type="stmt"/>
        <line num="165" count="1" type="stmt"/>
        <line num="168" count="17" type="stmt"/>
        <line num="170" count="0" type="stmt"/>
        <line num="171" count="0" type="stmt"/>
        <line num="177" count="0" type="stmt"/>
        <line num="178" count="0" type="stmt"/>
        <line num="180" count="0" type="stmt"/>
      </file>
    </package>
  </project>
</coverage>
