{"D:\\software\\divi\\divi-app\\src\\core\\db.ts": {"path":"D:\\software\\divi\\divi-app\\src\\core\\db.ts","statementMap":{"0":{"start":{"line":89,"column":4},"end":{"line":89,"column":null}},"1":{"start":{"line":91,"column":4},"end":{"line":101,"column":null}},"2":{"start":{"line":103,"column":4},"end":{"line":103,"column":null}},"3":{"start":{"line":107,"column":27},"end":{"line":110,"column":null}},"4":{"start":{"line":112,"column":4},"end":{"line":132,"column":null}},"5":{"start":{"line":114,"column":6},"end":{"line":119,"column":null}},"6":{"start":{"line":115,"column":8},"end":{"line":118,"column":null}},"7":{"start":{"line":116,"column":10},"end":{"line":116,"column":null}},"8":{"start":{"line":117,"column":10},"end":{"line":117,"column":null}},"9":{"start":{"line":121,"column":6},"end":{"line":131,"column":null}},"10":{"start":{"line":124,"column":8},"end":{"line":130,"column":null}},"11":{"start":{"line":125,"column":10},"end":{"line":129,"column":null}},"12":{"start":{"line":136,"column":18},"end":{"line":136,"column":null}}},"fnMap":{"0":{"name":"(anonymous_0)","decl":{"start":{"line":87,"column":2},"end":{"line":87,"column":16}},"loc":{"start":{"line":87,"column":16},"end":{"line":104,"column":null}},"line":87},"1":{"name":"(anonymous_1)","decl":{"start":{"line":106,"column":10},"end":{"line":106,"column":27}},"loc":{"start":{"line":106,"column":27},"end":{"line":133,"column":null}},"line":106},"2":{"name":"(anonymous_2)","decl":{"start":{"line":112,"column":27},"end":{"line":112,"column":36}},"loc":{"start":{"line":112,"column":36},"end":{"line":132,"column":5}},"line":112},"3":{"name":"(anonymous_3)","decl":{"start":{"line":114,"column":29},"end":{"line":114,"column":30}},"loc":{"start":{"line":114,"column":55},"end":{"line":119,"column":7}},"line":114},"4":{"name":"(anonymous_4)","decl":{"start":{"line":121,"column":29},"end":{"line":121,"column":30}},"loc":{"start":{"line":121,"column":62},"end":{"line":131,"column":7}},"line":121}},"branchMap":{"0":{"loc":{"start":{"line":115,"column":8},"end":{"line":118,"column":null}},"type":"if","locations":[{"start":{"line":115,"column":8},"end":{"line":118,"column":null}},{"start":{},"end":{}}],"line":115},"1":{"loc":{"start":{"line":124,"column":8},"end":{"line":130,"column":null}},"type":"if","locations":[{"start":{"line":124,"column":8},"end":{"line":130,"column":null}},{"start":{},"end":{}}],"line":124}},"s":{"0":5,"1":5,"2":5,"3":5,"4":5,"5":40,"6":13,"7":3,"8":3,"9":40,"10":3,"11":3,"12":5},"f":{"0":5,"1":5,"2":40,"3":13,"4":3},"b":{"0":[3,10],"1":[3,0]},"meta":{"lastBranch":2,"lastFunction":5,"lastStatement":13,"seen":{"f:87:2:87:16":0,"s:89:4:89:Infinity":0,"s:91:4:101:Infinity":1,"s:103:4:103:Infinity":2,"f:106:10:106:27":1,"s:107:27:110:Infinity":3,"s:112:4:132:Infinity":4,"f:112:27:112:36":2,"s:114:6:119:Infinity":5,"f:114:29:114:30":3,"b:115:8:118:Infinity:undefined:undefined:undefined:undefined":0,"s:115:8:118:Infinity":6,"s:116:10:116:Infinity":7,"s:117:10:117:Infinity":8,"s:121:6:131:Infinity":9,"f:121:29:121:30":4,"b:124:8:130:Infinity:undefined:undefined:undefined:undefined":1,"s:124:8:130:Infinity":10,"s:125:10:129:Infinity":11,"s:136:18:136:Infinity":12}}}
,"D:\\software\\divi\\divi-app\\src\\core\\di-tokens.ts": {"path":"D:\\software\\divi\\divi-app\\src\\core\\di-tokens.ts","statementMap":{"0":{"start":{"line":6,"column":25},"end":{"line":23,"column":null}}},"fnMap":{},"branchMap":{},"s":{"0":3},"f":{},"b":{},"meta":{"lastBranch":0,"lastFunction":0,"lastStatement":1,"seen":{"s:6:25:23:Infinity":0}}}
,"D:\\software\\divi\\divi-app\\src\\core\\di.ts": {"path":"D:\\software\\divi\\divi-app\\src\\core\\di.ts","statementMap":{"0":{"start":{"line":31,"column":21},"end":{"line":31,"column":null}},"1":{"start":{"line":37,"column":16},"end":{"line":37,"column":null}},"2":{"start":{"line":38,"column":4},"end":{"line":38,"column":null}},"3":{"start":{"line":39,"column":4},"end":{"line":39,"column":null}},"4":{"start":{"line":46,"column":16},"end":{"line":46,"column":null}},"5":{"start":{"line":47,"column":20},"end":{"line":47,"column":null}},"6":{"start":{"line":48,"column":4},"end":{"line":50,"column":null}},"7":{"start":{"line":49,"column":6},"end":{"line":49,"column":null}},"8":{"start":{"line":51,"column":4},"end":{"line":51,"column":null}},"9":{"start":{"line":55,"column":25},"end":{"line":55,"column":null}},"10":{"start":{"line":59,"column":0},"end":{"line":59,"column":null}},"11":{"start":{"line":60,"column":0},"end":{"line":60,"column":null}},"12":{"start":{"line":61,"column":0},"end":{"line":61,"column":null}},"13":{"start":{"line":62,"column":0},"end":{"line":62,"column":null}},"14":{"start":{"line":63,"column":0},"end":{"line":63,"column":null}},"15":{"start":{"line":64,"column":0},"end":{"line":64,"column":null}},"16":{"start":{"line":65,"column":0},"end":{"line":65,"column":null}},"17":{"start":{"line":66,"column":0},"end":{"line":66,"column":null}},"18":{"start":{"line":67,"column":0},"end":{"line":67,"column":null}},"19":{"start":{"line":68,"column":0},"end":{"line":68,"column":null}},"20":{"start":{"line":69,"column":0},"end":{"line":69,"column":null}},"21":{"start":{"line":70,"column":27},"end":{"line":70,"column":null}},"22":{"start":{"line":71,"column":0},"end":{"line":71,"column":null}},"23":{"start":{"line":72,"column":0},"end":{"line":72,"column":null}},"24":{"start":{"line":73,"column":0},"end":{"line":73,"column":null}},"25":{"start":{"line":74,"column":0},"end":{"line":74,"column":null}},"26":{"start":{"line":75,"column":0},"end":{"line":75,"column":null}},"27":{"start":{"line":78,"column":26},"end":{"line":78,"column":null}},"28":{"start":{"line":78,"column":53},"end":{"line":78,"column":null}}},"fnMap":{"0":{"name":"(anonymous_0)","decl":{"start":{"line":36,"column":2},"end":{"line":36,"column":14}},"loc":{"start":{"line":36,"column":50},"end":{"line":40,"column":null}},"line":36},"1":{"name":"(anonymous_1)","decl":{"start":{"line":45,"column":2},"end":{"line":45,"column":13}},"loc":{"start":{"line":45,"column":33},"end":{"line":52,"column":null}},"line":45},"2":{"name":"(anonymous_2)","decl":{"start":{"line":78,"column":26},"end":{"line":78,"column":30}},"loc":{"start":{"line":78,"column":53},"end":{"line":78,"column":null}},"line":78}},"branchMap":{"0":{"loc":{"start":{"line":37,"column":16},"end":{"line":37,"column":null}},"type":"cond-expr","locations":[{"start":{"line":37,"column":44},"end":{"line":37,"column":52}},{"start":{"line":37,"column":52},"end":{"line":37,"column":null}}],"line":37},"1":{"loc":{"start":{"line":46,"column":16},"end":{"line":46,"column":null}},"type":"cond-expr","locations":[{"start":{"line":46,"column":44},"end":{"line":46,"column":52}},{"start":{"line":46,"column":52},"end":{"line":46,"column":null}}],"line":46},"2":{"loc":{"start":{"line":48,"column":4},"end":{"line":50,"column":null}},"type":"if","locations":[{"start":{"line":48,"column":4},"end":{"line":50,"column":null}},{"start":{},"end":{}}],"line":48}},"s":{"0":3,"1":48,"2":48,"3":48,"4":19,"5":19,"6":19,"7":0,"8":19,"9":3,"10":3,"11":3,"12":3,"13":3,"14":3,"15":3,"16":3,"17":3,"18":3,"19":3,"20":3,"21":3,"22":3,"23":3,"24":3,"25":3,"26":3,"27":3,"28":0},"f":{"0":48,"1":19,"2":0},"b":{"0":[48,0],"1":[19,0],"2":[0,19]},"meta":{"lastBranch":3,"lastFunction":3,"lastStatement":29,"seen":{"s:31:21:31:Infinity":0,"f:36:2:36:14":0,"s:37:16:37:Infinity":1,"b:37:44:37:52:37:52:37:Infinity":0,"s:38:4:38:Infinity":2,"s:39:4:39:Infinity":3,"f:45:2:45:13":1,"s:46:16:46:Infinity":4,"b:46:44:46:52:46:52:46:Infinity":1,"s:47:20:47:Infinity":5,"b:48:4:50:Infinity:undefined:undefined:undefined:undefined":2,"s:48:4:50:Infinity":6,"s:49:6:49:Infinity":7,"s:51:4:51:Infinity":8,"s:55:25:55:Infinity":9,"s:59:0:59:Infinity":10,"s:60:0:60:Infinity":11,"s:61:0:61:Infinity":12,"s:62:0:62:Infinity":13,"s:63:0:63:Infinity":14,"s:64:0:64:Infinity":15,"s:65:0:65:Infinity":16,"s:66:0:66:Infinity":17,"s:67:0:67:Infinity":18,"s:68:0:68:Infinity":19,"s:69:0:69:Infinity":20,"s:70:27:70:Infinity":21,"s:71:0:71:Infinity":22,"s:72:0:72:Infinity":23,"s:73:0:73:Infinity":24,"s:74:0:74:Infinity":25,"s:75:0:75:Infinity":26,"s:78:26:78:Infinity":27,"f:78:26:78:30":2,"s:78:53:78:Infinity":28}}}
,"D:\\software\\divi\\divi-app\\src\\core\\supabase.ts": {"path":"D:\\software\\divi\\divi-app\\src\\core\\supabase.ts","statementMap":{"0":{"start":{"line":3,"column":20},"end":{"line":3,"column":null}},"1":{"start":{"line":4,"column":24},"end":{"line":4,"column":null}},"2":{"start":{"line":6,"column":0},"end":{"line":8,"column":null}},"3":{"start":{"line":7,"column":2},"end":{"line":7,"column":null}},"4":{"start":{"line":10,"column":13},"end":{"line":17,"column":null}}},"fnMap":{},"branchMap":{"0":{"loc":{"start":{"line":3,"column":20},"end":{"line":3,"column":null}},"type":"binary-expr","locations":[{"start":{"line":3,"column":20},"end":{"line":3,"column":57}},{"start":{"line":3,"column":57},"end":{"line":3,"column":null}}],"line":3},"1":{"loc":{"start":{"line":4,"column":24},"end":{"line":4,"column":null}},"type":"binary-expr","locations":[{"start":{"line":4,"column":24},"end":{"line":4,"column":66}},{"start":{"line":4,"column":66},"end":{"line":4,"column":null}}],"line":4},"2":{"loc":{"start":{"line":6,"column":0},"end":{"line":8,"column":null}},"type":"if","locations":[{"start":{"line":6,"column":0},"end":{"line":8,"column":null}},{"start":{},"end":{}}],"line":6},"3":{"loc":{"start":{"line":6,"column":4},"end":{"line":6,"column":83}},"type":"binary-expr","locations":[{"start":{"line":6,"column":4},"end":{"line":6,"column":42}},{"start":{"line":6,"column":42},"end":{"line":6,"column":83}}],"line":6}},"s":{"0":3,"1":3,"2":3,"3":0,"4":3},"f":{},"b":{"0":[3,0],"1":[3,0],"2":[0,3],"3":[3,3]},"meta":{"lastBranch":4,"lastFunction":0,"lastStatement":5,"seen":{"s:3:20:3:Infinity":0,"b:3:20:3:57:3:57:3:Infinity":0,"s:4:24:4:Infinity":1,"b:4:24:4:66:4:66:4:Infinity":1,"b:6:0:8:Infinity:undefined:undefined:undefined:undefined":2,"s:6:0:8:Infinity":2,"b:6:4:6:42:6:42:6:83":3,"s:7:2:7:Infinity":3,"s:10:13:17:Infinity":4}}}
,"D:\\software\\divi\\divi-app\\src\\core\\sync\\SyncEngine.ts": {"path":"D:\\software\\divi\\divi-app\\src\\core\\sync\\SyncEngine.ts","statementMap":{"0":{"start":{"line":12,"column":22},"end":{"line":12,"column":null}},"1":{"start":{"line":13,"column":22},"end":{"line":13,"column":null}},"2":{"start":{"line":14,"column":61},"end":{"line":14,"column":null}},"3":{"start":{"line":17,"column":4},"end":{"line":17,"column":null}},"4":{"start":{"line":18,"column":4},"end":{"line":20,"column":null}},"5":{"start":{"line":19,"column":6},"end":{"line":19,"column":null}},"6":{"start":{"line":24,"column":4},"end":{"line":26,"column":null}},"7":{"start":{"line":25,"column":6},"end":{"line":25,"column":null}},"8":{"start":{"line":27,"column":4},"end":{"line":27,"column":null}},"9":{"start":{"line":31,"column":4},"end":{"line":31,"column":null}},"10":{"start":{"line":35,"column":4},"end":{"line":43,"column":null}},"11":{"start":{"line":36,"column":6},"end":{"line":36,"column":null}},"12":{"start":{"line":36,"column":46},"end":{"line":36,"column":60}},"13":{"start":{"line":37,"column":6},"end":{"line":39,"column":null}},"14":{"start":{"line":38,"column":8},"end":{"line":38,"column":null}},"15":{"start":{"line":38,"column":52},"end":{"line":38,"column":null}},"16":{"start":{"line":42,"column":6},"end":{"line":42,"column":null}},"17":{"start":{"line":42,"column":24},"end":{"line":42,"column":40}},"18":{"start":{"line":47,"column":4},"end":{"line":51,"column":null}},"19":{"start":{"line":48,"column":6},"end":{"line":48,"column":null}},"20":{"start":{"line":50,"column":6},"end":{"line":50,"column":null}},"21":{"start":{"line":58,"column":4},"end":{"line":58,"column":null}},"22":{"start":{"line":58,"column":42},"end":{"line":58,"column":null}},"23":{"start":{"line":59,"column":4},"end":{"line":59,"column":null}},"24":{"start":{"line":60,"column":4},"end":{"line":60,"column":null}},"25":{"start":{"line":67,"column":4},"end":{"line":69,"column":null}},"26":{"start":{"line":68,"column":6},"end":{"line":68,"column":null}},"27":{"start":{"line":70,"column":4},"end":{"line":73,"column":null}},"28":{"start":{"line":71,"column":6},"end":{"line":71,"column":null}},"29":{"start":{"line":72,"column":6},"end":{"line":72,"column":null}},"30":{"start":{"line":81,"column":4},"end":{"line":81,"column":null}},"31":{"start":{"line":81,"column":24},"end":{"line":81,"column":null}},"32":{"start":{"line":82,"column":4},"end":{"line":82,"column":null}},"33":{"start":{"line":82,"column":63},"end":{"line":82,"column":null}},"34":{"start":{"line":84,"column":4},"end":{"line":84,"column":null}},"35":{"start":{"line":85,"column":18},"end":{"line":85,"column":null}},"36":{"start":{"line":87,"column":4},"end":{"line":195,"column":null}},"37":{"start":{"line":88,"column":33},"end":{"line":88,"column":null}},"38":{"start":{"line":89,"column":6},"end":{"line":89,"column":null}},"39":{"start":{"line":89,"column":17},"end":{"line":89,"column":null}},"40":{"start":{"line":91,"column":6},"end":{"line":91,"column":null}},"41":{"start":{"line":93,"column":6},"end":{"line":186,"column":null}},"42":{"start":{"line":94,"column":22},"end":{"line":94,"column":null}},"43":{"start":{"line":97,"column":31},"end":{"line":100,"column":null}},"44":{"start":{"line":102,"column":8},"end":{"line":102,"column":null}},"45":{"start":{"line":102,"column":41},"end":{"line":102,"column":null}},"46":{"start":{"line":104,"column":8},"end":{"line":185,"column":null}},"47":{"start":{"line":106,"column":60},"end":{"line":110,"column":null}},"48":{"start":{"line":112,"column":10},"end":{"line":134,"column":null}},"49":{"start":{"line":113,"column":31},"end":{"line":113,"column":null}},"50":{"start":{"line":114,"column":31},"end":{"line":114,"column":null}},"51":{"start":{"line":117,"column":12},"end":{"line":133,"column":null}},"52":{"start":{"line":118,"column":14},"end":{"line":118,"column":null}},"53":{"start":{"line":119,"column":67},"end":{"line":123,"column":null}},"54":{"start":{"line":125,"column":14},"end":{"line":131,"column":null}},"55":{"start":{"line":126,"column":16},"end":{"line":130,"column":null}},"56":{"start":{"line":132,"column":14},"end":{"line":132,"column":null}},"57":{"start":{"line":138,"column":60},"end":{"line":138,"column":null}},"58":{"start":{"line":139,"column":10},"end":{"line":139,"column":null}},"59":{"start":{"line":140,"column":10},"end":{"line":140,"column":null}},"60":{"start":{"line":141,"column":10},"end":{"line":141,"column":null}},"61":{"start":{"line":142,"column":10},"end":{"line":142,"column":null}},"62":{"start":{"line":145,"column":10},"end":{"line":149,"column":null}},"63":{"start":{"line":146,"column":12},"end":{"line":148,"column":null}},"64":{"start":{"line":147,"column":14},"end":{"line":147,"column":null}},"65":{"start":{"line":151,"column":10},"end":{"line":165,"column":null}},"66":{"start":{"line":153,"column":43},"end":{"line":156,"column":null}},"67":{"start":{"line":158,"column":12},"end":{"line":163,"column":null}},"68":{"start":{"line":159,"column":14},"end":{"line":159,"column":null}},"69":{"start":{"line":161,"column":14},"end":{"line":161,"column":null}},"70":{"start":{"line":162,"column":14},"end":{"line":162,"column":null}},"71":{"start":{"line":164,"column":12},"end":{"line":164,"column":null}},"72":{"start":{"line":167,"column":41},"end":{"line":174,"column":null}},"73":{"start":{"line":176,"column":10},"end":{"line":184,"column":null}},"74":{"start":{"line":177,"column":12},"end":{"line":180,"column":null}},"75":{"start":{"line":182,"column":12},"end":{"line":182,"column":null}},"76":{"start":{"line":183,"column":12},"end":{"line":183,"column":null}},"77":{"start":{"line":188,"column":6},"end":{"line":188,"column":null}},"78":{"start":{"line":189,"column":6},"end":{"line":189,"column":null}},"79":{"start":{"line":191,"column":6},"end":{"line":191,"column":null}},"80":{"start":{"line":192,"column":6},"end":{"line":192,"column":null}},"81":{"start":{"line":194,"column":6},"end":{"line":194,"column":null}},"82":{"start":{"line":203,"column":4},"end":{"line":203,"column":null}},"83":{"start":{"line":203,"column":24},"end":{"line":203,"column":null}},"84":{"start":{"line":204,"column":4},"end":{"line":204,"column":null}},"85":{"start":{"line":204,"column":63},"end":{"line":204,"column":null}},"86":{"start":{"line":206,"column":4},"end":{"line":206,"column":null}},"87":{"start":{"line":207,"column":18},"end":{"line":207,"column":null}},"88":{"start":{"line":209,"column":4},"end":{"line":258,"column":null}},"89":{"start":{"line":210,"column":33},"end":{"line":210,"column":null}},"90":{"start":{"line":211,"column":6},"end":{"line":211,"column":null}},"91":{"start":{"line":211,"column":17},"end":{"line":211,"column":null}},"92":{"start":{"line":213,"column":6},"end":{"line":251,"column":null}},"93":{"start":{"line":214,"column":22},"end":{"line":214,"column":null}},"94":{"start":{"line":216,"column":44},"end":{"line":219,"column":null}},"95":{"start":{"line":221,"column":8},"end":{"line":221,"column":null}},"96":{"start":{"line":221,"column":34},"end":{"line":221,"column":null}},"97":{"start":{"line":223,"column":8},"end":{"line":241,"column":null}},"98":{"start":{"line":224,"column":24},"end":{"line":224,"column":null}},"99":{"start":{"line":226,"column":10},"end":{"line":240,"column":null}},"100":{"start":{"line":228,"column":12},"end":{"line":228,"column":null}},"101":{"start":{"line":229,"column":10},"end":{"line":240,"column":null}},"102":{"start":{"line":231,"column":12},"end":{"line":231,"column":null}},"103":{"start":{"line":234,"column":31},"end":{"line":234,"column":null}},"104":{"start":{"line":235,"column":31},"end":{"line":235,"column":null}},"105":{"start":{"line":237,"column":12},"end":{"line":239,"column":null}},"106":{"start":{"line":238,"column":14},"end":{"line":238,"column":null}},"107":{"start":{"line":244,"column":28},"end":{"line":244,"column":null}},"108":{"start":{"line":245,"column":26},"end":{"line":245,"column":null}},"109":{"start":{"line":245,"column":54},"end":{"line":245,"column":58}},"110":{"start":{"line":247,"column":24},"end":{"line":247,"column":null}},"111":{"start":{"line":247,"column":48},"end":{"line":247,"column":68}},"112":{"start":{"line":248,"column":8},"end":{"line":250,"column":null}},"113":{"start":{"line":249,"column":10},"end":{"line":249,"column":null}},"114":{"start":{"line":249,"column":50},"end":{"line":249,"column":54}},"115":{"start":{"line":253,"column":6},"end":{"line":253,"column":null}},"116":{"start":{"line":255,"column":6},"end":{"line":255,"column":null}},"117":{"start":{"line":257,"column":6},"end":{"line":257,"column":null}}},"fnMap":{"0":{"name":"(anonymous_0)","decl":{"start":{"line":16,"column":2},"end":{"line":16,"column":16}},"loc":{"start":{"line":16,"column":16},"end":{"line":21,"column":null}},"line":16},"1":{"name":"(anonymous_1)","decl":{"start":{"line":23,"column":16},"end":{"line":23,"column":30}},"loc":{"start":{"line":23,"column":30},"end":{"line":28,"column":null}},"line":23},"2":{"name":"(anonymous_2)","decl":{"start":{"line":30,"column":16},"end":{"line":30,"column":33}},"loc":{"start":{"line":30,"column":33},"end":{"line":32,"column":null}},"line":30},"3":{"name":"(anonymous_3)","decl":{"start":{"line":34,"column":10},"end":{"line":34,"column":17}},"loc":{"start":{"line":34,"column":17},"end":{"line":44,"column":null}},"line":34},"4":{"name":"(anonymous_4)","decl":{"start":{"line":36,"column":40},"end":{"line":36,"column":46}},"loc":{"start":{"line":36,"column":46},"end":{"line":36,"column":60}},"line":36},"5":{"name":"(anonymous_5)","decl":{"start":{"line":37,"column":52},"end":{"line":37,"column":58}},"loc":{"start":{"line":37,"column":58},"end":{"line":39,"column":7}},"line":37},"6":{"name":"(anonymous_6)","decl":{"start":{"line":42,"column":18},"end":{"line":42,"column":24}},"loc":{"start":{"line":42,"column":24},"end":{"line":42,"column":40}},"line":42},"7":{"name":"(anonymous_7)","decl":{"start":{"line":46,"column":10},"end":{"line":46,"column":22}},"loc":{"start":{"line":46,"column":22},"end":{"line":52,"column":null}},"line":46},"8":{"name":"(anonymous_8)","decl":{"start":{"line":57,"column":15},"end":{"line":57,"column":25}},"loc":{"start":{"line":57,"column":25},"end":{"line":61,"column":null}},"line":57},"9":{"name":"(anonymous_9)","decl":{"start":{"line":66,"column":9},"end":{"line":66,"column":23}},"loc":{"start":{"line":66,"column":23},"end":{"line":74,"column":null}},"line":66},"10":{"name":"(anonymous_10)","decl":{"start":{"line":70,"column":33},"end":{"line":70,"column":39}},"loc":{"start":{"line":70,"column":39},"end":{"line":73,"column":7}},"line":70},"11":{"name":"(anonymous_11)","decl":{"start":{"line":80,"column":15},"end":{"line":80,"column":34}},"loc":{"start":{"line":80,"column":34},"end":{"line":196,"column":null}},"line":80},"12":{"name":"(anonymous_12)","decl":{"start":{"line":145,"column":39},"end":{"line":145,"column":46}},"loc":{"start":{"line":145,"column":46},"end":{"line":149,"column":11}},"line":145},"13":{"name":"(anonymous_13)","decl":{"start":{"line":202,"column":15},"end":{"line":202,"column":32}},"loc":{"start":{"line":202,"column":32},"end":{"line":259,"column":null}},"line":202},"14":{"name":"(anonymous_14)","decl":{"start":{"line":245,"column":49},"end":{"line":245,"column":54}},"loc":{"start":{"line":245,"column":54},"end":{"line":245,"column":58}},"line":245},"15":{"name":"(anonymous_15)","decl":{"start":{"line":247,"column":43},"end":{"line":247,"column":48}},"loc":{"start":{"line":247,"column":48},"end":{"line":247,"column":68}},"line":247},"16":{"name":"(anonymous_16)","decl":{"start":{"line":249,"column":45},"end":{"line":249,"column":50}},"loc":{"start":{"line":249,"column":50},"end":{"line":249,"column":54}},"line":249}},"branchMap":{"0":{"loc":{"start":{"line":18,"column":4},"end":{"line":20,"column":null}},"type":"if","locations":[{"start":{"line":18,"column":4},"end":{"line":20,"column":null}},{"start":{},"end":{}}],"line":18},"1":{"loc":{"start":{"line":24,"column":4},"end":{"line":26,"column":null}},"type":"if","locations":[{"start":{"line":24,"column":4},"end":{"line":26,"column":null}},{"start":{},"end":{}}],"line":24},"2":{"loc":{"start":{"line":35,"column":4},"end":{"line":43,"column":null}},"type":"if","locations":[{"start":{"line":35,"column":4},"end":{"line":43,"column":null}},{"start":{},"end":{}}],"line":35},"3":{"loc":{"start":{"line":38,"column":8},"end":{"line":38,"column":null}},"type":"if","locations":[{"start":{"line":38,"column":8},"end":{"line":38,"column":null}},{"start":{},"end":{}}],"line":38},"4":{"loc":{"start":{"line":58,"column":4},"end":{"line":58,"column":null}},"type":"if","locations":[{"start":{"line":58,"column":4},"end":{"line":58,"column":null}},{"start":{},"end":{}}],"line":58},"5":{"loc":{"start":{"line":58,"column":8},"end":{"line":58,"column":42}},"type":"binary-expr","locations":[{"start":{"line":58,"column":8},"end":{"line":58,"column":26}},{"start":{"line":58,"column":26},"end":{"line":58,"column":42}}],"line":58},"6":{"loc":{"start":{"line":67,"column":4},"end":{"line":69,"column":null}},"type":"if","locations":[{"start":{"line":67,"column":4},"end":{"line":69,"column":null}},{"start":{},"end":{}}],"line":67},"7":{"loc":{"start":{"line":81,"column":4},"end":{"line":81,"column":null}},"type":"if","locations":[{"start":{"line":81,"column":4},"end":{"line":81,"column":null}},{"start":{},"end":{}}],"line":81},"8":{"loc":{"start":{"line":82,"column":4},"end":{"line":82,"column":null}},"type":"if","locations":[{"start":{"line":82,"column":4},"end":{"line":82,"column":null}},{"start":{},"end":{}}],"line":82},"9":{"loc":{"start":{"line":82,"column":8},"end":{"line":82,"column":63}},"type":"binary-expr","locations":[{"start":{"line":82,"column":8},"end":{"line":82,"column":44}},{"start":{"line":82,"column":44},"end":{"line":82,"column":63}}],"line":82},"10":{"loc":{"start":{"line":89,"column":6},"end":{"line":89,"column":null}},"type":"if","locations":[{"start":{"line":89,"column":6},"end":{"line":89,"column":null}},{"start":{},"end":{}}],"line":89},"11":{"loc":{"start":{"line":102,"column":8},"end":{"line":102,"column":null}},"type":"if","locations":[{"start":{"line":102,"column":8},"end":{"line":102,"column":null}},{"start":{},"end":{}}],"line":102},"12":{"loc":{"start":{"line":112,"column":10},"end":{"line":134,"column":null}},"type":"if","locations":[{"start":{"line":112,"column":10},"end":{"line":134,"column":null}},{"start":{},"end":{}}],"line":112},"13":{"loc":{"start":{"line":112,"column":14},"end":{"line":112,"column":43}},"type":"binary-expr","locations":[{"start":{"line":112,"column":14},"end":{"line":112,"column":29}},{"start":{"line":112,"column":29},"end":{"line":112,"column":43}}],"line":112},"14":{"loc":{"start":{"line":117,"column":12},"end":{"line":133,"column":null}},"type":"if","locations":[{"start":{"line":117,"column":12},"end":{"line":133,"column":null}},{"start":{},"end":{}}],"line":117},"15":{"loc":{"start":{"line":125,"column":14},"end":{"line":131,"column":null}},"type":"if","locations":[{"start":{"line":125,"column":14},"end":{"line":131,"column":null}},{"start":{},"end":{}}],"line":125},"16":{"loc":{"start":{"line":125,"column":18},"end":{"line":125,"column":50}},"type":"binary-expr","locations":[{"start":{"line":125,"column":18},"end":{"line":125,"column":32}},{"start":{"line":125,"column":32},"end":{"line":125,"column":50}}],"line":125},"17":{"loc":{"start":{"line":146,"column":12},"end":{"line":148,"column":null}},"type":"if","locations":[{"start":{"line":146,"column":12},"end":{"line":148,"column":null}},{"start":{},"end":{}}],"line":146},"18":{"loc":{"start":{"line":146,"column":16},"end":{"line":146,"column":60}},"type":"binary-expr","locations":[{"start":{"line":146,"column":16},"end":{"line":146,"column":39}},{"start":{"line":146,"column":39},"end":{"line":146,"column":60}}],"line":146},"19":{"loc":{"start":{"line":151,"column":10},"end":{"line":165,"column":null}},"type":"if","locations":[{"start":{"line":151,"column":10},"end":{"line":165,"column":null}},{"start":{},"end":{}}],"line":151},"20":{"loc":{"start":{"line":158,"column":12},"end":{"line":163,"column":null}},"type":"if","locations":[{"start":{"line":158,"column":12},"end":{"line":163,"column":null}},{"start":{"line":160,"column":19},"end":{"line":163,"column":null}}],"line":158},"21":{"loc":{"start":{"line":176,"column":10},"end":{"line":184,"column":null}},"type":"if","locations":[{"start":{"line":176,"column":10},"end":{"line":184,"column":null}},{"start":{"line":181,"column":17},"end":{"line":184,"column":null}}],"line":176},"22":{"loc":{"start":{"line":203,"column":4},"end":{"line":203,"column":null}},"type":"if","locations":[{"start":{"line":203,"column":4},"end":{"line":203,"column":null}},{"start":{},"end":{}}],"line":203},"23":{"loc":{"start":{"line":204,"column":4},"end":{"line":204,"column":null}},"type":"if","locations":[{"start":{"line":204,"column":4},"end":{"line":204,"column":null}},{"start":{},"end":{}}],"line":204},"24":{"loc":{"start":{"line":204,"column":8},"end":{"line":204,"column":63}},"type":"binary-expr","locations":[{"start":{"line":204,"column":8},"end":{"line":204,"column":44}},{"start":{"line":204,"column":44},"end":{"line":204,"column":63}}],"line":204},"25":{"loc":{"start":{"line":211,"column":6},"end":{"line":211,"column":null}},"type":"if","locations":[{"start":{"line":211,"column":6},"end":{"line":211,"column":null}},{"start":{},"end":{}}],"line":211},"26":{"loc":{"start":{"line":221,"column":8},"end":{"line":221,"column":null}},"type":"if","locations":[{"start":{"line":221,"column":8},"end":{"line":221,"column":null}},{"start":{},"end":{}}],"line":221},"27":{"loc":{"start":{"line":221,"column":12},"end":{"line":221,"column":34}},"type":"binary-expr","locations":[{"start":{"line":221,"column":12},"end":{"line":221,"column":21}},{"start":{"line":221,"column":21},"end":{"line":221,"column":34}}],"line":221},"28":{"loc":{"start":{"line":226,"column":10},"end":{"line":240,"column":null}},"type":"if","locations":[{"start":{"line":226,"column":10},"end":{"line":240,"column":null}},{"start":{"line":229,"column":10},"end":{"line":240,"column":null}}],"line":226},"29":{"loc":{"start":{"line":229,"column":10},"end":{"line":240,"column":null}},"type":"if","locations":[{"start":{"line":229,"column":10},"end":{"line":240,"column":null}},{"start":{"line":232,"column":17},"end":{"line":240,"column":null}}],"line":229},"30":{"loc":{"start":{"line":237,"column":12},"end":{"line":239,"column":null}},"type":"if","locations":[{"start":{"line":237,"column":12},"end":{"line":239,"column":null}},{"start":{},"end":{}}],"line":237},"31":{"loc":{"start":{"line":248,"column":8},"end":{"line":250,"column":null}},"type":"if","locations":[{"start":{"line":248,"column":8},"end":{"line":250,"column":null}},{"start":{},"end":{}}],"line":248}},"s":{"0":1,"1":1,"2":1,"3":1,"4":1,"5":0,"6":0,"7":0,"8":0,"9":0,"10":0,"11":0,"12":0,"13":0,"14":0,"15":0,"16":0,"17":0,"18":0,"19":0,"20":0,"21":0,"22":0,"23":0,"24":0,"25":0,"26":0,"27":0,"28":0,"29":0,"30":0,"31":0,"32":0,"33":0,"34":0,"35":0,"36":0,"37":0,"38":0,"39":0,"40":0,"41":0,"42":0,"43":0,"44":0,"45":0,"46":0,"47":0,"48":0,"49":0,"50":0,"51":0,"52":0,"53":0,"54":0,"55":0,"56":0,"57":0,"58":0,"59":0,"60":0,"61":0,"62":0,"63":0,"64":0,"65":0,"66":0,"67":0,"68":0,"69":0,"70":0,"71":0,"72":0,"73":0,"74":0,"75":0,"76":0,"77":0,"78":0,"79":0,"80":0,"81":0,"82":0,"83":0,"84":0,"85":0,"86":0,"87":0,"88":0,"89":0,"90":0,"91":0,"92":0,"93":0,"94":0,"95":0,"96":0,"97":0,"98":0,"99":0,"100":0,"101":0,"102":0,"103":0,"104":0,"105":0,"106":0,"107":0,"108":0,"109":0,"110":0,"111":0,"112":0,"113":0,"114":0,"115":0,"116":0,"117":0},"f":{"0":1,"1":1,"2":1,"3":0,"4":0,"5":0,"6":0,"7":0,"8":0,"9":0,"10":0,"11":0,"12":0,"13":0,"14":0,"15":0,"16":0},"b":{"0":[0,1],"1":[0,0],"2":[0,0],"3":[0,0],"4":[0,0],"5":[0,0],"6":[0,0],"7":[0,0],"8":[0,0],"9":[0,0],"10":[0,0],"11":[0,0],"12":[0,0],"13":[0,0],"14":[0,0],"15":[0,0],"16":[0,0],"17":[0,0],"18":[0,0],"19":[0,0],"20":[0,0],"21":[0,0],"22":[0,0],"23":[0,0],"24":[0,0],"25":[0,0],"26":[0,0],"27":[0,0],"28":[0,0],"29":[0,0],"30":[0,0],"31":[0,0]},"meta":{"lastBranch":32,"lastFunction":17,"lastStatement":118,"seen":{"s:12:22:12:Infinity":0,"s:13:22:13:Infinity":1,"s:14:61:14:Infinity":2,"f:16:2:16:16":0,"s:17:4:17:Infinity":3,"b:18:4:20:Infinity:undefined:undefined:undefined:undefined":0,"s:18:4:20:Infinity":4,"s:19:6:19:Infinity":5,"f:23:16:23:30":1,"b:24:4:26:Infinity:undefined:undefined:undefined:undefined":1,"s:24:4:26:Infinity":6,"s:25:6:25:Infinity":7,"s:27:4:27:Infinity":8,"f:30:16:30:33":2,"s:31:4:31:Infinity":9,"f:34:10:34:17":3,"b:35:4:43:Infinity:undefined:undefined:undefined:undefined":2,"s:35:4:43:Infinity":10,"s:36:6:36:Infinity":11,"f:36:40:36:46":4,"s:36:46:36:60":12,"s:37:6:39:Infinity":13,"f:37:52:37:58":5,"b:38:8:38:Infinity:undefined:undefined:undefined:undefined":3,"s:38:8:38:Infinity":14,"s:38:52:38:Infinity":15,"s:42:6:42:Infinity":16,"f:42:18:42:24":6,"s:42:24:42:40":17,"f:46:10:46:22":7,"s:47:4:51:Infinity":18,"s:48:6:48:Infinity":19,"s:50:6:50:Infinity":20,"f:57:15:57:25":8,"b:58:4:58:Infinity:undefined:undefined:undefined:undefined":4,"s:58:4:58:Infinity":21,"b:58:8:58:26:58:26:58:42":5,"s:58:42:58:Infinity":22,"s:59:4:59:Infinity":23,"s:60:4:60:Infinity":24,"f:66:9:66:23":9,"b:67:4:69:Infinity:undefined:undefined:undefined:undefined":6,"s:67:4:69:Infinity":25,"s:68:6:68:Infinity":26,"s:70:4:73:Infinity":27,"f:70:33:70:39":10,"s:71:6:71:Infinity":28,"s:72:6:72:Infinity":29,"f:80:15:80:34":11,"b:81:4:81:Infinity:undefined:undefined:undefined:undefined":7,"s:81:4:81:Infinity":30,"s:81:24:81:Infinity":31,"b:82:4:82:Infinity:undefined:undefined:undefined:undefined":8,"s:82:4:82:Infinity":32,"b:82:8:82:44:82:44:82:63":9,"s:82:63:82:Infinity":33,"s:84:4:84:Infinity":34,"s:85:18:85:Infinity":35,"s:87:4:195:Infinity":36,"s:88:33:88:Infinity":37,"b:89:6:89:Infinity:undefined:undefined:undefined:undefined":10,"s:89:6:89:Infinity":38,"s:89:17:89:Infinity":39,"s:91:6:91:Infinity":40,"s:93:6:186:Infinity":41,"s:94:22:94:Infinity":42,"s:97:31:100:Infinity":43,"b:102:8:102:Infinity:undefined:undefined:undefined:undefined":11,"s:102:8:102:Infinity":44,"s:102:41:102:Infinity":45,"s:104:8:185:Infinity":46,"s:106:60:110:Infinity":47,"b:112:10:134:Infinity:undefined:undefined:undefined:undefined":12,"s:112:10:134:Infinity":48,"b:112:14:112:29:112:29:112:43":13,"s:113:31:113:Infinity":49,"s:114:31:114:Infinity":50,"b:117:12:133:Infinity:undefined:undefined:undefined:undefined":14,"s:117:12:133:Infinity":51,"s:118:14:118:Infinity":52,"s:119:67:123:Infinity":53,"b:125:14:131:Infinity:undefined:undefined:undefined:undefined":15,"s:125:14:131:Infinity":54,"b:125:18:125:32:125:32:125:50":16,"s:126:16:130:Infinity":55,"s:132:14:132:Infinity":56,"s:138:60:138:Infinity":57,"s:139:10:139:Infinity":58,"s:140:10:140:Infinity":59,"s:141:10:141:Infinity":60,"s:142:10:142:Infinity":61,"s:145:10:149:Infinity":62,"f:145:39:145:46":12,"b:146:12:148:Infinity:undefined:undefined:undefined:undefined":17,"s:146:12:148:Infinity":63,"b:146:16:146:39:146:39:146:60":18,"s:147:14:147:Infinity":64,"b:151:10:165:Infinity:undefined:undefined:undefined:undefined":19,"s:151:10:165:Infinity":65,"s:153:43:156:Infinity":66,"b:158:12:163:Infinity:160:19:163:Infinity":20,"s:158:12:163:Infinity":67,"s:159:14:159:Infinity":68,"s:161:14:161:Infinity":69,"s:162:14:162:Infinity":70,"s:164:12:164:Infinity":71,"s:167:41:174:Infinity":72,"b:176:10:184:Infinity:181:17:184:Infinity":21,"s:176:10:184:Infinity":73,"s:177:12:180:Infinity":74,"s:182:12:182:Infinity":75,"s:183:12:183:Infinity":76,"s:188:6:188:Infinity":77,"s:189:6:189:Infinity":78,"s:191:6:191:Infinity":79,"s:192:6:192:Infinity":80,"s:194:6:194:Infinity":81,"f:202:15:202:32":13,"b:203:4:203:Infinity:undefined:undefined:undefined:undefined":22,"s:203:4:203:Infinity":82,"s:203:24:203:Infinity":83,"b:204:4:204:Infinity:undefined:undefined:undefined:undefined":23,"s:204:4:204:Infinity":84,"b:204:8:204:44:204:44:204:63":24,"s:204:63:204:Infinity":85,"s:206:4:206:Infinity":86,"s:207:18:207:Infinity":87,"s:209:4:258:Infinity":88,"s:210:33:210:Infinity":89,"b:211:6:211:Infinity:undefined:undefined:undefined:undefined":25,"s:211:6:211:Infinity":90,"s:211:17:211:Infinity":91,"s:213:6:251:Infinity":92,"s:214:22:214:Infinity":93,"s:216:44:219:Infinity":94,"b:221:8:221:Infinity:undefined:undefined:undefined:undefined":26,"s:221:8:221:Infinity":95,"b:221:12:221:21:221:21:221:34":27,"s:221:34:221:Infinity":96,"s:223:8:241:Infinity":97,"s:224:24:224:Infinity":98,"b:226:10:240:Infinity:229:10:240:Infinity":28,"s:226:10:240:Infinity":99,"s:228:12:228:Infinity":100,"b:229:10:240:Infinity:232:17:240:Infinity":29,"s:229:10:240:Infinity":101,"s:231:12:231:Infinity":102,"s:234:31:234:Infinity":103,"s:235:31:235:Infinity":104,"b:237:12:239:Infinity:undefined:undefined:undefined:undefined":30,"s:237:12:239:Infinity":105,"s:238:14:238:Infinity":106,"s:244:28:244:Infinity":107,"s:245:26:245:Infinity":108,"f:245:49:245:54":14,"s:245:54:245:58":109,"s:247:24:247:Infinity":110,"f:247:43:247:48":15,"s:247:48:247:68":111,"b:248:8:250:Infinity:undefined:undefined:undefined:undefined":31,"s:248:8:250:Infinity":112,"s:249:10:249:Infinity":113,"f:249:45:249:50":16,"s:249:50:249:54":114,"s:253:6:253:Infinity":115,"s:255:6:255:Infinity":116,"s:257:6:257:Infinity":117}}}
,"D:\\software\\divi\\divi-app\\src\\core\\sync\\syncConfig.ts": {"path":"D:\\software\\divi\\divi-app\\src\\core\\sync\\syncConfig.ts","statementMap":{"0":{"start":{"line":5,"column":31},"end":{"line":14,"column":null}}},"fnMap":{},"branchMap":{},"s":{"0":1},"f":{},"b":{},"meta":{"lastBranch":0,"lastFunction":0,"lastStatement":1,"seen":{"s:5:31:14:Infinity":0}}}
,"D:\\software\\divi\\divi-app\\src\\core\\sync\\syncStore.ts": {"path":"D:\\software\\divi\\divi-app\\src\\core\\sync\\syncStore.ts","statementMap":{"0":{"start":{"line":13,"column":13},"end":{"line":63,"column":null}},"1":{"start":{"line":14,"column":16},"end":{"line":23,"column":null}},"2":{"start":{"line":26,"column":6},"end":{"line":26,"column":null}},"3":{"start":{"line":29,"column":6},"end":{"line":29,"column":null}},"4":{"start":{"line":32,"column":6},"end":{"line":32,"column":null}},"5":{"start":{"line":35,"column":6},"end":{"line":35,"column":null}},"6":{"start":{"line":38,"column":6},"end":{"line":38,"column":null}},"7":{"start":{"line":41,"column":6},"end":{"line":41,"column":null}},"8":{"start":{"line":42,"column":6},"end":{"line":42,"column":null}},"9":{"start":{"line":45,"column":6},"end":{"line":45,"column":null}},"10":{"start":{"line":48,"column":30},"end":{"line":52,"column":null}},"11":{"start":{"line":53,"column":6},"end":{"line":53,"column":null}},"12":{"start":{"line":55,"column":6},"end":{"line":57,"column":null}},"13":{"start":{"line":56,"column":8},"end":{"line":56,"column":null}},"14":{"start":{"line":60,"column":6},"end":{"line":60,"column":null}}},"fnMap":{"0":{"name":"(anonymous_0)","decl":{"start":{"line":14,"column":9},"end":{"line":14,"column":16}},"loc":{"start":{"line":14,"column":16},"end":{"line":23,"column":null}},"line":14},"1":{"name":"(anonymous_1)","decl":{"start":{"line":25,"column":4},"end":{"line":25,"column":19}},"loc":{"start":{"line":25,"column":19},"end":{"line":27,"column":null}},"line":25},"2":{"name":"(anonymous_2)","decl":{"start":{"line":28,"column":4},"end":{"line":28,"column":14}},"loc":{"start":{"line":28,"column":34},"end":{"line":30,"column":null}},"line":28},"3":{"name":"(anonymous_3)","decl":{"start":{"line":31,"column":4},"end":{"line":31,"column":20}},"loc":{"start":{"line":31,"column":34},"end":{"line":33,"column":null}},"line":31},"4":{"name":"(anonymous_4)","decl":{"start":{"line":34,"column":4},"end":{"line":34,"column":20}},"loc":{"start":{"line":34,"column":35},"end":{"line":36,"column":null}},"line":34},"5":{"name":"(anonymous_5)","decl":{"start":{"line":37,"column":4},"end":{"line":37,"column":23}},"loc":{"start":{"line":37,"column":38},"end":{"line":39,"column":null}},"line":37},"6":{"name":"(anonymous_6)","decl":{"start":{"line":40,"column":4},"end":{"line":40,"column":20}},"loc":{"start":{"line":40,"column":39},"end":{"line":43,"column":null}},"line":40},"7":{"name":"(anonymous_7)","decl":{"start":{"line":44,"column":4},"end":{"line":44,"column":13}},"loc":{"start":{"line":44,"column":35},"end":{"line":46,"column":null}},"line":44},"8":{"name":"(anonymous_8)","decl":{"start":{"line":47,"column":4},"end":{"line":47,"column":11}},"loc":{"start":{"line":47,"column":51},"end":{"line":58,"column":null}},"line":47},"9":{"name":"(anonymous_9)","decl":{"start":{"line":59,"column":4},"end":{"line":59,"column":16}},"loc":{"start":{"line":59,"column":16},"end":{"line":61,"column":null}},"line":59}},"branchMap":{"0":{"loc":{"start":{"line":19,"column":14},"end":{"line":19,"column":null}},"type":"cond-expr","locations":[{"start":{"line":19,"column":49},"end":{"line":19,"column":68}},{"start":{"line":19,"column":68},"end":{"line":19,"column":null}}],"line":19},"1":{"loc":{"start":{"line":42,"column":20},"end":{"line":42,"column":null}},"type":"cond-expr","locations":[{"start":{"line":42,"column":32},"end":{"line":42,"column":80}},{"start":{"line":42,"column":80},"end":{"line":42,"column":null}}],"line":42},"2":{"loc":{"start":{"line":42,"column":32},"end":{"line":42,"column":80}},"type":"cond-expr","locations":[{"start":{"line":42,"column":56},"end":{"line":42,"column":68}},{"start":{"line":42,"column":68},"end":{"line":42,"column":80}}],"line":42},"3":{"loc":{"start":{"line":55,"column":6},"end":{"line":57,"column":null}},"type":"if","locations":[{"start":{"line":55,"column":6},"end":{"line":57,"column":null}},{"start":{},"end":{}}],"line":55}},"s":{"0":2,"1":3,"2":0,"3":0,"4":0,"5":0,"6":0,"7":0,"8":0,"9":0,"10":0,"11":0,"12":0,"13":0,"14":0},"f":{"0":3,"1":0,"2":0,"3":0,"4":0,"5":0,"6":0,"7":0,"8":0,"9":0},"b":{"0":[3,0],"1":[0,0],"2":[0,0],"3":[0,0]},"meta":{"lastBranch":4,"lastFunction":10,"lastStatement":15,"seen":{"s:13:13:63:Infinity":0,"f:14:9:14:16":0,"s:14:16:23:Infinity":1,"b:19:49:19:68:19:68:19:Infinity":0,"f:25:4:25:19":1,"s:26:6:26:Infinity":2,"f:28:4:28:14":2,"s:29:6:29:Infinity":3,"f:31:4:31:20":3,"s:32:6:32:Infinity":4,"f:34:4:34:20":4,"s:35:6:35:Infinity":5,"f:37:4:37:23":5,"s:38:6:38:Infinity":6,"f:40:4:40:20":6,"s:41:6:41:Infinity":7,"s:42:6:42:Infinity":8,"b:42:32:42:80:42:80:42:Infinity":1,"b:42:56:42:68:42:68:42:80":2,"f:44:4:44:13":7,"s:45:6:45:Infinity":9,"f:47:4:47:11":8,"s:48:30:52:Infinity":10,"s:53:6:53:Infinity":11,"b:55:6:57:Infinity:undefined:undefined:undefined:undefined":3,"s:55:6:57:Infinity":12,"s:56:8:56:Infinity":13,"f:59:4:59:16":9,"s:60:6:60:Infinity":14}}}
,"D:\\software\\divi\\divi-app\\src\\modules\\activity-log\\application\\services\\ActivityLogService.ts": {"path":"D:\\software\\divi\\divi-app\\src\\modules\\activity-log\\application\\services\\ActivityLogService.ts","statementMap":{"0":{"start":{"line":7,"column":17},"end":{"line":7,"column":null}},"1":{"start":{"line":8,"column":4},"end":{"line":8,"column":null}},"2":{"start":{"line":12,"column":34},"end":{"line":16,"column":null}},"3":{"start":{"line":17,"column":4},"end":{"line":17,"column":null}}},"fnMap":{"0":{"name":"(anonymous_0)","decl":{"start":{"line":6,"column":8},"end":{"line":6,"column":51}},"loc":{"start":{"line":6,"column":51},"end":{"line":9,"column":null}},"line":6},"1":{"name":"(anonymous_1)","decl":{"start":{"line":11,"column":8},"end":{"line":11,"column":20}},"loc":{"start":{"line":11,"column":81},"end":{"line":18,"column":null}},"line":11}},"branchMap":{},"s":{"0":0,"1":0,"2":1,"3":1},"f":{"0":0,"1":1},"b":{},"meta":{"lastBranch":0,"lastFunction":2,"lastStatement":4,"seen":{"f:6:8:6:51":0,"s:7:17:7:Infinity":0,"s:8:4:8:Infinity":1,"f:11:8:11:20":1,"s:12:34:16:Infinity":2,"s:17:4:17:Infinity":3}}}
,"D:\\software\\divi\\divi-app\\src\\modules\\auth\\application\\authStore.ts": {"path":"D:\\software\\divi\\divi-app\\src\\modules\\auth\\application\\authStore.ts","statementMap":{"0":{"start":{"line":6,"column":13},"end":{"line":39,"column":null}},"1":{"start":{"line":7,"column":8},"end":{"line":7,"column":null}},"2":{"start":{"line":9,"column":8},"end":{"line":9,"column":null}},"3":{"start":{"line":9,"column":41},"end":{"line":9,"column":60}},"4":{"start":{"line":12,"column":4},"end":{"line":12,"column":null}},"5":{"start":{"line":16,"column":4},"end":{"line":16,"column":null}},"6":{"start":{"line":21,"column":24},"end":{"line":21,"column":null}},"7":{"start":{"line":22,"column":4},"end":{"line":24,"column":null}},"8":{"start":{"line":23,"column":6},"end":{"line":23,"column":null}},"9":{"start":{"line":27,"column":4},"end":{"line":29,"column":null}},"10":{"start":{"line":28,"column":6},"end":{"line":28,"column":null}},"11":{"start":{"line":32,"column":2},"end":{"line":38,"column":null}}},"fnMap":{"0":{"name":"(anonymous_0)","decl":{"start":{"line":6,"column":48},"end":{"line":6,"column":54}},"loc":{"start":{"line":6,"column":54},"end":{"line":39,"column":1}},"line":6},"1":{"name":"(anonymous_1)","decl":{"start":{"line":9,"column":35},"end":{"line":9,"column":41}},"loc":{"start":{"line":9,"column":41},"end":{"line":9,"column":60}},"line":9},"2":{"name":"setUser","decl":{"start":{"line":11,"column":11},"end":{"line":11,"column":19}},"loc":{"start":{"line":11,"column":34},"end":{"line":13,"column":null}},"line":11},"3":{"name":"clearUser","decl":{"start":{"line":15,"column":11},"end":{"line":15,"column":23}},"loc":{"start":{"line":15,"column":23},"end":{"line":17,"column":null}},"line":15},"4":{"name":"initialize","decl":{"start":{"line":19,"column":17},"end":{"line":19,"column":28}},"loc":{"start":{"line":19,"column":55},"end":{"line":30,"column":null}},"line":19},"5":{"name":"(anonymous_5)","decl":{"start":{"line":27,"column":34},"end":{"line":27,"column":35}},"loc":{"start":{"line":27,"column":60},"end":{"line":29,"column":5}},"line":27}},"branchMap":{"0":{"loc":{"start":{"line":22,"column":4},"end":{"line":24,"column":null}},"type":"if","locations":[{"start":{"line":22,"column":4},"end":{"line":24,"column":null}},{"start":{},"end":{}}],"line":22}},"s":{"0":1,"1":2,"2":2,"3":0,"4":0,"5":0,"6":0,"7":0,"8":0,"9":0,"10":0,"11":2},"f":{"0":2,"1":0,"2":0,"3":0,"4":0,"5":0},"b":{"0":[0,0]},"meta":{"lastBranch":1,"lastFunction":6,"lastStatement":12,"seen":{"s:6:13:39:Infinity":0,"f:6:48:6:54":0,"s:7:8:7:Infinity":1,"s:9:8:9:Infinity":2,"f:9:35:9:41":1,"s:9:41:9:60":3,"f:11:11:11:19":2,"s:12:4:12:Infinity":4,"f:15:11:15:23":3,"s:16:4:16:Infinity":5,"f:19:17:19:28":4,"s:21:24:21:Infinity":6,"b:22:4:24:Infinity:undefined:undefined:undefined:undefined":0,"s:22:4:24:Infinity":7,"s:23:6:23:Infinity":8,"s:27:4:29:Infinity":9,"f:27:34:27:35":5,"s:28:6:28:Infinity":10,"s:32:2:38:Infinity":11}}}
,"D:\\software\\divi\\divi-app\\src\\modules\\auth\\infrastructure\\services\\SupabaseAuthService.ts": {"path":"D:\\software\\divi\\divi-app\\src\\modules\\auth\\infrastructure\\services\\SupabaseAuthService.ts","statementMap":{"0":{"start":{"line":8,"column":24},"end":{"line":8,"column":null}},"1":{"start":{"line":9,"column":22},"end":{"line":14,"column":null}},"2":{"start":{"line":16,"column":4},"end":{"line":16,"column":null}},"3":{"start":{"line":16,"column":15},"end":{"line":16,"column":null}},"4":{"start":{"line":21,"column":55},"end":{"line":21,"column":null}},"5":{"start":{"line":23,"column":4},"end":{"line":23,"column":null}},"6":{"start":{"line":23,"column":34},"end":{"line":23,"column":null}},"7":{"start":{"line":26,"column":4},"end":{"line":28,"column":null}},"8":{"start":{"line":27,"column":6},"end":{"line":27,"column":null}},"9":{"start":{"line":32,"column":15},"end":{"line":32,"column":null}},"10":{"start":{"line":34,"column":4},"end":{"line":43,"column":null}},"11":{"start":{"line":35,"column":6},"end":{"line":42,"column":null}},"12":{"start":{"line":36,"column":67},"end":{"line":36,"column":null}},"13":{"start":{"line":37,"column":8},"end":{"line":39,"column":null}},"14":{"start":{"line":38,"column":10},"end":{"line":38,"column":null}},"15":{"start":{"line":41,"column":8},"end":{"line":41,"column":null}},"16":{"start":{"line":45,"column":4},"end":{"line":50,"column":null}},"17":{"start":{"line":54,"column":22},"end":{"line":57,"column":null}},"18":{"start":{"line":59,"column":4},"end":{"line":59,"column":null}},"19":{"start":{"line":59,"column":15},"end":{"line":59,"column":null}},"20":{"start":{"line":63,"column":22},"end":{"line":66,"column":null}},"21":{"start":{"line":68,"column":4},"end":{"line":68,"column":null}},"22":{"start":{"line":68,"column":15},"end":{"line":68,"column":null}},"23":{"start":{"line":72,"column":4},"end":{"line":85,"column":null}},"24":{"start":{"line":73,"column":6},"end":{"line":76,"column":null}},"25":{"start":{"line":74,"column":8},"end":{"line":74,"column":null}},"26":{"start":{"line":75,"column":8},"end":{"line":75,"column":null}},"27":{"start":{"line":78,"column":19},"end":{"line":78,"column":null}},"28":{"start":{"line":79,"column":6},"end":{"line":84,"column":null}},"29":{"start":{"line":89,"column":22},"end":{"line":89,"column":null}},"30":{"start":{"line":90,"column":4},"end":{"line":90,"column":null}},"31":{"start":{"line":90,"column":15},"end":{"line":90,"column":null}}},"fnMap":{"0":{"name":"(anonymous_0)","decl":{"start":{"line":7,"column":8},"end":{"line":7,"column":42}},"loc":{"start":{"line":7,"column":42},"end":{"line":17,"column":null}},"line":7},"1":{"name":"(anonymous_1)","decl":{"start":{"line":19,"column":8},"end":{"line":19,"column":47}},"loc":{"start":{"line":19,"column":47},"end":{"line":51,"column":null}},"line":19},"2":{"name":"(anonymous_2)","decl":{"start":{"line":53,"column":8},"end":{"line":53,"column":24}},"loc":{"start":{"line":53,"column":65},"end":{"line":60,"column":null}},"line":53},"3":{"name":"(anonymous_3)","decl":{"start":{"line":62,"column":8},"end":{"line":62,"column":26}},"loc":{"start":{"line":62,"column":67},"end":{"line":69,"column":null}},"line":62},"4":{"name":"(anonymous_4)","decl":{"start":{"line":71,"column":2},"end":{"line":71,"column":20}},"loc":{"start":{"line":71,"column":65},"end":{"line":86,"column":null}},"line":71},"5":{"name":"(anonymous_5)","decl":{"start":{"line":72,"column":36},"end":{"line":72,"column":37}},"loc":{"start":{"line":72,"column":57},"end":{"line":85,"column":5}},"line":72},"6":{"name":"(anonymous_6)","decl":{"start":{"line":88,"column":8},"end":{"line":88,"column":33}},"loc":{"start":{"line":88,"column":33},"end":{"line":91,"column":null}},"line":88}},"branchMap":{"0":{"loc":{"start":{"line":8,"column":24},"end":{"line":8,"column":null}},"type":"binary-expr","locations":[{"start":{"line":8,"column":24},"end":{"line":8,"column":66}},{"start":{"line":8,"column":66},"end":{"line":8,"column":null}}],"line":8},"1":{"loc":{"start":{"line":16,"column":4},"end":{"line":16,"column":null}},"type":"if","locations":[{"start":{"line":16,"column":4},"end":{"line":16,"column":null}},{"start":{},"end":{}}],"line":16},"2":{"loc":{"start":{"line":23,"column":4},"end":{"line":23,"column":null}},"type":"if","locations":[{"start":{"line":23,"column":4},"end":{"line":23,"column":null}},{"start":{},"end":{}}],"line":23},"3":{"loc":{"start":{"line":23,"column":8},"end":{"line":23,"column":34}},"type":"binary-expr","locations":[{"start":{"line":23,"column":8},"end":{"line":23,"column":24}},{"start":{"line":23,"column":24},"end":{"line":23,"column":34}}],"line":23},"4":{"loc":{"start":{"line":26,"column":4},"end":{"line":28,"column":null}},"type":"if","locations":[{"start":{"line":26,"column":4},"end":{"line":28,"column":null}},{"start":{},"end":{}}],"line":26},"5":{"loc":{"start":{"line":26,"column":8},"end":{"line":26,"column":88}},"type":"binary-expr","locations":[{"start":{"line":26,"column":8},"end":{"line":26,"column":41}},{"start":{"line":26,"column":41},"end":{"line":26,"column":88}}],"line":26},"6":{"loc":{"start":{"line":34,"column":4},"end":{"line":43,"column":null}},"type":"if","locations":[{"start":{"line":34,"column":4},"end":{"line":43,"column":null}},{"start":{},"end":{}}],"line":34},"7":{"loc":{"start":{"line":34,"column":8},"end":{"line":34,"column":62}},"type":"binary-expr","locations":[{"start":{"line":34,"column":8},"end":{"line":34,"column":44}},{"start":{"line":34,"column":44},"end":{"line":34,"column":62}}],"line":34},"8":{"loc":{"start":{"line":37,"column":8},"end":{"line":39,"column":null}},"type":"if","locations":[{"start":{"line":37,"column":8},"end":{"line":39,"column":null}},{"start":{},"end":{}}],"line":37},"9":{"loc":{"start":{"line":37,"column":12},"end":{"line":37,"column":40}},"type":"binary-expr","locations":[{"start":{"line":37,"column":12},"end":{"line":37,"column":26}},{"start":{"line":37,"column":26},"end":{"line":37,"column":40}}],"line":37},"10":{"loc":{"start":{"line":59,"column":4},"end":{"line":59,"column":null}},"type":"if","locations":[{"start":{"line":59,"column":4},"end":{"line":59,"column":null}},{"start":{},"end":{}}],"line":59},"11":{"loc":{"start":{"line":68,"column":4},"end":{"line":68,"column":null}},"type":"if","locations":[{"start":{"line":68,"column":4},"end":{"line":68,"column":null}},{"start":{},"end":{}}],"line":68},"12":{"loc":{"start":{"line":73,"column":6},"end":{"line":76,"column":null}},"type":"if","locations":[{"start":{"line":73,"column":6},"end":{"line":76,"column":null}},{"start":{},"end":{}}],"line":73},"13":{"loc":{"start":{"line":90,"column":4},"end":{"line":90,"column":null}},"type":"if","locations":[{"start":{"line":90,"column":4},"end":{"line":90,"column":null}},{"start":{},"end":{}}],"line":90}},"s":{"0":0,"1":0,"2":0,"3":0,"4":0,"5":0,"6":0,"7":0,"8":0,"9":0,"10":0,"11":0,"12":0,"13":0,"14":0,"15":0,"16":0,"17":0,"18":0,"19":0,"20":0,"21":0,"22":0,"23":0,"24":0,"25":0,"26":0,"27":0,"28":0,"29":0,"30":0,"31":0},"f":{"0":0,"1":0,"2":0,"3":0,"4":0,"5":0,"6":0},"b":{"0":[0,0],"1":[0,0],"2":[0,0],"3":[0,0],"4":[0,0],"5":[0,0],"6":[0,0],"7":[0,0],"8":[0,0],"9":[0,0],"10":[0,0],"11":[0,0],"12":[0,0],"13":[0,0]},"meta":{"lastBranch":14,"lastFunction":7,"lastStatement":32,"seen":{"f:7:8:7:42":0,"s:8:24:8:Infinity":0,"b:8:24:8:66:8:66:8:Infinity":0,"s:9:22:14:Infinity":1,"b:16:4:16:Infinity:undefined:undefined:undefined:undefined":1,"s:16:4:16:Infinity":2,"s:16:15:16:Infinity":3,"f:19:8:19:47":1,"s:21:55:21:Infinity":4,"b:23:4:23:Infinity:undefined:undefined:undefined:undefined":2,"s:23:4:23:Infinity":5,"b:23:8:23:24:23:24:23:34":3,"s:23:34:23:Infinity":6,"b:26:4:28:Infinity:undefined:undefined:undefined:undefined":4,"s:26:4:28:Infinity":7,"b:26:8:26:41:26:41:26:88":5,"s:27:6:27:Infinity":8,"s:32:15:32:Infinity":9,"b:34:4:43:Infinity:undefined:undefined:undefined:undefined":6,"s:34:4:43:Infinity":10,"b:34:8:34:44:34:44:34:62":7,"s:35:6:42:Infinity":11,"s:36:67:36:Infinity":12,"b:37:8:39:Infinity:undefined:undefined:undefined:undefined":8,"s:37:8:39:Infinity":13,"b:37:12:37:26:37:26:37:40":9,"s:38:10:38:Infinity":14,"s:41:8:41:Infinity":15,"s:45:4:50:Infinity":16,"f:53:8:53:24":2,"s:54:22:57:Infinity":17,"b:59:4:59:Infinity:undefined:undefined:undefined:undefined":10,"s:59:4:59:Infinity":18,"s:59:15:59:Infinity":19,"f:62:8:62:26":3,"s:63:22:66:Infinity":20,"b:68:4:68:Infinity:undefined:undefined:undefined:undefined":11,"s:68:4:68:Infinity":21,"s:68:15:68:Infinity":22,"f:71:2:71:20":4,"s:72:4:85:Infinity":23,"f:72:36:72:37":5,"b:73:6:76:Infinity:undefined:undefined:undefined:undefined":12,"s:73:6:76:Infinity":24,"s:74:8:74:Infinity":25,"s:75:8:75:Infinity":26,"s:78:19:78:Infinity":27,"s:79:6:84:Infinity":28,"f:88:8:88:33":6,"s:89:22:89:Infinity":29,"b:90:4:90:Infinity:undefined:undefined:undefined:undefined":13,"s:90:4:90:Infinity":30,"s:90:15:90:Infinity":31}}}
,"D:\\software\\divi\\divi-app\\src\\modules\\budgets\\application\\services\\BudgetLogicService.ts": {"path":"D:\\software\\divi\\divi-app\\src\\modules\\budgets\\application\\services\\BudgetLogicService.ts","statementMap":{"0":{"start":{"line":11,"column":4},"end":{"line":11,"column":null}},"1":{"start":{"line":11,"column":28},"end":{"line":11,"column":null}},"2":{"start":{"line":12,"column":4},"end":{"line":12,"column":null}},"3":{"start":{"line":20,"column":24},"end":{"line":42,"column":null}},"4":{"start":{"line":23,"column":23},"end":{"line":23,"column":null}},"5":{"start":{"line":24,"column":26},"end":{"line":24,"column":null}},"6":{"start":{"line":25,"column":24},"end":{"line":25,"column":null}},"7":{"start":{"line":27,"column":8},"end":{"line":27,"column":null}},"8":{"start":{"line":27,"column":52},"end":{"line":27,"column":null}},"9":{"start":{"line":30,"column":8},"end":{"line":32,"column":null}},"10":{"start":{"line":31,"column":10},"end":{"line":31,"column":null}},"11":{"start":{"line":31,"column":59},"end":{"line":31,"column":null}},"12":{"start":{"line":35,"column":8},"end":{"line":37,"column":null}},"13":{"start":{"line":36,"column":10},"end":{"line":36,"column":null}},"14":{"start":{"line":36,"column":54},"end":{"line":36,"column":null}},"15":{"start":{"line":40,"column":8},"end":{"line":40,"column":null}},"16":{"start":{"line":42,"column":29},"end":{"line":42,"column":58}},"17":{"start":{"line":44,"column":4},"end":{"line":44,"column":null}},"18":{"start":{"line":51,"column":4},"end":{"line":51,"column":null}}},"fnMap":{"0":{"name":"(anonymous_0)","decl":{"start":{"line":10,"column":2},"end":{"line":10,"column":24}},"loc":{"start":{"line":10,"column":71},"end":{"line":13,"column":null}},"line":10},"1":{"name":"(anonymous_1)","decl":{"start":{"line":19,"column":2},"end":{"line":19,"column":23}},"loc":{"start":{"line":19,"column":76},"end":{"line":45,"column":null}},"line":19},"2":{"name":"(anonymous_2)","decl":{"start":{"line":21,"column":14},"end":{"line":21,"column":15}},"loc":{"start":{"line":21,"column":22},"end":{"line":41,"column":7}},"line":21},"3":{"name":"(anonymous_3)","decl":{"start":{"line":42,"column":14},"end":{"line":42,"column":15}},"loc":{"start":{"line":42,"column":29},"end":{"line":42,"column":58}},"line":42},"4":{"name":"(anonymous_4)","decl":{"start":{"line":50,"column":2},"end":{"line":50,"column":15}},"loc":{"start":{"line":50,"column":58},"end":{"line":52,"column":null}},"line":50}},"branchMap":{"0":{"loc":{"start":{"line":11,"column":4},"end":{"line":11,"column":null}},"type":"if","locations":[{"start":{"line":11,"column":4},"end":{"line":11,"column":null}},{"start":{},"end":{}}],"line":11},"1":{"loc":{"start":{"line":27,"column":8},"end":{"line":27,"column":null}},"type":"if","locations":[{"start":{"line":27,"column":8},"end":{"line":27,"column":null}},{"start":{},"end":{}}],"line":27},"2":{"loc":{"start":{"line":27,"column":12},"end":{"line":27,"column":52}},"type":"binary-expr","locations":[{"start":{"line":27,"column":12},"end":{"line":27,"column":34}},{"start":{"line":27,"column":34},"end":{"line":27,"column":52}}],"line":27},"3":{"loc":{"start":{"line":30,"column":8},"end":{"line":32,"column":null}},"type":"if","locations":[{"start":{"line":30,"column":8},"end":{"line":32,"column":null}},{"start":{},"end":{}}],"line":30},"4":{"loc":{"start":{"line":30,"column":12},"end":{"line":30,"column":63}},"type":"binary-expr","locations":[{"start":{"line":30,"column":12},"end":{"line":30,"column":33}},{"start":{"line":30,"column":33},"end":{"line":30,"column":63}}],"line":30},"5":{"loc":{"start":{"line":31,"column":10},"end":{"line":31,"column":null}},"type":"if","locations":[{"start":{"line":31,"column":10},"end":{"line":31,"column":null}},{"start":{},"end":{}}],"line":31},"6":{"loc":{"start":{"line":35,"column":8},"end":{"line":37,"column":null}},"type":"if","locations":[{"start":{"line":35,"column":8},"end":{"line":37,"column":null}},{"start":{},"end":{}}],"line":35},"7":{"loc":{"start":{"line":35,"column":12},"end":{"line":35,"column":57}},"type":"binary-expr","locations":[{"start":{"line":35,"column":12},"end":{"line":35,"column":30}},{"start":{"line":35,"column":30},"end":{"line":35,"column":57}}],"line":35},"8":{"loc":{"start":{"line":36,"column":10},"end":{"line":36,"column":null}},"type":"if","locations":[{"start":{"line":36,"column":10},"end":{"line":36,"column":null}},{"start":{},"end":{}}],"line":36}},"s":{"0":1,"1":0,"2":1,"3":1,"4":3,"5":3,"6":3,"7":3,"8":0,"9":3,"10":3,"11":1,"12":2,"13":0,"14":0,"15":2,"16":2,"17":1,"18":2},"f":{"0":1,"1":1,"2":3,"3":2,"4":2},"b":{"0":[0,1],"1":[0,3],"2":[3,3],"3":[3,0],"4":[3,3],"5":[1,2],"6":[0,2],"7":[2,0],"8":[0,0]},"meta":{"lastBranch":9,"lastFunction":5,"lastStatement":19,"seen":{"f:10:2:10:24":0,"b:11:4:11:Infinity:undefined:undefined:undefined:undefined":0,"s:11:4:11:Infinity":0,"s:11:28:11:Infinity":1,"s:12:4:12:Infinity":2,"f:19:2:19:23":1,"s:20:24:42:Infinity":3,"f:21:14:21:15":2,"s:23:23:23:Infinity":4,"s:24:26:24:Infinity":5,"s:25:24:25:Infinity":6,"b:27:8:27:Infinity:undefined:undefined:undefined:undefined":1,"s:27:8:27:Infinity":7,"b:27:12:27:34:27:34:27:52":2,"s:27:52:27:Infinity":8,"b:30:8:32:Infinity:undefined:undefined:undefined:undefined":3,"s:30:8:32:Infinity":9,"b:30:12:30:33:30:33:30:63":4,"b:31:10:31:Infinity:undefined:undefined:undefined:undefined":5,"s:31:10:31:Infinity":10,"s:31:59:31:Infinity":11,"b:35:8:37:Infinity:undefined:undefined:undefined:undefined":6,"s:35:8:37:Infinity":12,"b:35:12:35:30:35:30:35:57":7,"b:36:10:36:Infinity:undefined:undefined:undefined:undefined":8,"s:36:10:36:Infinity":13,"s:36:54:36:Infinity":14,"s:40:8:40:Infinity":15,"f:42:14:42:15":3,"s:42:29:42:58":16,"s:44:4:44:Infinity":17,"f:50:2:50:15":4,"s:51:4:51:Infinity":18}}}
,"D:\\software\\divi\\divi-app\\src\\modules\\budgets\\application\\stores\\budgetStore.ts": {"path":"D:\\software\\divi\\divi-app\\src\\modules\\budgets\\application\\stores\\budgetStore.ts","statementMap":{"0":{"start":{"line":11,"column":13},"end":{"line":72,"column":null}},"1":{"start":{"line":12,"column":21},"end":{"line":12,"column":null}},"2":{"start":{"line":13,"column":8},"end":{"line":13,"column":null}},"3":{"start":{"line":14,"column":8},"end":{"line":14,"column":null}},"4":{"start":{"line":16,"column":8},"end":{"line":16,"column":null}},"5":{"start":{"line":17,"column":8},"end":{"line":17,"column":null}},"6":{"start":{"line":18,"column":8},"end":{"line":18,"column":null}},"7":{"start":{"line":19,"column":48},"end":{"line":19,"column":null}},"8":{"start":{"line":22,"column":4},"end":{"line":22,"column":null}},"9":{"start":{"line":23,"column":4},"end":{"line":32,"column":null}},"10":{"start":{"line":25,"column":8},"end":{"line":25,"column":null}},"11":{"start":{"line":26,"column":8},"end":{"line":26,"column":null}},"12":{"start":{"line":29,"column":8},"end":{"line":29,"column":null}},"13":{"start":{"line":30,"column":8},"end":{"line":30,"column":null}},"14":{"start":{"line":36,"column":4},"end":{"line":36,"column":null}},"15":{"start":{"line":39,"column":22},"end":{"line":44,"column":null}},"16":{"start":{"line":41,"column":4},"end":{"line":43,"column":null}},"17":{"start":{"line":42,"column":19},"end":{"line":42,"column":69}},"18":{"start":{"line":43,"column":26},"end":{"line":43,"column":42}},"19":{"start":{"line":46,"column":8},"end":{"line":46,"column":null}},"20":{"start":{"line":46,"column":39},"end":{"line":46,"column":95}},"21":{"start":{"line":46,"column":72},"end":{"line":46,"column":93}},"22":{"start":{"line":47,"column":8},"end":{"line":47,"column":null}},"23":{"start":{"line":47,"column":39},"end":{"line":47,"column":96}},"24":{"start":{"line":47,"column":72},"end":{"line":47,"column":94}},"25":{"start":{"line":50,"column":4},"end":{"line":52,"column":null}},"26":{"start":{"line":51,"column":6},"end":{"line":51,"column":null}},"27":{"start":{"line":53,"column":4},"end":{"line":53,"column":null}},"28":{"start":{"line":57,"column":4},"end":{"line":57,"column":null}},"29":{"start":{"line":60,"column":2},"end":{"line":71,"column":null}}},"fnMap":{"0":{"name":"(anonymous_0)","decl":{"start":{"line":11,"column":53},"end":{"line":11,"column":59}},"loc":{"start":{"line":11,"column":59},"end":{"line":72,"column":1}},"line":11},"1":{"name":"initialize","decl":{"start":{"line":21,"column":11},"end":{"line":21,"column":24}},"loc":{"start":{"line":21,"column":24},"end":{"line":33,"column":null}},"line":21},"2":{"name":"(anonymous_2)","decl":{"start":{"line":24,"column":12},"end":{"line":24,"column":13}},"loc":{"start":{"line":24,"column":22},"end":{"line":27,"column":null}},"line":24},"3":{"name":"(anonymous_3)","decl":{"start":{"line":28,"column":13},"end":{"line":28,"column":14}},"loc":{"start":{"line":28,"column":22},"end":{"line":31,"column":null}},"line":28},"4":{"name":"dispose","decl":{"start":{"line":35,"column":11},"end":{"line":35,"column":21}},"loc":{"start":{"line":35,"column":21},"end":{"line":37,"column":null}},"line":35},"5":{"name":"(anonymous_5)","decl":{"start":{"line":39,"column":22},"end":{"line":39,"column":23}},"loc":{"start":{"line":39,"column":42},"end":{"line":44,"column":null}},"line":39},"6":{"name":"(anonymous_6)","decl":{"start":{"line":42,"column":14},"end":{"line":42,"column":19}},"loc":{"start":{"line":42,"column":19},"end":{"line":42,"column":69}},"line":42},"7":{"name":"(anonymous_7)","decl":{"start":{"line":43,"column":14},"end":{"line":43,"column":15}},"loc":{"start":{"line":43,"column":26},"end":{"line":43,"column":42}},"line":43},"8":{"name":"(anonymous_8)","decl":{"start":{"line":46,"column":33},"end":{"line":46,"column":39}},"loc":{"start":{"line":46,"column":39},"end":{"line":46,"column":95}},"line":46},"9":{"name":"(anonymous_9)","decl":{"start":{"line":46,"column":60},"end":{"line":46,"column":61}},"loc":{"start":{"line":46,"column":72},"end":{"line":46,"column":93}},"line":46},"10":{"name":"(anonymous_10)","decl":{"start":{"line":47,"column":33},"end":{"line":47,"column":39}},"loc":{"start":{"line":47,"column":39},"end":{"line":47,"column":96}},"line":47},"11":{"name":"(anonymous_11)","decl":{"start":{"line":47,"column":60},"end":{"line":47,"column":61}},"loc":{"start":{"line":47,"column":72},"end":{"line":47,"column":94}},"line":47},"12":{"name":"saveBudget","decl":{"start":{"line":49,"column":17},"end":{"line":49,"column":28}},"loc":{"start":{"line":49,"column":44},"end":{"line":54,"column":null}},"line":49},"13":{"name":"deleteBudget","decl":{"start":{"line":56,"column":17},"end":{"line":56,"column":30}},"loc":{"start":{"line":56,"column":42},"end":{"line":58,"column":null}},"line":56}},"branchMap":{"0":{"loc":{"start":{"line":42,"column":19},"end":{"line":42,"column":69}},"type":"binary-expr","locations":[{"start":{"line":42,"column":19},"end":{"line":42,"column":59}},{"start":{"line":42,"column":59},"end":{"line":42,"column":69}}],"line":42},"1":{"loc":{"start":{"line":50,"column":4},"end":{"line":52,"column":null}},"type":"if","locations":[{"start":{"line":50,"column":4},"end":{"line":52,"column":null}},{"start":{},"end":{}}],"line":50},"2":{"loc":{"start":{"line":50,"column":8},"end":{"line":50,"column":47}},"type":"binary-expr","locations":[{"start":{"line":50,"column":8},"end":{"line":50,"column":27}},{"start":{"line":50,"column":27},"end":{"line":50,"column":47}}],"line":50}},"s":{"0":3,"1":7,"2":7,"3":7,"4":7,"5":7,"6":7,"7":7,"8":2,"9":2,"10":2,"11":2,"12":0,"13":0,"14":2,"15":7,"16":4,"17":5,"18":3,"19":7,"20":0,"21":0,"22":7,"23":0,"24":0,"25":2,"26":1,"27":2,"28":1,"29":7},"f":{"0":7,"1":2,"2":2,"3":0,"4":2,"5":4,"6":5,"7":3,"8":0,"9":0,"10":0,"11":0,"12":2,"13":1},"b":{"0":[5,4],"1":[1,1],"2":[2,1]},"meta":{"lastBranch":3,"lastFunction":14,"lastStatement":30,"seen":{"s:11:13:72:Infinity":0,"f:11:53:11:59":0,"s:12:21:12:Infinity":1,"s:13:8:13:Infinity":2,"s:14:8:14:Infinity":3,"s:16:8:16:Infinity":4,"s:17:8:17:Infinity":5,"s:18:8:18:Infinity":6,"s:19:48:19:Infinity":7,"f:21:11:21:24":1,"s:22:4:22:Infinity":8,"s:23:4:32:Infinity":9,"f:24:12:24:13":2,"s:25:8:25:Infinity":10,"s:26:8:26:Infinity":11,"f:28:13:28:14":3,"s:29:8:29:Infinity":12,"s:30:8:30:Infinity":13,"f:35:11:35:21":4,"s:36:4:36:Infinity":14,"s:39:22:44:Infinity":15,"f:39:22:39:23":5,"s:41:4:43:Infinity":16,"f:42:14:42:19":6,"s:42:19:42:69":17,"b:42:19:42:59:42:59:42:69":0,"f:43:14:43:15":7,"s:43:26:43:42":18,"s:46:8:46:Infinity":19,"f:46:33:46:39":8,"s:46:39:46:95":20,"f:46:60:46:61":9,"s:46:72:46:93":21,"s:47:8:47:Infinity":22,"f:47:33:47:39":10,"s:47:39:47:96":23,"f:47:60:47:61":11,"s:47:72:47:94":24,"f:49:17:49:28":12,"b:50:4:52:Infinity:undefined:undefined:undefined:undefined":1,"s:50:4:52:Infinity":25,"b:50:8:50:27:50:27:50:47":2,"s:51:6:51:Infinity":26,"s:53:4:53:Infinity":27,"f:56:17:56:30":13,"s:57:4:57:Infinity":28,"s:60:2:71:Infinity":29}}}
,"D:\\software\\divi\\divi-app\\src\\modules\\budgets\\infrastructure\\repositories\\DexieBudgetRepository.ts": {"path":"D:\\software\\divi\\divi-app\\src\\modules\\budgets\\infrastructure\\repositories\\DexieBudgetRepository.ts","statementMap":{"0":{"start":{"line":10,"column":17},"end":{"line":12,"column":null}},"1":{"start":{"line":11,"column":19},"end":{"line":11,"column":29}},"2":{"start":{"line":13,"column":4},"end":{"line":13,"column":null}},"3":{"start":{"line":17,"column":4},"end":{"line":21,"column":null}},"4":{"start":{"line":18,"column":6},"end":{"line":20,"column":null}},"5":{"start":{"line":19,"column":21},"end":{"line":19,"column":31}},"6":{"start":{"line":25,"column":15},"end":{"line":25,"column":null}},"7":{"start":{"line":26,"column":25},"end":{"line":34,"column":null}},"8":{"start":{"line":35,"column":4},"end":{"line":35,"column":null}},"9":{"start":{"line":36,"column":4},"end":{"line":36,"column":null}},"10":{"start":{"line":40,"column":4},"end":{"line":44,"column":null}},"11":{"start":{"line":45,"column":4},"end":{"line":45,"column":null}}},"fnMap":{"0":{"name":"(anonymous_0)","decl":{"start":{"line":9,"column":8},"end":{"line":9,"column":42}},"loc":{"start":{"line":9,"column":42},"end":{"line":14,"column":null}},"line":9},"1":{"name":"(anonymous_1)","decl":{"start":{"line":11,"column":14},"end":{"line":11,"column":19}},"loc":{"start":{"line":11,"column":19},"end":{"line":11,"column":29}},"line":11},"2":{"name":"(anonymous_2)","decl":{"start":{"line":16,"column":2},"end":{"line":16,"column":35}},"loc":{"start":{"line":16,"column":35},"end":{"line":22,"column":null}},"line":16},"3":{"name":"(anonymous_3)","decl":{"start":{"line":17,"column":26},"end":{"line":17,"column":null}},"loc":{"start":{"line":18,"column":6},"end":{"line":20,"column":null}},"line":18},"4":{"name":"(anonymous_4)","decl":{"start":{"line":19,"column":16},"end":{"line":19,"column":21}},"loc":{"start":{"line":19,"column":21},"end":{"line":19,"column":31}},"line":19},"5":{"name":"(anonymous_5)","decl":{"start":{"line":24,"column":8},"end":{"line":24,"column":13}},"loc":{"start":{"line":24,"column":44},"end":{"line":37,"column":null}},"line":24},"6":{"name":"(anonymous_6)","decl":{"start":{"line":39,"column":8},"end":{"line":39,"column":15}},"loc":{"start":{"line":39,"column":42},"end":{"line":46,"column":null}},"line":39}},"branchMap":{"0":{"loc":{"start":{"line":25,"column":15},"end":{"line":25,"column":null}},"type":"binary-expr","locations":[{"start":{"line":25,"column":15},"end":{"line":25,"column":28}},{"start":{"line":25,"column":28},"end":{"line":25,"column":null}}],"line":25},"1":{"loc":{"start":{"line":29,"column":19},"end":{"line":29,"column":null}},"type":"binary-expr","locations":[{"start":{"line":29,"column":19},"end":{"line":29,"column":41}},{"start":{"line":29,"column":41},"end":{"line":29,"column":null}}],"line":29},"2":{"loc":{"start":{"line":30,"column":25},"end":{"line":30,"column":null}},"type":"binary-expr","locations":[{"start":{"line":30,"column":25},"end":{"line":30,"column":53}},{"start":{"line":30,"column":32},"end":{"line":30,"column":null}}],"line":30},"3":{"loc":{"start":{"line":31,"column":18},"end":{"line":31,"column":null}},"type":"binary-expr","locations":[{"start":{"line":31,"column":18},"end":{"line":31,"column":39}},{"start":{"line":31,"column":25},"end":{"line":31,"column":null}}],"line":31},"4":{"loc":{"start":{"line":33,"column":15},"end":{"line":33,"column":null}},"type":"binary-expr","locations":[{"start":{"line":33,"column":15},"end":{"line":33,"column":33}},{"start":{"line":33,"column":33},"end":{"line":33,"column":null}}],"line":33}},"s":{"0":1,"1":2,"2":1,"3":3,"4":4,"5":4,"6":6,"7":6,"8":6,"9":6,"10":2,"11":2},"f":{"0":1,"1":2,"2":3,"3":4,"4":4,"5":6,"6":2},"b":{"0":[6,0],"1":[6,6],"2":[6,6],"3":[6,6],"4":[6,6]},"meta":{"lastBranch":5,"lastFunction":7,"lastStatement":12,"seen":{"f:9:8:9:42":0,"s:10:17:12:Infinity":0,"f:11:14:11:19":1,"s:11:19:11:29":1,"s:13:4:13:Infinity":2,"f:16:2:16:35":2,"s:17:4:21:Infinity":3,"f:17:26:17:Infinity":3,"s:18:6:20:Infinity":4,"f:19:16:19:21":4,"s:19:21:19:31":5,"f:24:8:24:13":5,"s:25:15:25:Infinity":6,"b:25:15:25:28:25:28:25:Infinity":0,"s:26:25:34:Infinity":7,"b:29:19:29:41:29:41:29:Infinity":1,"b:30:25:30:53:30:32:30:Infinity":2,"b:31:18:31:39:31:25:31:Infinity":3,"b:33:15:33:33:33:33:33:Infinity":4,"s:35:4:35:Infinity":8,"s:36:4:36:Infinity":9,"f:39:8:39:15":6,"s:40:4:44:Infinity":10,"s:45:4:45:Infinity":11}}}
,"D:\\software\\divi\\divi-app\\src\\modules\\budgets\\ui\\components\\BudgetProgressBar.vue": {"path":"D:\\software\\divi\\divi-app\\src\\modules\\budgets\\ui\\components\\BudgetProgressBar.vue","statementMap":{"0":{"start":{"line":16,"column":14},"end":{"line":16,"column":null}},"1":{"start":{"line":21,"column":6},"end":{"line":21,"column":null}},"2":{"start":{"line":21,"column":36},"end":{"line":21,"column":61}},"3":{"start":{"line":22,"column":6},"end":{"line":22,"column":null}},"4":{"start":{"line":22,"column":35},"end":{"line":22,"column":67}},"5":{"start":{"line":23,"column":6},"end":{"line":23,"column":null}},"6":{"start":{"line":23,"column":41},"end":{"line":23,"column":72}},"7":{"start":{"line":25,"column":6},"end":{"line":30,"column":null}},"8":{"start":{"line":26,"column":2},"end":{"line":26,"column":null}},"9":{"start":{"line":26,"column":26},"end":{"line":26,"column":null}},"10":{"start":{"line":27,"column":2},"end":{"line":27,"column":null}},"11":{"start":{"line":27,"column":29},"end":{"line":27,"column":null}},"12":{"start":{"line":28,"column":2},"end":{"line":28,"column":null}},"13":{"start":{"line":28,"column":29},"end":{"line":28,"column":null}},"14":{"start":{"line":29,"column":2},"end":{"line":29,"column":null}},"15":{"start":{"line":2,"column":7},"end":{"line":2,"column":null}},"16":{"start":{"line":2,"column":2},"end":{"line":6,"column":null}}},"fnMap":{"0":{"name":"(anonymous_0)","decl":{"start":{"line":21,"column":30},"end":{"line":21,"column":36}},"loc":{"start":{"line":21,"column":36},"end":{"line":21,"column":61}},"line":21},"1":{"name":"(anonymous_1)","decl":{"start":{"line":22,"column":28},"end":{"line":22,"column":35}},"loc":{"start":{"line":22,"column":35},"end":{"line":22,"column":67}},"line":22},"2":{"name":"(anonymous_2)","decl":{"start":{"line":23,"column":35},"end":{"line":23,"column":41}},"loc":{"start":{"line":23,"column":41},"end":{"line":23,"column":72}},"line":23},"3":{"name":"(anonymous_3)","decl":{"start":{"line":25,"column":24},"end":{"line":25,"column":40}},"loc":{"start":{"line":25,"column":40},"end":{"line":30,"column":1}},"line":25}},"branchMap":{"0":{"loc":{"start":{"line":26,"column":2},"end":{"line":26,"column":null}},"type":"if","locations":[{"start":{"line":26,"column":2},"end":{"line":26,"column":null}},{"start":{},"end":{}}],"line":26},"1":{"loc":{"start":{"line":27,"column":2},"end":{"line":27,"column":null}},"type":"if","locations":[{"start":{"line":27,"column":2},"end":{"line":27,"column":null}},{"start":{},"end":{}}],"line":27},"2":{"loc":{"start":{"line":28,"column":2},"end":{"line":28,"column":null}},"type":"if","locations":[{"start":{"line":28,"column":2},"end":{"line":28,"column":null}},{"start":{},"end":{}}],"line":28}},"s":{"0":3,"1":3,"2":3,"3":3,"4":3,"5":3,"6":3,"7":3,"8":3,"9":1,"10":2,"11":0,"12":2,"13":2,"14":1,"15":1,"16":3},"f":{"0":3,"1":3,"2":3,"3":3},"b":{"0":[1,2],"1":[0,2],"2":[1,1]},"meta":{"lastBranch":3,"lastFunction":4,"lastStatement":17,"seen":{"s:16:14:16:Infinity":0,"s:21:6:21:Infinity":1,"f:21:30:21:36":0,"s:21:36:21:61":2,"s:22:6:22:Infinity":3,"f:22:28:22:35":1,"s:22:35:22:67":4,"s:23:6:23:Infinity":5,"f:23:35:23:41":2,"s:23:41:23:72":6,"s:25:6:30:Infinity":7,"f:25:24:25:40":3,"b:26:2:26:Infinity:undefined:undefined:undefined:undefined":0,"s:26:2:26:Infinity":8,"s:26:26:26:Infinity":9,"b:27:2:27:Infinity:undefined:undefined:undefined:undefined":1,"s:27:2:27:Infinity":10,"s:27:29:27:Infinity":11,"b:28:2:28:Infinity:undefined:undefined:undefined:undefined":2,"s:28:2:28:Infinity":12,"s:28:29:28:Infinity":13,"s:29:2:29:Infinity":14,"s:2:7:2:Infinity":15,"s:2:2:6:Infinity":16}}}
,"D:\\software\\divi\\divi-app\\src\\modules\\budgets\\ui\\views\\BudgetsView.vue": {"path":"D:\\software\\divi\\divi-app\\src\\modules\\budgets\\ui\\views\\BudgetsView.vue","statementMap":{"0":{"start":{"line":235,"column":6},"end":{"line":235,"column":null}},"1":{"start":{"line":236,"column":6},"end":{"line":236,"column":null}},"2":{"start":{"line":237,"column":6},"end":{"line":237,"column":null}},"3":{"start":{"line":238,"column":6},"end":{"line":238,"column":null}},"4":{"start":{"line":240,"column":6},"end":{"line":247,"column":null}},"5":{"start":{"line":241,"column":2},"end":{"line":241,"column":null}},"6":{"start":{"line":241,"column":26},"end":{"line":241,"column":null}},"7":{"start":{"line":242,"column":16},"end":{"line":242,"column":null}},"8":{"start":{"line":243,"column":2},"end":{"line":246,"column":null}},"9":{"start":{"line":244,"column":17},"end":{"line":244,"column":null}},"10":{"start":{"line":245,"column":4},"end":{"line":245,"column":null}},"11":{"start":{"line":249,"column":6},"end":{"line":251,"column":null}},"12":{"start":{"line":250,"column":2},"end":{"line":250,"column":null}},"13":{"start":{"line":253,"column":0},"end":{"line":262,"column":null}},"14":{"start":{"line":254,"column":2},"end":{"line":257,"column":null}},"15":{"start":{"line":255,"column":16},"end":{"line":255,"column":null}},"16":{"start":{"line":256,"column":4},"end":{"line":256,"column":null}},"17":{"start":{"line":258,"column":2},"end":{"line":260,"column":null}},"18":{"start":{"line":259,"column":4},"end":{"line":259,"column":null}},"19":{"start":{"line":261,"column":2},"end":{"line":261,"column":null}},"20":{"start":{"line":264,"column":0},"end":{"line":266,"column":null}},"21":{"start":{"line":265,"column":2},"end":{"line":265,"column":null}},"22":{"start":{"line":10,"column":11},"end":{"line":10,"column":null}},"23":{"start":{"line":22,"column":9},"end":{"line":22,"column":null}},"24":{"start":{"line":24,"column":12},"end":{"line":24,"column":null}},"25":{"start":{"line":64,"column":10},"end":{"line":64,"column":null}},"26":{"start":{"line":85,"column":13},"end":{"line":85,"column":68}},"27":{"start":{"line":106,"column":52},"end":{"line":106,"column":null}},"28":{"start":{"line":117,"column":13},"end":{"line":117,"column":null}},"29":{"start":{"line":121,"column":15},"end":{"line":121,"column":null}},"30":{"start":{"line":146,"column":14},"end":{"line":146,"column":null}},"31":{"start":{"line":2,"column":2},"end":{"line":210,"column":20}},"32":{"start":{"line":19,"column":12},"end":{"line":18,"column":21}},"33":{"start":{"line":15,"column":18},"end":{"line":15,"column":null}},"34":{"start":{"line":18,"column":8},"end":{"line":18,"column":21}},"35":{"start":{"line":216,"column":10},"end":{"line":210,"column":20}},"36":{"start":{"line":27,"column":19},"end":{"line":27,"column":null}},"37":{"start":{"line":89,"column":20},"end":{"line":89,"column":null}},"38":{"start":{"line":92,"column":10},"end":{"line":92,"column":23}},"39":{"start":{"line":107,"column":10},"end":{"line":111,"column":null}},"40":{"start":{"line":120,"column":39},"end":{"line":120,"column":null}},"41":{"start":{"line":193,"column":16},"end":{"line":191,"column":20}},"42":{"start":{"line":198,"column":45},"end":{"line":198,"column":null}},"43":{"start":{"line":213,"column":16},"end":{"line":210,"column":20}}},"fnMap":{"0":{"name":"(anonymous_0)","decl":{"start":{"line":240,"column":33},"end":{"line":240,"column":39}},"loc":{"start":{"line":240,"column":39},"end":{"line":247,"column":1}},"line":240},"1":{"name":"(anonymous_1)","decl":{"start":{"line":243,"column":30},"end":{"line":243,"column":31}},"loc":{"start":{"line":243,"column":37},"end":{"line":246,"column":3}},"line":243},"2":{"name":"(anonymous_2)","decl":{"start":{"line":249,"column":37},"end":{"line":249,"column":43}},"loc":{"start":{"line":249,"column":43},"end":{"line":251,"column":1}},"line":249},"3":{"name":"(anonymous_3)","decl":{"start":{"line":253,"column":10},"end":{"line":253,"column":22}},"loc":{"start":{"line":253,"column":22},"end":{"line":262,"column":1}},"line":253},"4":{"name":"(anonymous_4)","decl":{"start":{"line":264,"column":12},"end":{"line":264,"column":18}},"loc":{"start":{"line":264,"column":18},"end":{"line":266,"column":1}},"line":264},"5":{"name":"(anonymous_5)","decl":{"start":{"line":10,"column":6},"end":{"line":10,"column":11}},"loc":{"start":{"line":19,"column":12},"end":{"line":18,"column":21}},"line":19},"6":{"name":"(anonymous_6)","decl":{"start":{"line":15,"column":16},"end":{"line":15,"column":18}},"loc":{"start":{"line":15,"column":18},"end":{"line":15,"column":null}},"line":15},"7":{"name":"(anonymous_7)","decl":{"start":{"line":16,"column":9},"end":{"line":16,"column":null}},"loc":{"start":{"line":18,"column":8},"end":{"line":18,"column":21}},"line":18},"8":{"name":"(anonymous_8)","decl":{"start":{"line":22,"column":4},"end":{"line":22,"column":9}},"loc":{"start":{"line":216,"column":10},"end":{"line":210,"column":20}},"line":216},"9":{"name":"(anonymous_9)","decl":{"start":{"line":27,"column":25},"end":{"line":27,"column":36}},"loc":{"start":{"line":27,"column":19},"end":{"line":27,"column":null}},"line":27},"10":{"name":"(anonymous_10)","decl":{"start":{"line":89,"column":18},"end":{"line":89,"column":20}},"loc":{"start":{"line":89,"column":20},"end":{"line":89,"column":null}},"line":89},"11":{"name":"(anonymous_11)","decl":{"start":{"line":90,"column":11},"end":{"line":90,"column":null}
[...]
l}},"11":{"start":{"line":43,"column":31},"end":{"line":43,"column":null}},"12":{"start":{"line":45,"column":2},"end":{"line":45,"column":null}},"13":{"start":{"line":2,"column":7},"end":{"line":2,"column":null}},"14":{"start":{"line":2,"column":2},"end":{"line":12,"column":133}},"15":{"start":{"line":12,"column":133},"end":{"line":12,"column":133}}},"fnMap":{"0":{"name":"(anonymous_0)","decl":{"start":{"line":37,"column":26},"end":{"line":37,"column":32}},"loc":{"start":{"line":37,"column":32},"end":{"line":46,"column":1}},"line":37},"1":{"name":"(anonymous_1)","decl":{"start":{"line":12,"column":8},"end":{"line":12,"column":13}},"loc":{"start":{"line":12,"column":133},"end":{"line":12,"column":133}},"line":12}},"branchMap":{"0":{"loc":{"start":{"line":38,"column":2},"end":{"line":38,"column":null}},"type":"if","locations":[{"start":{"line":38,"column":2},"end":{"line":38,"column":null}},{"start":{},"end":{}}],"line":38},"1":{"loc":{"start":{"line":40,"column":2},"end":{"line":40,"column":null}},"type":"if","locations":[{"start":{"line":40,"column":2},"end":{"line":40,"column":null}},{"start":{},"end":{}}],"line":40},"2":{"loc":{"start":{"line":40,"column":6},"end":{"line":40,"column":54}},"type":"binary-expr","locations":[{"start":{"line":40,"column":6},"end":{"line":40,"column":28}},{"start":{"line":40,"column":28},"end":{"line":40,"column":54}}],"line":40},"3":{"loc":{"start":{"line":41,"column":2},"end":{"line":41,"column":null}},"type":"if","locations":[{"start":{"line":41,"column":2},"end":{"line":41,"column":null}},{"start":{},"end":{}}],"line":41},"4":{"loc":{"start":{"line":42,"column":2},"end":{"line":42,"column":null}},"type":"if","locations":[{"start":{"line":42,"column":2},"end":{"line":42,"column":null}},{"start":{},"end":{}}],"line":42},"5":{"loc":{"start":{"line":43,"column":2},"end":{"line":43,"column":null}},"type":"if","locations":[{"start":{"line":43,"column":2},"end":{"line":43,"column":null}},{"start":{},"end":{}}],"line":43},"6":{"loc":{"start":{"line":12,"column":133},"end":{"line":12,"column":133}},"type":"binary-expr","locations":[{"start":{"line":12,"column":133},"end":{"line":12,"column":null}},{"start":{"line":12,"column":133},"end":{"line":12,"column":133}}],"line":12}},"s":{"0":3,"1":3,"2":3,"3":0,"4":3,"5":1,"6":2,"7":2,"8":1,"9":1,"10":0,"11":0,"12":0,"13":1,"14":3,"15":0},"f":{"0":3,"1":0},"b":{"0":[0,3],"1":[1,2],"2":[3,2],"3":[1,1],"4":[1,0],"5":[0,0],"6":[0,0]},"meta":{"lastBranch":7,"lastFunction":2,"lastStatement":16,"seen":{"s:23:14:23:Infinity":0,"s:37:6:46:Infinity":1,"f:37:26:37:32":0,"b:38:2:38:Infinity:undefined:undefined:undefined:undefined":0,"s:38:2:38:Infinity":2,"s:38:19:38:Infinity":3,"b:40:2:40:Infinity:undefined:undefined:undefined:undefined":1,"s:40:2:40:Infinity":4,"b:40:6:40:28:40:28:40:54":2,"s:40:54:40:Infinity":5,"b:41:2:41:Infinity:undefined:undefined:undefined:undefined":3,"s:41:2:41:Infinity":6,"s:41:34:41:Infinity":7,"b:42:2:42:Infinity:undefined:undefined:undefined:undefined":4,"s:42:2:42:Infinity":8,"s:42:34:42:Infinity":9,"b:43:2:43:Infinity:undefined:undefined:undefined:undefined":5,"s:43:2:43:Infinity":10,"s:43:31:43:Infinity":11,"s:45:2:45:Infinity":12,"s:2:7:2:Infinity":13,"s:2:2:12:133":14,"f:12:8:12:13":1,"s:12:133:12:133":15,"b:12:133:12:Infinity:12:133:12:133":6}}}
,"D:\\software\\divi\\divi-app\\src\\shared\\components\\atoms\\BaseSkeleton.vue": {"path":"D:\\software\\divi\\divi-app\\src\\shared\\components\\atoms\\BaseSkeleton.vue","statementMap":{"0":{"start":{"line":2,"column":2},"end":{"line":7,"column":null}}},"fnMap":{},"branchMap":{"0":{"loc":{"start":{"line":5,"column":19},"end":{"line":5,"column":null}},"type":"cond-expr","locations":[{"start":{"line":5,"column":26},"end":{"line":5,"column":null}},{"start":{"line":5,"column":26},"end":{"line":5,"column":null}}],"line":5}},"s":{"0":0},"f":{},"b":{"0":[0,0]},"meta":{"lastBranch":1,"lastFunction":0,"lastStatement":1,"seen":{"s:2:2:7:Infinity":0,"b:5:26:5:Infinity:5:26:5:Infinity":0}}}
,"D:\\software\\divi\\divi-app\\src\\shared\\components\\molecules\\BaseSummaryItem.vue": {"path":"D:\\software\\divi\\divi-app\\src\\shared\\components\\molecules\\BaseSummaryItem.vue","statementMap":{"0":{"start":{"line":49,"column":14},"end":{"line":49,"column":null}},"1":{"start":{"line":62,"column":6},"end":{"line":75,"column":null}},"2":{"start":{"line":63,"column":2},"end":{"line":74,"column":null}},"3":{"start":{"line":65,"column":6},"end":{"line":65,"column":null}},"4":{"start":{"line":67,"column":6},"end":{"line":67,"column":null}},"5":{"start":{"line":69,"column":6},"end":{"line":69,"column":null}},"6":{"start":{"line":71,"column":6},"end":{"line":71,"column":null}},"7":{"start":{"line":73,"column":6},"end":{"line":73,"column":null}},"8":{"start":{"line":18,"column":9},"end":{"line":18,"column":null}},"9":{"start":{"line":20,"column":8},"end":{"line":20,"column":null}},"10":{"start":{"line":2,"column":2},"end":{"line":34,"column":null}},"11":{"start":{"line":14,"column":13},"end":{"line":13,"column":null}}},"fnMap":{"0":{"name":"(anonymous_0)","decl":{"start":{"line":62,"column":29},"end":{"line":62,"column":35}},"loc":{"start":{"line":62,"column":35},"end":{"line":75,"column":1}},"line":62},"1":{"name":"(anonymous_1)","decl":{"start":{"line":12,"column":6},"end":{"line":12,"column":null}},"loc":{"start":{"line":14,"column":13},"end":{"line":13,"column":null}},"line":14}},"branchMap":{"0":{"loc":{"start":{"line":63,"column":2},"end":{"line":74,"column":null}},"type":"switch","locations":[{"start":{"line":64,"column":4},"end":{"line":65,"column":null}},{"start":{"line":66,"column":4},"end":{"line":67,"column":null}},{"start":{"line":68,"column":4},"end":{"line":69,"column":null}},{"start":{"line":70,"column":4},"end":{"line":71,"column":null}},{"start":{"line":72,"column":4},"end":{"line":73,"column":null}}],"line":63},"1":{"loc":{"start":{"line":8,"column":14},"end":{"line":8,"column":null}},"type":"cond-expr","locations":[{"start":{"line":8,"column":19},"end":{"line":8,"column":32}},{"start":{"line":8,"column":32},"end":{"line":8,"column":null}}],"line":8},"2":{"loc":{"start":{"line":13,"column":17},"end":{"line":13,"column":null}},"type":"cond-expr","locations":[{"start":{"line":13,"column":17},"end":{"line":13,"column":null}},{"start":{"line":13,"column":69},"end":{"line":13,"column":null}}],"line":13},"3":{"loc":{"start":{"line":22,"column":11},"end":{"line":22,"column":42}},"type":"cond-expr","locations":[{"start":{"line":22,"column":16},"end":{"line":22,"column":37}},{"start":{"line":22,"column":37},"end":{"line":22,"column":42}}],"line":22},"4":{"loc":{"start":{"line":22,"column":42},"end":{"line":34,"column":null}},"type":"cond-expr","locations":[{"start":{"line":25,"column":15},"end":{"line":29,"column":null}},{"start":{"line":29,"column":16},"end":{"line":34,"column":null}}],"line":22}},"s":{"0":0,"1":0,"2":0,"3":0,"4":0,"5":0,"6":0,"7":0,"8":1,"9":1,"10":0,"11":0},"f":{"0":0,"1":0},"b":{"0":[0,0,0,0,0],"1":[0,0],"2":[0,0],"3":[0,0],"4":[0,0]},"meta":{"lastBranch":5,"lastFunction":2,"lastStatement":12,"seen":{"s:49:14:49:Infinity":0,"s:62:6:75:Infinity":1,"f:62:29:62:35":0,"b:64:4:65:Infinity:66:4:67:Infinity:68:4:69:Infinity:70:4:71:Infinity:72:4:73:Infinity":0,"s:63:2:74:Infinity":2,"s:65:6:65:Infinity":3,"s:67:6:67:Infinity":4,"s:69:6:69:Infinity":5,"s:71:6:71:Infinity":6,"s:73:6:73:Infinity":7,"s:18:9:18:Infinity":8,"s:20:8:20:Infinity":9,"s:2:2:34:Infinity":10,"b:8:19:8:32:8:32:8:Infinity":1,"f:12:6:12:Infinity":1,"s:14:13:13:Infinity":11,"b:13:17:13:Infinity:13:69:13:Infinity":2,"b:22:16:22:37:22:37:22:42":3,"b:25:15:29:Infinity:29:16:34:Infinity":4}}}
,"D:\\software\\divi\\divi-app\\src\\shared\\composables\\useIsMobile.ts": {"path":"D:\\software\\divi\\divi-app\\src\\shared\\composables\\useIsMobile.ts","statementMap":{"0":{"start":{"line":4,"column":2},"end":{"line":4,"column":null}}},"fnMap":{"0":{"name":"useIsMobile","decl":{"start":{"line":3,"column":16},"end":{"line":3,"column":30}},"loc":{"start":{"line":3,"column":30},"end":{"line":5,"column":null}},"line":3}},"branchMap":{},"s":{"0":2},"f":{"0":2},"b":{},"meta":{"lastBranch":0,"lastFunction":1,"lastStatement":1,"seen":{"f:3:16:3:30":0,"s:4:2:4:Infinity":0}}}
,"D:\\software\\divi\\divi-app\\src\\shared\\domain\\entities\\Asset.ts": {"path":"D:\\software\\divi\\divi-app\\src\\shared\\domain\\entities\\Asset.ts","statementMap":{"0":{"start":{"line":15,"column":28},"end":{"line":18,"column":null}}},"fnMap":{},"branchMap":{},"s":{"0":3},"f":{},"b":{},"meta":{"lastBranch":0,"lastFunction":0,"lastStatement":1,"seen":{"s:15:28:18:Infinity":0}}}
,"D:\\software\\divi\\divi-app\\src\\shared\\utils\\asset-loader.ts": {"path":"D:\\software\\divi\\divi-app\\src\\shared\\utils\\asset-loader.ts","statementMap":{"0":{"start":{"line":6,"column":22},"end":{"line":6,"column":64}},"1":{"start":{"line":9,"column":4},"end":{"line":9,"column":null}},"2":{"start":{"line":9,"column":14},"end":{"line":9,"column":null}},"3":{"start":{"line":11,"column":23},"end":{"line":11,"column":null}},"4":{"start":{"line":14,"column":21},"end":{"line":14,"column":null}},"5":{"start":{"line":17,"column":22},"end":{"line":19,"column":null}},"6":{"start":{"line":18,"column":6},"end":{"line":18,"column":null}},"7":{"start":{"line":21,"column":4},"end":{"line":27,"column":null}},"8":{"start":{"line":22,"column":6},"end":{"line":25,"column":null}},"9":{"start":{"line":26,"column":6},"end":{"line":26,"column":null}},"10":{"start":{"line":30,"column":4},"end":{"line":33,"column":null}},"11":{"start":{"line":31,"column":6},"end":{"line":31,"column":null}},"12":{"start":{"line":32,"column":6},"end":{"line":32,"column":null}},"13":{"start":{"line":35,"column":4},"end":{"line":35,"column":null}},"14":{"start":{"line":39,"column":4},"end":{"line":39,"column":null}},"15":{"start":{"line":43,"column":4},"end":{"line":50,"column":null}},"16":{"start":{"line":45,"column":8},"end":{"line":45,"column":null}},"17":{"start":{"line":47,"column":8},"end":{"line":47,"column":null}},"18":{"start":{"line":49,"column":8},"end":{"line":49,"column":null}},"19":{"start":{"line":54,"column":4},"end":{"line":60,"column":null}},"20":{"start":{"line":55,"column":6},"end":{"line":59,"column":null}}},"fnMap":{"0":{"name":"(anonymous_0)","decl":{"start":{"line":6,"column":2},"end":{"line":6,"column":22}},"loc":{"start":{"line":6,"column":64},"end":{"line":6,"column":null}},"line":6},"1":{"name":"(anonymous_1)","decl":{"start":{"line":8,"column":2},"end":{"line":8,"column":11}},"loc":{"start":{"line":8,"column":44},"end":{"line":36,"column":null}},"line":8},"2":{"name":"(anonymous_2)","decl":{"start":{"line":17,"column":58},"end":{"line":17,"column":59}},"loc":{"start":{"line":18,"column":6},"end":{"line":18,"column":null}},"line":18},"3":{"name":"(anonymous_3)","decl":{"start":{"line":38,"column":2},"end":{"line":38,"column":14}},"loc":{"start":{"line":38,"column":40},"end":{"line":40,"column":null}},"line":38},"4":{"name":"(anonymous_4)","decl":{"start":{"line":42,"column":2},"end":{"line":42,"column":14}},"loc":{"start":{"line":42,"column":75},"end":{"line":51,"column":null}},"line":42},"5":{"name":"(anonymous_5)","decl":{"start":{"line":53,"column":16},"end":{"line":53,"column":27}},"loc":{"start":{"line":53,"column":64},"end":{"line":61,"column":null}},"line":53}},"branchMap":{"0":{"loc":{"start":{"line":9,"column":4},"end":{"line":9,"column":null}},"type":"if","locations":[{"start":{"line":9,"column":4},"end":{"line":9,"column":null}},{"start":{},"end":{}}],"line":9},"1":{"loc":{"start":{"line":21,"column":4},"end":{"line":27,"column":null}},"type":"if","locations":[{"start":{"line":21,"column":4},"end":{"line":27,"column":null}},{"start":{},"end":{}}],"line":21},"2":{"loc":{"start":{"line":30,"column":4},"end":{"line":33,"column":null}},"type":"if","locations":[{"start":{"line":30,"column":4},"end":{"line":33,"column":null}},{"start":{},"end":{}}],"line":30},"3":{"loc":{"start":{"line":30,"column":8},"end":{"line":30,"column":69}},"type":"binary-expr","locations":[{"start":{"line":30,"column":8},"end":{"line":30,"column":40}},{"start":{"line":30,"column":40},"end":{"line":30,"column":69}}],"line":30},"4":{"loc":{"start":{"line":42,"column":14},"end":{"line":42,"column":75}},"type":"default-arg","locations":[{"start":{"line":42,"column":56},"end":{"line":42,"column":75}}],"line":42},"5":{"loc":{"start":{"line":43,"column":4},"end":{"line":50,"column":null}},"type":"switch","locations":[{"start":{"line":44,"column":6},"end":{"line":45,"column":null}},{"start":{"line":46,"column":6},"end":{"line":47,"column":null}},{"start":{"line":48,"column":6},"end":{"line":49,"column":null}}],"line":43},"6":{"loc":{"start":{"line":54,"column":4},"end":{"line":60,"column":null}},"type":"if","locations":[{"start":{"line":54,"column":4},"end":{"line":60,"column":null}},{"start":{},"end":{}}],"line":54}},"s":{"0":3,"1":0,"2":0,"3":0,"4":0,"5":0,"6":0,"7":0,"8":0,"9":0,"10":0,"11":0,"12":0,"13":0,"14":0,"15":0,"16":0,"17":0,"18":0,"19":0,"20":0},"f":{"0":3,"1":0,"2":0,"3":0,"4":0,"5":0},"b":{"0":[0,0],"1":[0,0],"2":[0,0],"3":[0,0],"4":[0],"5":[0,0,0],"6":[0,0]},"meta":{"lastBranch":7,"lastFunction":6,"lastStatement":21,"seen":{"f:6:2:6:22":0,"s:6:22:6:64":0,"f:8:2:8:11":1,"b:9:4:9:Infinity:undefined:undefined:undefined:undefined":0,"s:9:4:9:Infinity":1,"s:9:14:9:Infinity":2,"s:11:23:11:Infinity":3,"s:14:21:14:Infinity":4,"s:17:22:19:Infinity":5,"f:17:58:17:59":2,"s:18:6:18:Infinity":6,"b:21:4:27:Infinity:undefined:undefined:undefined:undefined":1,"s:21:4:27:Infinity":7,"s:22:6:25:Infinity":8,"s:26:6:26:Infinity":9,"b:30:4:33:Infinity:undefined:undefined:undefined:undefined":2,"s:30:4:33:Infinity":10,"b:30:8:30:40:30:40:30:69":3,"s:31:6:31:Infinity":11,"s:32:6:32:Infinity":12,"s:35:4:35:Infinity":13,"f:38:2:38:14":3,"s:39:4:39:Infinity":14,"f:42:2:42:14":4,"b:42:56:42:75":4,"b:44:6:45:Infinity:46:6:47:Infinity:48:6:49:Infinity":5,"s:43:4:50:Infinity":15,"s:45:8:45:Infinity":16,"s:47:8:47:Infinity":17,"s:49:8:49:Infinity":18,"f:53:16:53:27":5,"b:54:4:60:Infinity:undefined:undefined:undefined:undefined":6,"s:54:4:60:Infinity":19,"s:55:6:59:Infinity":20}}}
,"D:\\software\\divi\\divi-app\\src\\shared\\utils\\formatters.ts": {"path":"D:\\software\\divi\\divi-app\\src\\shared\\utils\\formatters.ts","statementMap":{"0":{"start":{"line":10,"column":2},"end":{"line":13,"column":null}},"1":{"start":{"line":20,"column":2},"end":{"line":24,"column":null}},"2":{"start":{"line":31,"column":2},"end":{"line":31,"column":null}},"3":{"start":{"line":31,"column":16},"end":{"line":31,"column":null}},"4":{"start":{"line":32,"column":15},"end":{"line":32,"column":null}},"5":{"start":{"line":33,"column":2},"end":{"line":33,"column":null}},"6":{"start":{"line":40,"column":2},"end":{"line":40,"column":null}},"7":{"start":{"line":40,"column":16},"end":{"line":40,"column":null}},"8":{"start":{"line":41,"column":15},"end":{"line":41,"column":null}},"9":{"start":{"line":42,"column":14},"end":{"line":42,"column":null}},"10":{"start":{"line":43,"column":16},"end":{"line":43,"column":null}},"11":{"start":{"line":44,"column":2},"end":{"line":44,"column":null}},"12":{"start":{"line":51,"column":2},"end":{"line":51,"column":null}},"13":{"start":{"line":51,"column":16},"end":{"line":51,"column":null}},"14":{"start":{"line":52,"column":15},"end":{"line":52,"column":null}},"15":{"start":{"line":53,"column":16},"end":{"line":53,"column":null}},"16":{"start":{"line":54,"column":2},"end":{"line":54,"column":null}},"17":{"start":{"line":56,"column":20},"end":{"line":56,"column":null}},"18":{"start":{"line":57,"column":2},"end":{"line":57,"column":null}},"19":{"start":{"line":59,"column":20},"end":{"line":59,"column":null}},"20":{"start":{"line":60,"column":2},"end":{"line":60,"column":null}},"21":{"start":{"line":62,"column":2},"end":{"line":62,"column":null}},"22":{"start":{"line":62,"column":47},"end":{"line":62,"column":null}},"23":{"start":{"line":63,"column":2},"end":{"line":63,"column":null}},"24":{"start":{"line":63,"column":51},"end":{"line":63,"column":null}},"25":{"start":{"line":65,"column":2},"end":{"line":65,"column":null}}},"fnMap":{"0":{"name":"formatCurrency","decl":{"start":{"line":9,"column":16},"end":{"line":9,"column":31}},"loc":{"start":{"line":9,"column":54},"end":{"line":14,"column":null}},"line":9},"1":{"name":"formatCurrencySign","decl":{"start":{"line":19,"column":16},"end":{"line":19,"column":35}},"loc":{"start":{"line":19,"column":58},"end":{"line":25,"column":null}},"line":19},"2":{"name":"formatDate","decl":{"start":{"line":30,"column":16},"end":{"line":30,"column":27}},"loc":{"start":{"line":30,"column":52},"end":{"line":34,"column":null}},"line":30},"3":{"name":"formatDateShort","decl":{"start":{"line":39,"column":16},"end":{"line":39,"column":32}},"loc":{"start":{"line":39,"column":57},"end":{"line":45,"column":null}},"line":39},"4":{"name":"getRelativeDayLabel","decl":{"start":{"line":50,"column":16},"end":{"line":50,"column":36}},"loc":{"start":{"line":50,"column":61},"end":{"line":66,"column":null}},"line":50}},"branchMap":{"0":{"loc":{"start":{"line":31,"column":2},"end":{"line":31,"column":null}},"type":"if","locations":[{"start":{"line":31,"column":2},"end":{"line":31,"column":null}},{"start":{},"end":{}}],"line":31},"1":{"loc":{"start":{"line":40,"column":2},"end":{"line":40,"column":null}},"type":"if","locations":[{"start":{"line":40,"column":2},"end":{"line":40,"column":null}},{"start":{},"end":{}}],"line":40},"2":{"loc":{"start":{"line":41,"column":35},"end":{"line":41,"column":76}},"type":"cond-expr","locations":[{"start":{"line":41,"column":59},"end":{"line":41,"column":64}},{"start":{"line":41,"column":64},"end":{"line":41,"column":76}}],"line":41},"3":{"loc":{"start":{"line":51,"column":2},"end":{"line":51,"column":null}},"type":"if","locations":[{"start":{"line":51,"column":2},"end":{"line":51,"column":null}},{"start":{},"end":{}}],"line":51},"4":{"loc":{"start":{"line":52,"column":35},"end":{"line":52,"column":76}},"type":"cond-expr","locations":[{"start":{"line":52,"column":59},"end":{"line":52,"column":64}},{"start":{"line":52,"column":64},"end":{"line":52,"column":76}}],"line":52},"5":{"loc":{"start":{"line":62,"column":2},"end":{"line":62,"column":null}},"type":"if","locations":[{"start":{"line":62,"column":2},"end":{"line":62,"column":null}},{"start":{},"end":{}}],"line":62},"6":{"loc":{"start":{"line":63,"column":2},"end":{"line":63,"column":null}},"type":"if","locations":[{"start":{"line":63,"column":2},"end":{"line":63,"column":null}},{"start":{},"end":{}}],"line":63}},"s":{"0":0,"1":0,"2":0,"3":0,"4":0,"5":0,"6":0,"7":0,"8":0,"9":0,"10":0,"11":0,"12":0,"13":0,"14":0,"15":0,"16":0,"17":0,"18":0,"19":0,"20":0,"21":0,"22":0,"23":0,"24":0,"25":0},"f":{"0":0,"1":0,"2":0,"3":0,"4":0},"b":{"0":[0,0],"1":[0,0],"2":[0,0],"3":[0,0],"4":[0,0],"5":[0,0],"6":[0,0]},"meta":{"lastBranch":7,"lastFunction":5,"lastStatement":26,"seen":{"f:9:16:9:31":0,"s:10:2:13:Infinity":0,"f:19:16:19:35":1,"s:20:2:24:Infinity":1,"f:30:16:30:27":2,"b:31:2:31:Infinity:undefined:undefined:undefined:undefined":0,"s:31:2:31:Infinity":2,"s:31:16:31:Infinity":3,"s:32:15:32:Infinity":4,"s:33:2:33:Infinity":5,"f:39:16:39:32":3,"b:40:2:40:Infinity:undefined:undefined:undefined:undefined":1,"s:40:2:40:Infinity":6,"s:40:16:40:Infinity":7,"s:41:15:41:Infinity":8,"b:41:59:41:64:41:64:41:76":2,"s:42:14:42:Infinity":9,"s:43:16:43:Infinity":10,"s:44:2:44:Infinity":11,"f:50:16:50:36":4,"b:51:2:51:Infinity:undefined:undefined:undefined:undefined":3,"s:51:2:51:Infinity":12,"s:51:16:51:Infinity":13,"s:52:15:52:Infinity":14,"b:52:59:52:64:52:64:52:76":4,"s:53:16:53:Infinity":15,"s:54:2:54:Infinity":16,"s:56:20:56:Infinity":17,"s:57:2:57:Infinity":18,"s:59:20:59:Infinity":19,"s:60:2:60:Infinity":20,"b:62:2:62:Infinity:undefined:undefined:undefined:undefined":5,"s:62:2:62:Infinity":21,"s:62:47:62:Infinity":22,"b:63:2:63:Infinity:undefined:undefined:undefined:undefined":6,"s:63:2:63:Infinity":23,"s:63:51:63:Infinity":24,"s:65:2:65:Infinity":25}}}
}
