{"D:\\software\\divi\\divi-app\\src\\App.vue": {"path":"D:\\software\\divi\\divi-app\\src\\App.vue","statementMap":{"0":{"start":{"line":67,"column":6},"end":{"line":67,"column":null}},"1":{"start":{"line":68,"column":6},"end":{"line":68,"column":null}},"2":{"start":{"line":69,"column":0},"end":{"line":69,"column":null}},"3":{"start":{"line":75,"column":0},"end":{"line":75,"column":null}},"4":{"start":{"line":77,"column":25},"end":{"line":79,"column":null}},"5":{"start":{"line":78,"column":2},"end":{"line":78,"column":null}},"6":{"start":{"line":81,"column":20},"end":{"line":81,"column":null}},"7":{"start":{"line":82,"column":6},"end":{"line":82,"column":null}},"8":{"start":{"line":83,"column":36},"end":{"line":83,"column":null}},"9":{"start":{"line":84,"column":6},"end":{"line":84,"column":null}},"10":{"start":{"line":84,"column":36},"end":{"line":84,"column":58}},"11":{"start":{"line":86,"column":0},"end":{"line":103,"column":null}},"12":{"start":{"line":88,"column":2},"end":{"line":88,"column":null}},"13":{"start":{"line":91,"column":2},"end":{"line":93,"column":null}},"14":{"start":{"line":92,"column":4},"end":{"line":92,"column":null}},"15":{"start":{"line":96,"column":2},"end":{"line":102,"column":null}},"16":{"start":{"line":97,"column":4},"end":{"line":101,"column":null}},"17":{"start":{"line":98,"column":6},"end":{"line":98,"column":null}},"18":{"start":{"line":99,"column":4},"end":{"line":101,"column":null}},"19":{"start":{"line":100,"column":6},"end":{"line":100,"column":null}},"20":{"start":{"line":106,"column":2},"end":{"line":106,"column":null}},"21":{"start":{"line":107,"column":2},"end":{"line":107,"column":null}},"22":{"start":{"line":19,"column":11},"end":{"line":19,"column":null}},"23":{"start":{"line":44,"column":14},"end":{"line":44,"column":null}},"24":{"start":{"line":45,"column":10},"end":{"line":45,"column":null}},"25":{"start":{"line":36,"column":10},"end":{"line":33,"column":null}},"26":{"start":{"line":25,"column":18},"end":{"line":25,"column":null}},"27":{"start":{"line":40,"column":18},"end":{"line":40,"column":null}}},"fnMap":{"0":{"name":"(anonymous_0)","decl":{"start":{"line":77,"column":25},"end":{"line":77,"column":31}},"loc":{"start":{"line":77,"column":31},"end":{"line":79,"column":null}},"line":77},"1":{"name":"(anonymous_1)","decl":{"start":{"line":84,"column":30},"end":{"line":84,"column":36}},"loc":{"start":{"line":84,"column":36},"end":{"line":84,"column":58}},"line":84},"2":{"name":"(anonymous_2)","decl":{"start":{"line":86,"column":10},"end":{"line":86,"column":22}},"loc":{"start":{"line":86,"column":22},"end":{"line":103,"column":1}},"line":86},"3":{"name":"(anonymous_3)","decl":{"start":{"line":96,"column":32},"end":{"line":96,"column":33}},"loc":{"start":{"line":96,"column":45},"end":{"line":102,"column":3}},"line":96},"4":{"name":"handleLogout","decl":{"start":{"line":105,"column":15},"end":{"line":105,"column":30}},"loc":{"start":{"line":105,"column":30},"end":{"line":108,"column":null}},"line":105},"5":{"name":"(anonymous_5)","decl":{"start":{"line":4,"column":4},"end":{"line":4,"column":null}},"loc":{"start":{"line":36,"column":10},"end":{"line":33,"column":null}},"line":36},"6":{"name":"(anonymous_6)","decl":{"start":{"line":25,"column":16},"end":{"line":25,"column":18}},"loc":{"start":{"line":25,"column":18},"end":{"line":25,"column":null}},"line":25},"7":{"name":"(anonymous_7)","decl":{"start":{"line":40,"column":4},"end":{"line":40,"column":18}},"loc":{"start":{"line":40,"column":18},"end":{"line":40,"column":null}},"line":40}},"branchMap":{"0":{"loc":{"start":{"line":91,"column":2},"end":{"line":93,"column":null}},"type":"if","locations":[{"start":{"line":91,"column":2},"end":{"line":93,"column":null}},{"start":{},"end":{}}],"line":91},"1":{"loc":{"start":{"line":91,"column":6},"end":{"line":91,"column":48}},"type":"binary-expr","locations":[{"start":{"line":91,"column":6},"end":{"line":91,"column":27}},{"start":{"line":91,"column":27},"end":{"line":91,"column":48}}],"line":91},"2":{"loc":{"start":{"line":97,"column":4},"end":{"line":101,"column":null}},"type":"if","locations":[{"start":{"line":97,"column":4},"end":{"line":101,"column":null}},{"start":{"line":99,"column":4},"end":{"line":101,"column":null}}],"line":97},"3":{"loc":{"start":{"line":99,"column":4},"end":{"line":101,"column":null}},"type":"if","locations":[{"start":{"line":99,"column":4},"end":{"line":101,"column":null}},{"start":{},"end":{}}],"line":99},"4":{"loc":{"start":{"line":5,"column":12},"end":{"line":33,"column":null}},"type":"cond-expr","locations":[{"start":{"line":5,"column":12},"end":{"line":33,"column":null}}],"line":5},"5":{"loc":{"start":{"line":36,"column":10},"end":{"line":16,"column":14}},"type":"binary-expr","locations":[{"start":{"line":36,"column":10},"end":{"line":36,"column":null}},{"start":{"line":36,"column":10},"end":{"line":16,"column":14}}],"line":36},"6":{"loc":{"start":{"line":25,"column":16},"end":{"line":25,"column":null}},"type":"binary-expr","locations":[{"start":{"line":25,"column":16},"end":{"line":25,"column":18}},{"start":{"line":25,"column":16},"end":{"line":25,"column":null}}],"line":25},"7":{"loc":{"start":{"line":39,"column":20},"end":{"line":46,"column":null}},"type":"cond-expr","locations":[{"start":{"line":39,"column":35},"end":{"line":44,"column":14}},{"start":{"line":44,"column":2},"end":{"line":46,"column":null}}],"line":39},"8":{"loc":{"start":{"line":39,"column":20},"end":{"line":39,"column":50}},"type":"binary-expr","locations":[{"start":{"line":39,"column":20},"end":{"line":39,"column":30}},{"start":{"line":39,"column":30},"end":{"line":39,"column":50}}],"line":39}},"s":{"0":1,"1":1,"2":1,"3":1,"4":1,"5":0,"6":1,"7":1,"8":1,"9":1,"10":1,"11":1,"12":1,"13":1,"14":1,"15":1,"16":1,"17":1,"18":0,"19":0,"20":0,"21":0,"22":1,"23":1,"24":1,"25":1,"26":0,"27":0},"f":{"0":0,"1":1,"2":1,"3":1,"4":0,"5":1,"6":0,"7":0},"b":{"0":[1,0],"1":[1,1],"2":[1,0],"3":[0,0],"4":[1],"5":[1,1],"6":[1,1],"7":[0,1],"8":[1,0]},"meta":{"lastBranch":0,"lastFunction":0,"lastStatement":0,"seen":{}}}
,"D:\\software\\divi\\divi-app\\src\\core\\db.ts": {"path":"D:\\software\\divi\\divi-app\\src\\core\\db.ts","statementMap":{"0":{"start":{"line":89,"column":4},"end":{"line":89,"column":null}},"1":{"start":{"line":91,"column":4},"end":{"line":101,"column":null}},"2":{"start":{"line":103,"column":4},"end":{"line":103,"column":null}},"3":{"start":{"line":107,"column":27},"end":{"line":110,"column":null}},"4":{"start":{"line":112,"column":4},"end":{"line":132,"column":null}},"5":{"start":{"line":114,"column":6},"end":{"line":119,"column":null}},"6":{"start":{"line":115,"column":8},"end":{"line":118,"column":null}},"7":{"start":{"line":116,"column":10},"end":{"line":116,"column":null}},"8":{"start":{"line":117,"column":10},"end":{"line":117,"column":null}},"9":{"start":{"line":121,"column":6},"end":{"line":131,"column":null}},"10":{"start":{"line":124,"column":8},"end":{"line":130,"column":null}},"11":{"start":{"line":125,"column":10},"end":{"line":129,"column":null}},"12":{"start":{"line":136,"column":18},"end":{"line":136,"column":null}}},"fnMap":{"0":{"name":"(anonymous_0)","decl":{"start":{"line":87,"column":2},"end":{"line":87,"column":16}},"loc":{"start":{"line":87,"column":16},"end":{"line":104,"column":null}},"line":87},"1":{"name":"(anonymous_1)","decl":{"start":{"line":106,"column":10},"end":{"line":106,"column":27}},"loc":{"start":{"line":106,"column":27},"end":{"line":133,"column":null}},"line":106},"2":{"name":"(anonymous_2)","decl":{"start":{"line":112,"column":27},"end":{"line":112,"column":36}},"loc":{"start":{"line":112,"column":36},"end":{"line":132,"column":5}},"line":112},"3":{"name":"(anonymous_3)","decl":{"start":{"line":114,"column":29},"end":{"line":114,"column":30}},"loc":{"start":{"line":114,"column":55},"end":{"line":119,"column":7}},"line":114},"4":{"name":"(anonymous_4)","decl":{"start":{"line":121,"column":29},"end":{"line":121,"column":30}},"loc":{"start":{"line":121,"column":62},"end":{"line":131,"column":7}},"line":121}},"branchMap":{"0":{"loc":{"start":{"line":115,"column":8},"end":{"line":118,"column":null}},"type":"if","locations":[{"start":{"line":115,"column":8},"end":{"line":118,"column":null}},{"start":{},"end":{}}],"line":115},"1":{"loc":{"start":{"line":124,"column":8},"end":{"line":130,"column":null}},"type":"if","locations":[{"start":{"line":124,"column":8},"end":{"line":130,"column":null}},{"start":{},"end":{}}],"line":124}},"s":{"0":19,"1":19,"2":19,"3":19,"4":19,"5":152,"6":34,"7":6,"8":6,"9":152,"10":8,"11":5,"12":16},"f":{"0":19,"1":19,"2":152,"3":34,"4":8},"b":{"0":[6,28],"1":[5,3]},"meta":{"lastBranch":2,"lastFunction":5,"lastStatement":13,"seen":{"f:87:2:87:16":0,"s:89:4:89:Infinity":0,"s:91:4:101:Infinity":1,"s:103:4:103:Infinity":2,"f:106:10:106:27":1,"s:107:27:110:Infinity":3,"s:112:4:132:Infinity":4,"f:112:27:112:36":2,"s:114:6:119:Infinity":5,"f:114:29:114:30":3,"b:115:8:118:Infinity:undefined:undefined:undefined:undefined":0,"s:115:8:118:Infinity":6,"s:116:10:116:Infinity":7,"s:117:10:117:Infinity":8,"s:121:6:131:Infinity":9,"f:121:29:121:30":4,"b:124:8:130:Infinity:undefined:undefined:undefined:undefined":1,"s:124:8:130:Infinity":10,"s:125:10:129:Infinity":11,"s:136:18:136:Infinity":12}}}
,"D:\\software\\divi\\divi-app\\src\\core\\di-tokens.ts": {"path":"D:\\software\\divi\\divi-app\\src\\core\\di-tokens.ts","statementMap":{"0":{"start":{"line":6,"column":25},"end":{"line":22,"column":null}}},"fnMap":{},"branchMap":{},"s":{"0":15},"f":{},"b":{},"meta":{"lastBranch":0,"lastFunction":0,"lastStatement":1,"seen":{"s:6:25:22:Infinity":0}}}
,"D:\\software\\divi\\divi-app\\src\\core\\di.ts": {"path":"D:\\software\\divi\\divi-app\\src\\core\\di.ts","statementMap":{"0":{"start":{"line":30,"column":21},"end":{"line":30,"column":null}},"1":{"start":{"line":36,"column":16},"end":{"line":36,"column":null}},"2":{"start":{"line":37,"column":4},"end":{"line":37,"column":null}},"3":{"start":{"line":38,"column":4},"end":{"line":38,"column":null}},"4":{"start":{"line":45,"column":16},"end":{"line":45,"column":null}},"5":{"start":{"line":46,"column":20},"end":{"line":46,"column":null}},"6":{"start":{"line":47,"column":4},"end":{"line":49,"column":null}},"7":{"start":{"line":48,"column":6},"end":{"line":48,"column":null}},"8":{"start":{"line":50,"column":4},"end":{"line":50,"column":null}},"9":{"start":{"line":54,"column":25},"end":{"line":54,"column":null}},"10":{"start":{"line":58,"column":0},"end":{"line":58,"column":null}},"11":{"start":{"line":59,"column":0},"end":{"line":59,"column":null}},"12":{"start":{"line":60,"column":0},"end":{"line":60,"column":null}},"13":{"start":{"line":61,"column":0},"end":{"line":61,"column":null}},"14":{"start":{"line":62,"column":0},"end":{"line":62,"column":null}},"15":{"start":{"line":63,"column":0},"end":{"line":63,"column":null}},"16":{"start":{"line":64,"column":0},"end":{"line":64,"column":null}},"17":{"start":{"line":65,"column":0},"end":{"line":65,"column":null}},"18":{"start":{"line":66,"column":0},"end":{"line":66,"column":null}},"19":{"start":{"line":67,"column":0},"end":{"line":67,"column":null}},"20":{"start":{"line":68,"column":27},"end":{"line":68,"column":null}},"21":{"start":{"line":69,"column":0},"end":{"line":69,"column":null}},"22":{"start":{"line":70,"column":0},"end":{"line":70,"column":null}},"23":{"start":{"line":71,"column":0},"end":{"line":71,"column":null}},"24":{"start":{"line":72,"column":0},"end":{"line":72,"column":null}},"25":{"start":{"line":73,"column":0},"end":{"line":73,"column":null}},"26":{"start":{"line":76,"column":26},"end":{"line":76,"column":null}},"27":{"start":{"line":76,"column":53},"end":{"line":76,"column":null}}},"fnMap":{"0":{"name":"(anonymous_0)","decl":{"start":{"line":35,"column":2},"end":{"line":35,"column":14}},"loc":{"start":{"line":35,"column":50},"end":{"line":39,"column":null}},"line":35},"1":{"name":"(anonymous_1)","decl":{"start":{"line":44,"column":2},"end":{"line":44,"column":13}},"loc":{"start":{"line":44,"column":33},"end":{"line":51,"column":null}},"line":44},"2":{"name":"(anonymous_2)","decl":{"start":{"line":76,"column":26},"end":{"line":76,"column":30}},"loc":{"start":{"line":76,"column":53},"end":{"line":76,"column":null}},"line":76}},"branchMap":{"0":{"loc":{"start":{"line":36,"column":16},"end":{"line":36,"column":null}},"type":"cond-expr","locations":[{"start":{"line":36,"column":44},"end":{"line":36,"column":52}},{"start":{"line":36,"column":52},"end":{"line":36,"column":null}}],"line":36},"1":{"loc":{"start":{"line":45,"column":16},"end":{"line":45,"column":null}},"type":"cond-expr","locations":[{"start":{"line":45,"column":44},"end":{"line":45,"column":52}},{"start":{"line":45,"column":52},"end":{"line":45,"column":null}}],"line":45},"2":{"loc":{"start":{"line":47,"column":4},"end":{"line":49,"column":null}},"type":"if","locations":[{"start":{"line":47,"column":4},"end":{"line":49,"column":null}},{"start":{},"end":{}}],"line":47}},"s":{"0":11,"1":214,"2":214,"3":214,"4":89,"5":89,"6":89,"7":0,"8":89,"9":11,"10":11,"11":11,"12":11,"13":11,"14":11,"15":11,"16":11,"17":11,"18":11,"19":11,"20":11,"21":11,"22":11,"23":11,"24":11,"25":11,"26":11,"27":3},"f":{"0":214,"1":89,"2":3},"b":{"0":[214,0],"1":[89,0],"2":[0,89]},"meta":{"lastBranch":3,"lastFunction":3,"lastStatement":28,"seen":{"s:30:21:30:Infinity":0,"f:35:2:35:14":0,"s:36:16:36:Infinity":1,"b:36:44:36:52:36:52:36:Infinity":0,"s:37:4:37:Infinity":2,"s:38:4:38:Infinity":3,"f:44:2:44:13":1,"s:45:16:45:Infinity":4,"b:45:44:45:52:45:52:45:Infinity":1,"s:46:20:46:Infinity":5,"b:47:4:49:Infinity:undefined:undefined:undefined:undefined":2,"s:47:4:49:Infinity":6,"s:48:6:48:Infinity":7,"s:50:4:50:Infinity":8,"s:54:25:54:Infinity":9,"s:58:0:58:Infinity":10,"s:59:0:59:Infinity":11,"s:60:0:60:Infinity":12,"s:61:0:61:Infinity":13,"s:62:0:62:Infinity":14,"s:63:0:63:Infinity":15,"s:64:0:64:Infinity":16,"s:65:0:65:Infinity":17,"s:66:0:66:Infinity":18,"s:67:0:67:Infinity":19,"s:68:27:68:Infinity":20,"s:69:0:69:Infinity":21,"s:70:0:70:Infinity":22,"s:71:0:71:Infinity":23,"s:72:0:72:Infinity":24,"s:73:0:73:Infinity":25,"s:76:26:76:Infinity":26,"f:76:26:76:30":2,"s:76:53:76:Infinity":27}}}
,"D:\\software\\divi\\divi-app\\src\\core\\supabase.ts": {"path":"D:\\software\\divi\\divi-app\\src\\core\\supabase.ts","statementMap":{"0":{"start":{"line":3,"column":20},"end":{"line":3,"column":null}},"1":{"start":{"line":4,"column":24},"end":{"line":4,"column":null}},"2":{"start":{"line":6,"column":0},"end":{"line":8,"column":null}},"3":{"start":{"line":7,"column":2},"end":{"line":7,"column":null}},"4":{"start":{"line":10,"column":13},"end":{"line":17,"column":null}}},"fnMap":{},"branchMap":{"0":{"loc":{"start":{"line":3,"column":20},"end":{"line":3,"column":null}},"type":"binary-expr","locations":[{"start":{"line":3,"column":20},"end":{"line":3,"column":57}},{"start":{"line":3,"column":57},"end":{"line":3,"column":null}}],"line":3},"1":{"loc":{"start":{"line":4,"column":24},"end":{"line":4,"column":null}},"type":"binary-expr","locations":[{"start":{"line":4,"column":24},"end":{"line":4,"column":66}},{"start":{"line":4,"column":66},"end":{"line":4,"column":null}}],"line":4},"2":{"loc":{"start":{"line":6,"column":0},"end":{"line":8,"column":null}},"type":"if","locations":[{"start":{"line":6,"column":0},"end":{"line":8,"column":null}},{"start":{},"end":{}}],"line":6},"3":{"loc":{"start":{"line":6,"column":4},"end":{"line":6,"column":83}},"type":"binary-expr","locations":[{"start":{"line":6,"column":4},"end":{"line":6,"column":42}},{"start":{"line":6,"column":42},"end":{"line":6,"column":83}}],"line":6}},"s":{"0":12,"1":12,"2":12,"3":0,"4":12},"f":{},"b":{"0":[12,0],"1":[12,0],"2":[0,12],"3":[12,12]},"meta":{"lastBranch":4,"lastFunction":0,"lastStatement":5,"seen":{"s:3:20:3:Infinity":0,"b:3:20:3:57:3:57:3:Infinity":0,"s:4:24:4:Infinity":1,"b:4:24:4:66:4:66:4:Infinity":1,"b:6:0:8:Infinity:undefined:undefined:undefined:undefined":2,"s:6:0:8:Infinity":2,"b:6:4:6:42:6:42:6:83":3,"s:7:2:7:Infinity":3,"s:10:13:17:Infinity":4}}}
,"D:\\software\\divi\\divi-app\\src\\core\\router\\index.ts": {"path":"D:\\software\\divi\\divi-app\\src\\core\\router\\index.ts","statementMap":{"0":{"start":{"line":5,"column":6},"end":{"line":81,"column":null}},"1":{"start":{"line":11,"column":23},"end":{"line":11,"column":82}},"2":{"start":{"line":17,"column":23},"end":{"line":17,"column":88}},"3":{"start":{"line":23,"column":23},"end":{"line":23,"column":78}},"4":{"start":{"line":29,"column":23},"end":{"line":29,"column":74}},"5":{"start":{"line":35,"column":23},"end":{"line":35,"column":74}},"6":{"start":{"line":41,"column":23},"end":{"line":41,"column":90}},"7":{"start":{"line":47,"column":23},"end":{"line":47,"column":80}},"8":{"start":{"line":53,"column":23},"end":{"line":53,"column":78}},"9":{"start":{"line":59,"column":23},"end":{"line":59,"column":87}},"10":{"start":{"line":65,"column":23},"end":{"line":65,"column":73}},"11":{"start":{"line":71,"column":23},"end":{"line":71,"column":75}},"12":{"start":{"line":77,"column":23},"end":{"line":77,"column":80}},"13":{"start":{"line":84,"column":0},"end":{"line":100,"column":null}},"14":{"start":{"line":85,"column":2},"end":{"line":99,"column":null}},"15":{"start":{"line":86,"column":24},"end":{"line":86,"column":null}},"16":{"start":{"line":87,"column":17},"end":{"line":87,"column":null}},"17":{"start":{"line":89,"column":4},"end":{"line":95,"column":null}},"18":{"start":{"line":90,"column":6},"end":{"line":90,"column":null}},"19":{"start":{"line":91,"column":4},"end":{"line":95,"column":null}},"20":{"start":{"line":92,"column":6},"end":{"line":92,"column":null}},"21":{"start":{"line":94,"column":6},"end":{"line":94,"column":null}},"22":{"start":{"line":97,"column":4},"end":{"line":97,"column":null}},"23":{"start":{"line":98,"column":4},"end":{"line":98,"column":null}},"24":{"start":{"line":103,"column":0},"end":{"line":110,"column":null}},"25":{"start":{"line":104,"column":2},"end":{"line":109,"column":null}},"26":{"start":{"line":105,"column":4},"end":{"line":105,"column":null}},"27":{"start":{"line":108,"column":4},"end":{"line":108,"column":null}}},"fnMap":{"0":{"name":"(anonymous_0)","decl":{"start":{"line":11,"column":17},"end":{"line":11,"column":23}},"loc":{"start":{"line":11,"column":23},"end":{"line":11,"column":82}},"line":11},"1":{"name":"(anonymous_1)","decl":{"start":{"line":17,"column":17},"end":{"line":17,"column":23}},"loc":{"start":{"line":17,"column":23},"end":{"line":17,"column":88}},"line":17},"2":{"name":"(anonymous_2)","decl":{"start":{"line":23,"column":17},"end":{"line":23,"column":23}},"loc":{"start":{"line":23,"column":23},"end":{"line":23,"column":78}},"line":23},"3":{"name":"(anonymous_3)","decl":{"start":{"line":29,"column":17},"end":{"line":29,"column":23}},"loc":{"start":{"line":29,"column":23},"end":{"line":29,"column":74}},"line":29},"4":{"name":"(anonymous_4)","decl":{"start":{"line":35,"column":17},"end":{"line":35,"column":23}},"loc":{"start":{"line":35,"column":23},"end":{"line":35,"column":74}},"line":35},"5":{"name":"(anonymous_5)","decl":{"start":{"line":41,"column":17},"end":{"line":41,"column":23}},"loc":{"start":{"line":41,"column":23},"end":{"line":41,"column":90}},"line":41},"6":{"name":"(anonymous_6)","decl":{"start":{"line":47,"column":17},"end":{"line":47,"column":23}},"loc":{"start":{"line":47,"column":23},"end":{"line":47,"column":80}},"line":47},"7":{"name":"(anonymous_7)","decl":{"start":{"line":53,"column":17},"end":{"line":53,"column":23}},"loc":{"start":{"line":53,"column":23},"end":{"line":53,"column":78}},"line":53},"8":{"name":"(anonymous_8)","decl":{"start":{"line":59,"column":17},"end":{"line":59,"column":23}},"loc":{"start":{"line":59,"column":23},"end":{"line":59,"column":87}},"line":59},"9":{"name":"(anonymous_9)","decl":{"start":{"line":65,"column":17},"end":{"line":65,"column":23}},"loc":{"start":{"line":65,"column":23},"end":{"line":65,"column":73}},"line":65},"10":{"name":"(anonymous_10)","decl":{"start":{"line":71,"column":17},"end":{"line":71,"column":23}},"loc":{"start":{"line":71,"column":23},"end":{"line":71,"column":75}},"line":71},"11":{"name":"(anonymous_11)","decl":{"start":{"line":77,"column":17},"end":{"line":77,"column":23}},"loc":{"start":{"line":77,"column":23},"end":{"line":77,"column":80}},"line":77},"12":{"name":"(anonymous_12)","decl":{"start":{"line":84,"column":18},"end":{"line":84,"column":25}},"loc":{"start":{"line":84,"column":39},"end":{"line":100,"column":1}},"line":84},"13":{"name":"(anonymous_13)","decl":{"start":{"line":103,"column":15},"end":{"line":103,"column":16}},"loc":{"start":{"line":103,"column":30},"end":{"line":110,"column":1}},"line":103}},"branchMap":{"0":{"loc":{"start":{"line":89,"column":4},"end":{"line":95,"column":null}},"type":"if","locations":[{"start":{"line":89,"column":4},"end":{"line":95,"column":null}},{"start":{"line":91,"column":4},"end":{"line":95,"column":null}}],"line":89},"1":{"loc":{"start":{"line":89,"column":8},"end":{"line":89,"column":39}},"type":"binary-expr","locations":[{"start":{"line":89,"column":8},"end":{"line":89,"column":32}},{"start":{"line":89,"column":32},"end":{"line":89,"column":39}}],"line":89},"2":{"loc":{"start":{"line":91,"column":4},"end":{"line":95,"column":null}},"type":"if","locations":[{"start":{"line":91,"column":4},"end":{"line":95,"column":null}},{"start":{"line":93,"column":11},"end":{"line":95,"column":null}}],"line":91},"3":{"loc":{"start":{"line":91,"column":15},"end":{"line":91,"column":42}},"type":"binary-expr","locations":[{"start":{"line":91,"column":15},"end":{"line":91,"column":36}},{"start":{"line":91,"column":36},"end":{"line":91,"column":42}}],"line":91},"4":{"loc":{"start":{"line":104,"column":2},"end":{"line":109,"column":null}},"type":"if","locations":[{"start":{"line":104,"column":2},"end":{"line":109,"column":null}},{"start":{"line":107,"column":9},"end":{"line":109,"column":null}}],"line":104},"5":{"loc":{"start":{"line":104,"column":6},"end":{"line":104,"column":134}},"type":"binary-expr","locations":[{"start":{"line":104,"column":6},"end":{"line":104,"column":79}},{"start":{"line":104,"column":79},"end":{"line":104,"column":134}}],"line":104}},"s":{"0":2,"1":1,"2":0,"3":0,"4":0,"5":0,"6":0,"7":0,"8":0,"9":0,"10":2,"11":0,"12":0,"13":2,"14":7,"15":7,"16":7,"17":7,"18":2,"19":5,"20":1,"21":4,"22":0,"23":0,"24":2,"25":0,"26":0,"27":0},"f":{"0":1,"1":0,"2":0,"3":0,"4":0,"5":0,"6":0,"7":0,"8":0,"9":2,"10":0,"11":0,"12":7,"13":0},"b":{"0":[2,5],"1":[7,3],"2":[1,4],"3":[5,4],"4":[0,0],"5":[0,0]},"meta":{"lastBranch":6,"lastFunction":14,"lastStatement":28,"seen":{"s:5:6:81:Infinity":0,"f:11:17:11:23":0,"s:11:23:11:82":1,"f:17:17:17:23":1,"s:17:23:17:88":2,"f:23:17:23:23":2,"s:23:23:23:78":3,"f:29:17:29:23":3,"s:29:23:29:74":4,"f:35:17:35:23":4,"s:35:23:35:74":5,"f:41:17:41:23":5,"s:41:23:41:90":6,"f:47:17:47:23":6,"s:47:23:47:80":7,"f:53:17:53:23":7,"s:53:23:53:78":8,"f:59:17:59:23":8,"s:59:23:59:87":9,"f:65:17:65:23":9,"s:65:23:65:73":10,"f:71:17:71:23":10,"s:71:23:71:75":11,"f:77:17:77:23":11,"s:77:23:77:80":12,"s:84:0:100:Infinity":13,"f:84:18:84:25":12,"s:85:2:99:Infinity":14,"s:86:24:86:Infinity":15,"s:87:17:87:Infinity":16,"b:89:4:95:Infinity:91:4:95:Infinity":0,"s:89:4:95:Infinity":17,"b:89:8:89:32:89:32:89:39":1,"s:90:6:90:Infinity":18,"b:91:4:95:Infinity:93:11:95:Infinity":2,"s:91:4:95:Infinity":19,"b:91:15:91:36:91:36:91:42":3,"s:92:6:92:Infinity":20,"s:94:6:94:Infinity":21,"s:97:4:97:Infinity":22,"s:98:4:98:Infinity":23,"s:103:0:110:Infinity":24,"f:103:15:103:16":13,"b:104:2:109:Infinity:107:9:109:Infinity":4,"s:104:2:109:Infinity":25,"b:104:6:104:79:104:79:104:134":5,"s:105:4:105:Infinity":26,"s:108:4:108:Infinity":27}}}
,"D:\\software\\divi\\divi-app\\src\\core\\sync\\SyncEngine.ts": {"path":"D:\\software\\divi\\divi-app\\src\\core\\sync\\SyncEngine.ts","statementMap":{"0":{"start":{"line":12,"column":22},"end":{"line":12,"column":null}},"1":{"start":{"line":13,"column":22},"end":{"line":13,"column":null}},"2":{"start":{"line":14,"column":61},"end":{"line":14,"column":null}},"3":{"start":{"line":17,"column":4},"end":{"line":17,"column":null}},"4":{"start":{"line":18,"column":4},"end":{"line":20,"column":null}},"5":{"start":{"line":19,"column":6},"end":{"line":19,"column":null}},"6":{"start":{"line":24,"column":4},"end":{"line":26,"column":null}},"7":{"start":{"line":25,"column":6},"end":{"line":25,"column":null}},"8":{"start":{"line":27,"column":4},"end":{"line":27,"column":null}},"9":{"start":{"line":31,"column":4},"end":{"line":31,"column":null}},"10":{"start":{"line":35,"column":4},"end":{"line":43,"column":null}},"11":{"start":{"line":36,"column":6},"end":{"line":36,"column":null}},"12":{"start":{"line":36,"column":46},"end":{"line":36,"column":60}},"13":{"start":{"line":37,"column":6},"end":{"line":39,"column":null}},"14":{"start":{"line":38,"column":8},"end":{"line":38,"column":null}},"15":{"start":{"line":38,"column":52},"end":{"line":38,"column":null}},"16":{"start":{"line":42,"column":6},"end":{"line":42,"column":null}},"17":{"start":{"line":42,"column":24},"end":{"line":42,"column":40}},"18":{"start":{"line":47,"column":4},"end":{"line":51,"column":null}},"19":{"start":{"line":48,"column":6},"end":{"line":48,"column":null}},"20":{"start":{"line":50,"column":6},"end":{"line":50,"column":null}},"21":{"start":{"line":58,"column":4},"end":{"line":58,"column":null}},"22":{"start":{"line":58,"column":42},"end":{"line":58,"column":null}},"23":{"start":{"line":59,"column":4},"end":{"line":59,"column":null}},"24":{"start":{"line":60,"column":4},"end":{"line":60,"column":null}},"25":{"start":{"line":67,"column":4},"end":{"line":69,"column":null}},"26":{"start":{"line":68,"column":6},"end":{"line":68,"column":null}},"27":{"start":{"line":70,"column":4},"end":{"line":73,"column":null}},"28":{"start":{"line":71,"column":6},"end":{"line":71,"column":null}},"29":{"start":{"line":72,"column":6},"end":{"line":72,"column":null}},"30":{"start":{"line":81,"column":4},"end":{"line":81,"column":null}},"31":{"start":{"line":81,"column":24},"end":{"line":81,"column":null}},"32":{"start":{"line":82,"column":4},"end":{"line":82,"column":null}},"33":{"start":{"line":82,"column":63},"end":{"line":82,"column":null}},"34":{"start":{"line":84,"column":4},"end":{"line":84,"column":null}},"35":{"start":{"line":85,"column":18},"end":{"line":85,"column":null}},"36":{"start":{"line":87,"column":4},"end":{"line":212,"column":null}},"37":{"start":{"line":90,"column":54},"end":{"line":90,"column":null}},"38":{"start":{"line":91,"column":6},"end":{"line":94,"column":null}},"39":{"start":{"line":92,"column":8},"end":{"line":92,"column":null}},"40":{"start":{"line":93,"column":8},"end":{"line":93,"column":null}},"41":{"start":{"line":95,"column":19},"end":{"line":95,"column":null}},"42":{"start":{"line":97,"column":6},"end":{"line":97,"column":null}},"43":{"start":{"line":99,"column":6},"end":{"line":199,"column":null}},"44":{"start":{"line":100,"column":22},"end":{"line":100,"column":null}},"45":{"start":{"line":103,"column":31},"end":{"line":106,"column":null}},"46":{"start":{"line":108,"column":8},"end":{"line":108,"column":null}},"47":{"start":{"line":108,"column":41},"end":{"line":108,"column":null}},"48":{"start":{"line":110,"column":8},"end":{"line":198,"column":null}},"49":{"start":{"line":112,"column":10},"end":{"line":116,"column":null}},"50":{"start":{"line":113,"column":12},"end":{"line":113,"column":null}},"51":{"start":{"line":114,"column":12},"end":{"line":114,"column":null}},"52":{"start":{"line":115,"column":12},"end":{"line":115,"column":null}},"53":{"start":{"line":119,"column":60},"end":{"line":123,"column":null}},"54":{"start":{"line":125,"column":10},"end":{"line":147,"column":null}},"55":{"start":{"line":126,"column":31},"end":{"line":126,"column":null}},"56":{"start":{"line":127,"column":31},"end":{"line":127,"column":null}},"57":{"start":{"line":130,"column":12},"end":{"line":146,"column":null}},"58":{"start":{"line":131,"column":14},"end":{"line":131,"column":null}},"59":{"start":{"line":132,"column":67},"end":{"line":136,"column":null}},"60":{"start":{"line":138,"column":14},"end":{"line":144,"column":null}},"61":{"start":{"line":139,"column":16},"end":{"line":143,"column":null}},"62":{"start":{"line":145,"column":14},"end":{"line":145,"column":null}},"63":{"start":{"line":151,"column":60},"end":{"line":151,"column":null}},"64":{"start":{"line":152,"column":10},"end":{"line":152,"column":null}},"65":{"start":{"line":153,"column":10},"end":{"line":153,"column":null}},"66":{"start":{"line":154,"column":10},"end":{"line":154,"column":null}},"67":{"start":{"line":155,"column":10},"end":{"line":155,"column":null}},"68":{"start":{"line":158,"column":10},"end":{"line":162,"column":null}},"69":{"start":{"line":159,"column":12},"end":{"line":161,"column":null}},"70":{"start":{"line":160,"column":14},"end":{"line":160,"column":null}},"71":{"start":{"line":164,"column":10},"end":{"line":178,"column":null}},"72":{"start":{"line":166,"column":43},"end":{"line":169,"column":null}},"73":{"start":{"line":171,"column":12},"end":{"line":176,"column":null}},"74":{"start":{"line":172,"column":14},"end":{"line":172,"column":null}},"75":{"start":{"line":174,"column":14},"end":{"line":174,"column":null}},"76":{"start":{"line":175,"column":14},"end":{"line":175,"column":null}},"77":{"start":{"line":177,"column":12},"end":{"line":177,"column":null}},"78":{"start":{"line":180,"column":41},"end":{"line":187,"column":null}},"79":{"start":{"line":189,"column":10},"end":{"line":197,"column":null}},"80":{"start":{"line":190,"column":12},"end":{"line":193,"column":null}},"81":{"start":{"line":195,"column":12},"end":{"line":195,"column":null}},"82":{"start":{"line":196,"column":12},"end":{"line":196,"column":null}},"83":{"start":{"line":201,"column":6},"end":{"line":201,"column":null}},"84":{"start":{"line":202,"column":6},"end":{"line":202,"column":null}},"85":{"start":{"line":204,"column":6},"end":{"line":208,"column":null}},"86":{"start":{"line":205,"column":8},"end":{"line":205,"column":null}},"87":{"start":{"line":207,"column":8},"end":{"line":207,"column":null}},"88":{"start":{"line":209,"column":6},"end":{"line":209,"column":null}},"89":{"start":{"line":211,"column":6},"end":{"line":211,"column":null}},"90":{"start":{"line":220,"column":4},"end":{"line":220,"column":null}},"91":{"start":{"line":220,"column":24},"end":{"line":220,"column":null}},"92":{"start":{"line":221,"column":4},"end":{"line":221,"column":null}},"93":{"start":{"line":221,"column":63},"end":{"line":221,"column":null}},"94":{"start":{"line":223,"column":4},"end":{"line":223,"column":null}},"95":{"start":{"line":224,"column":18},"end":{"line":224,"column":null}},"96":{"start":{"line":225,"column":21},"end":{"line":225,"column":null}},"97":{"start":{"line":227,"column":4},"end":{"line":293,"column":null}},"98":{"start":{"line":228,"column":54},"end":{"line":228,"column":null}},"99":{"start":{"line":229,"column":6},"end":{"line":232,"column":null}},"100":{"start":{"line":230,"column":8},"end":{"line":230,"column":null}},"101":{"start":{"line":231,"column":8},"end":{"line":231,"column":null}},"102":{"start":{"line":233,"column":19},"end":{"line":233,"column":null}},"103":{"start":{"line":235,"column":6},"end":{"line":280,"column":null}},"104":{"start":{"line":236,"column":22},"end":{"line":236,"column":null}},"105":{"start":{"line":238,"column":44},"end":{"line":241,"column":null}},"106":{"start":{"line":243,"column":8},"end":{"line":243,"column":null}},"107":{"start":{"line":243,"column":34},"end":{"line":243,"column":null}},"108":{"start":{"line":245,"column":8},"end":{"line":269,"column":null}},"109":{"start":{"line":246,"column":24},"end":{"line":246,"column":null}},"110":{"start":{"line":248,"column":10},"end":{"line":268,"column":null}},"111":{"start":{"line":250,"column":12},"end":{"line":250,"column":null}},"112":{"start":{"line":251,"column":12},"end":{"line":251,"column":null}},"113":{"start":{"line":252,"column":10},"end":{"line":268,"column":null}},"114":{"start":{"line":255,"column":12},"end":{"line":258,"column":null}},"115":{"start":{"line":256,"column":14},"end":{"line":256,"column":null}},"116":{"start":{"line":257,"column":14},"end":{"line":257,"column":null}},"117":{"start":{"line":261,"column":31},"end":{"line":261,"column":null}},"118":{"start":{"line":262,"column":31},"end":{"line":262,"column":null}},"119":{"start":{"line":264,"column":12},"end":{"line":267,"column":null}},"120":{"start":{"line":265,"column":14},"end":{"line":265,"column":null}},"121":{"start":{"line":266,"column":14},"end":{"line":266,"column":null}},"122":{"start":{"line":272,"column":28},"end":{"line":272,"column":null}},"123":{"start":{"line":273,"column":26},"end":{"line":273,"column":null}},"124":{"start":{"line":273,"column":54},"end":{"line":273,"column":58}},"125":{"start":{"line":275,"column":24},"end":{"line":275,"column":null}},"126":{"start":{"line":275,"column":48},"end":{"line":275,"column":68}},"127":{"start":{"line":276,"column":8},"end":{"line":279,"column":null}},"128":{"start":{"line":277,"column":10},"end":{"line":277,"column":null}},"129":{"start":{"line":277,"column":50},"end":{"line":277,"column":54}},"130":{"start":{"line":278,"column":10},"end":{"line":278,"column":null}},"131":{"start":{"line":282,"column":6},"end":{"line":284,"column":null}},"132":{"start":{"line":283,"column":8},"end":{"line":283,"column":null}},"133":{"start":{"line":286,"column":6},"end":{"line":290,"column":null}},"134":{"start":{"line":289,"column":8},"end":{"line":289,"column":null}},"135":{"start":{"line":292,"column":6},"end":{"line":292,"column":null}}},"fnMap":{"0":{"name":"(anonymous_0)","decl":{"start":{"line":16,"column":2},"end":{"line":16,"column":16}},"loc":{"start":{"line":16,"column":16},"end":{"line":21,"column":null}},"line":16},"1":{"name":"(anonymous_1)","decl":{"start":{"line":23,"column":16},"end":{"line":23,"column":30}},"loc":{"start":{"line":23,"column":30},"end":{"line":28,"column":null}},"line":23},"2":{"name":"(anonymous_2)","decl":{"start":{"line":30,"column":16},"end":{"line":30,"column":33}},"loc":{"start":{"line":30,"column":33},"end":{"line":32,"column":null}},"line":30},"3":{"name":"(anonymous_3)","decl":{"start":{"line":34,"column":10},"end":{"line":34,"column":17}},"loc":{"start":{"line":34,"column":17},"end":{"line":44,"column":null}},"line":34},"4":{"name":"(anonymous_4)","decl":{"start":{"line":36,"column":40},"end":{"line":36,"column":46}},"loc":{"start":{"line":36,"column":46},"end":{"line":36,"column":60}},"line":36},"5":{"name":"(anonymous_5)","decl":{"start":{"line":37,"column":52},"end":{"line":37,"column":58}},"loc":{"start":{"line":37,"column":58},"end":{"line":39,"column":7}},"line":37},"6":{"name":"(anonymous_6)","decl":{"start":{"line":42,"column":18},"end":{"line":42,"column":24}},"loc":{"start":{"line":42,"column":24},"end":{"line":42,"column":40}},"line":42},"7":{"name":"(anonymous_7)","decl":{"start":{"line":46,"column":10},"end":{"line":46,"column":22}},"loc":{"start":{"line":46,"column":22},"end":{"line":52,"column":null}},"line":46},"8":{"name":"(anonymous_8)","decl":{"start":{"line":57,"column":15},"end":{"line":57,"column":25}},"loc":{"start":{"line":57,"column":25},"end":{"line":61,"column":null}},"line":57},"9":{"name":"(anonymous_9)","decl":{"start":{"line":66,"column":9},"end":{"line":66,"column":23}},"loc":{"start":{"line":66,"column":23},"end":{"line":74,"column":null}},"line":66},"10":{"name":"(anonymous_10)","decl":{"start":{"line":70,"column":33},"end":{"line":70,"column":39}},"loc":{"start":{"line":70,"column":39},"end":{"line":73,"column":7}},"line":70},"11":{"name":"(anonymous_11)","decl":{"start":{"line":80,"column":15},"end":{"line":80,"column":34}},"loc":{"start":{"line":80,"column":34},"end":{"line":213,"column":null}},"line":80},"12":{"name":"(anonymous_12)","decl":{"start":{"line":158,"column":39},"end":{"line":158,"column":46}},"loc":{"start":{"line":158,"column":46},"end":{"line":162,"column":11}},"line":158},"13":{"name":"(anonymous_13)","decl":{"start":{"line":219,"column":15},"end":{"line":219,"column":32}},"loc":{"start":{"line":219,"column":32},"end":{"line":294,"column":null}},"line":219},"14":{"name":"(anonymous_14)","decl":{"start":{"line":273,"column":49},"end":{"line":273,"column":54}},"loc":{"start":{"line":273,"column":54},"end":{"line":273,"column":58}},"line":273},"15":{"name":"(anonymous_15)","decl":{"start":{"line":275,"column":43},"end":{"line":275,"column":48}},"loc":{"start":{"line":275,"column":48},"end":{"line":275,"column":68}},"line":275},"16":{"name":"(anonymous_16)","decl":{"start":{"line":277,"column":45},"end":{"line":277,"column":50}},"loc":{"start":{"line":277,"column":50},"end":{"line":277,"column":54}},"line":277}},"branchMap":{"0":{"loc":{"start":{"line":18,"column":4},"end":{"line":20,"column":null}},"type":"if","locations":[{"start":{"line":18,"column":4},"end":{"line":20,"column":null}},{"start":{},"end":{}}],"line":18},"1":{"loc":{"start":{"line":24,"column":4},"end":{"line":26,"column":null}},"type":"if","locations":[{"start":{"line":24,"column":4},"end":{"line":26,"column":null}},{"start":{},"end":{}}],"line":24},"2":{"loc":{"start":{"line":35,"column":4},"end":{"line":43,"column":null}},"type":"if","locations":[{"start":{"line":35,"column":4},"end":{"line":43,"column":null}},{"start":{},"end":{}}],"line":35},"3":{"loc":{"start":{"line":38,"column":8},"end":{"line":38,"column":null}},"type":"if","locations":[{"start":{"line":38,"column":8},"end":{"line":38,"column":null}},{"start":{},"end":{}}],"line":38},"4":{"loc":{"start":{"line":58,"column":4},"end":{"line":58,"column":null}},"type":"if","locations":[{"start":{"line":58,"column":4},"end":{"line":58,"column":null}},{"start":{},"end":{}}],"line":58},"5":{"loc":{"start":{"line":58,"column":8},"end":{"line":58,"column":42}},"type":"binary-expr","locations":[{"start":{"line":58,"column":8},"end":{"line":58,"column":26}},{"start":{"line":58,"column":26},"end":{"line":58,"column":42}}],"line":58},"6":{"loc":{"start":{"line":67,"column":4},"end":{"line":69,"column":null}},"type":"if","locations":[{"start":{"line":67,"column":4},"end":{"line":69,"column":null}},{"start":{},"end":{}}],"line":67},"7":{"loc":{"start":{"line":81,"column":4},"end":{"line":81,"column":null}},"type":"if","locations":[{"start":{"line":81,"column":4},"end":{"line":81,"column":null}},{"start":{},"end":{}}],"line":81},"8":{"loc":{"start":{"line":82,"column":4},"end":{"line":82,"column":null}},"type":"if","locations":[{"start":{"line":82,"column":4},"end":{"line":82,"column":null}},{"start":{},"end":{}}],"line":82},"9":{"loc":{"start":{"line":82,"column":8},"end":{"line":82,"column":63}},"type":"binary-expr","locations":[{"start":{"line":82,"column":8},"end":{"line":82,"column":44}},{"start":{"line":82,"column":44},"end":{"line":82,"column":63}}],"line":82},"10":{"loc":{"start":{"line":91,"column":6},"end":{"line":94,"column":null}},"type":"if","locations":[{"start":{"line":91,"column":6},"end":{"line":94,"column":null}},{"start":{},"end":{}}],"line":91},"11":{"loc":{"start":{"line":91,"column":10},"end":{"line":91,"column":39}},"type":"binary-expr","locations":[{"start":{"line":91,"column":10},"end":{"line":91,"column":23}},{"start":{"line":91,"column":23},"end":{"line":91,"column":39}}],"line":91},"12":{"loc":{"start":{"line":108,"column":8},"end":{"line":108,"column":null}},"type":"if","locations":[{"start":{"line":108,"column":8},"end":{"line":108,"column":null}},{"start":{},"end":{}}],"line":108},"13":{"loc":{"start":{"line":112,"column":10},"end":{"line":116,"column":null}},"type":"if","locations":[{"start":{"line":112,"column":10},"end":{"line":116,"column":null}},{"start":{},"end":{}}],"line":112},"14":{"loc":{"start":{"line":112,"column":14},"end":{"line":112,"column":60}},"type":"binary-expr","locations":[{"start":{"line":112,"column":14},"end":{"line":112,"column":32}},{"start":{"line":112,"column":32},"end":{"line":112,"column":60}}],"line":112},"15":{"loc":{"start":{"line":125,"column":10},"end":{"line":147,"column":null}},"type":"if","locations":[{"start":{"line":125,"column":10},"end":{"line":147,"column":null}},{"start":{},"end":{}}],"line":125},"16":{"loc":{"start":{"line":125,"column":14},"end":{"line":125,"column":43}},"type":"binary-expr","locations":[{"start":{"line":125,"column":14},"end":{"line":125,"column":29}},{"start":{"line":125,"column":29},"end":{"line":125,"column":43}}],"line":125},"17":{"loc":{"start":{"line":130,"column":12},"end":{"line":146,"column":null}},"type":"if","locations":[{"start":{"line":130,"column":12},"end":{"line":146,"column":null}},{"start":{},"end":{}}],"line":130},"18":{"loc":{"start":{"line":138,"column":14},"end":{"line":144,"column":null}},"type":"if","locations":[{"start":{"line":138,"column":14},"end":{"line":144,"column":null}},{"start":{},"end":{}}],"line":138},"19":{"loc":{"start":{"line":138,"column":18},"end":{"line":138,"column":50}},"type":"binary-expr","locations":[{"start":{"line":138,"column":18},"end":{"line":138,"column":32}},{"start":{"line":138,"column":32},"end":{"line":138,"column":50}}],"line":138},"20":{"loc":{"start":{"line":159,"column":12},"end":{"line":161,"column":null}},"type":"if","locations":[{"start":{"line":159,"column":12},"end":{"line":161,"column":null}},{"start":{},"end":{}}],"line":159},"21":{"loc":{"start":{"line":159,"column":16},"end":{"line":159,"column":60}},"type":"binary-expr","locations":[{"start":{"line":159,"column":16},"end":{"line":159,"column":39}},{"start":{"line":159,"column":39},"end":{"line":159,"column":60}}],"line":159},"22":{"loc":{"start":{"line":164,"column":10},"end":{"line":178,"column":null}},"type":"if","locations":[{"start":{"line":164,"column":10},"end":{"line":178,"column":null}},{"start":{},"end":{}}],"line":164},"23":{"loc":{"start":{"line":171,"column":12},"end":{"line":176,"column":null}},"type":"if","locations":[{"start":{"line":171,"column":12},"end":{"line":176,"column":null}},{"start":{"line":173,"column":19},"end":{"line":176,"column":null}}],"line":171},"24":{"loc":{"start":{"line":189,"column":10},"end":{"line":197,"column":null}},"type":"if","locations":[{"start":{"line":189,"column":10},"end":{"line":197,"column":null}},{"start":{"line":194,"column":17},"end":{"line":197,"column":null}}],"line":189},"25":{"loc":{"start":{"line":204,"column":6},"end":{"line":208,"column":null}},"type":"if","locations":[{"start":{"line":204,"column":6},"end":{"line":208,"column":null}},{"start":{"line":206,"column":13},"end":{"line":208,"column":null}}],"line":204},"26":{"loc":{"start":{"line":204,"column":10},"end":{"line":204,"column":83}},"type":"binary-expr","locations":[{"start":{"line":204,"column":10},"end":{"line":204,"column":34}},{"start":{"line":204,"column":34},"end":{"line":204,"column":83}}],"line":204},"27":{"loc":{"start":{"line":220,"column":4},"end":{"line":220,"column":null}},"type":"if","locations":[{"start":{"line":220,"column":4},"end":{"line":220,"column":null}},{"start":{},"end":{}}],"line":220},"28":{"loc":{"start":{"line":221,"column":4},"end":{"line":221,"column":null}},"type":"if","locations":[{"start":{"line":221,"column":4},"end":{"line":221,"column":null}},{"start":{},"end":{}}],"line":221},"29":{"loc":{"start":{"line":221,"column":8},"end":{"line":221,"column":63}},"type":"binary-expr","locations":[{"start":{"line":221,"column":8},"end":{"line":221,"column":44}},{"start":{"line":221,"column":44},"end":{"line":221,"column":63}}],"line":221},"30":{"loc":{"start":{"line":229,"column":6},"end":{"line":232,"column":null}},"type":"if","locations":[{"start":{"line":229,"column":6},"end":{"line":232,"column":null}},{"start":{},"end":{}}],"line":229},"31":{"loc":{"start":{"line":229,"column":10},"end":{"line":229,"column":39}},"type":"binary-expr","locations":[{"start":{"line":229,"column":10},"end":{"line":229,"column":23}},{"start":{"line":229,"column":23},"end":{"line":229,"column":39}}],"line":229},"32":{"loc":{"start":{"line":243,"column":8},"end":{"line":243,"column":null}},"type":"if","locations":[{"start":{"line":243,"column":8},"end":{"line":243,"column":null}},{"start":{},"end":{}}],"line":243},"33":{"loc":{"start":{"line":243,"column":12},"end":{"line":243,"column":34}},"type":"binary-expr","locations":[{"start":{"line":243,"column":12},"end":{"line":243,"column":21}},{"start":{"line":243,"column":21},"end":{"line":243,"column":34}}],"line":243},"34":{"loc":{"start":{"line":248,"column":10},"end":{"line":268,"column":null}},"type":"if","locations":[{"start":{"line":248,"column":10},"end":{"line":268,"column":null}},{"start":{"line":252,"column":10},"end":{"line":268,"column":null}}],"line":248},"35":{"loc":{"start":{"line":252,"column":10},"end":{"line":268,"column":null}},"type":"if","locations":[{"start":{"line":252,"column":10},"end":{"line":268,"column":null}},{"start":{"line":259,"column":17},"end":{"line":268,"column":null}}],"line":252},"36":{"loc":{"start":{"line":255,"column":12},"end":{"line":258,"column":null}},"type":"if","locations":[{"start":{"line":255,"column":12},"end":{"line":258,"column":null}},{"start":{},"end":{}}],"line":255},"37":{"loc":{"start":{"line":264,"column":12},"end":{"line":267,"column":null}},"type":"if","locations":[{"start":{"line":264,"column":12},"end":{"line":267,"column":null}},{"start":{},"end":{}}],"line":264},"38":{"loc":{"start":{"line":276,"column":8},"end":{"line":279,"column":null}},"type":"if","locations":[{"start":{"line":276,"column":8},"end":{"line":279,"column":null}},{"start":{},"end":{}}],"line":276},"39":{"loc":{"start":{"line":282,"column":6},"end":{"line":284,"column":null}},"type":"if","locations":[{"start":{"line":282,"column":6},"end":{"line":284,"column":null}},{"start":{},"end":{}}],"line":282},"40":{"loc":{"start":{"line":286,"column":6},"end":{"line":290,"column":null}},"type":"if","locations":[{"start":{"line":286,"column":6},"end":{"line":290,"column":null}},{"start":{"line":288,"column":13},"end":{"line":290,"column":null}}],"line":286},"41":{"loc":{"start":{"line":286,"column":10},"end":{"line":286,"column":83}},"type":"binary-expr","locations":[{"start":{"line":286,"column":10},"end":{"line":286,"column":34}},{"start":{"line":286,"column":34},"end":{"line":286,"column":83}}],"line":286}},"s":{"0":15,"1":15,"2":15,"3":15,"4":15,"5":0,"6":6,"7":6,"8":6,"9":6,"10":0,"11":0,"12":0,"13":0,"14":0,"15":0,"16":0,"17":0,"18":5,"19":5,"20":0,"21":1,"22":0,"23":1,"24":1,"25":1,"26":0,"27":1,"28":1,"29":1,"30":5,"31":0,"32":5,"33":1,"34":4,"35":4,"36":4,"37":4,"38":4,"39":0,"40":0,"41":4,"42":4,"43":5,"44":32,"45":32,"46":32,"47":29,"48":3,"49":3,"50":0,"51":0,"52":0,"53":3,"54":3,"55":1,"56":1,"57":1,"58":1,"59":1,"60":1,"61":1,"62":1,"63":2,"64":2,"65":2,"66":2,"67":2,"68":2,"69":24,"70":0,"71":2,"72":0,"73":0,"74":0,"75":0,"76":0,"77":0,"78":2,"79":2,"80":1,"81":1,"82":1,"83":4,"84":5,"85":0,"86":0,"87":0,"88":0,"89":4,"90":1,"91":0,"92":1,"93":0,"94":1,"95":1,"96":1,"97":1,"98":1,"99":1,"100":0,"101":0,"102":1,"103":1,"104":8,"105":8,"106":8,"107":8,"108":0,"109":0,"110":0,"111":0,"112":0,"113":0,"114":0,"115":0,"116":0,"117":0,"118":0,"119":0,"120":0,"121":0,"122":0,"123":0,"124":0,"125":0,"126":0,"127":0,"128":0,"129":0,"130":0,"131":1,"132":0,"133":0,"134":0,"135":1},"f":{"0":15,"1":11,"2":11,"3":0,"4":0,"5":0,"6":0,"7":5,"8":1,"9":1,"10":1,"11":5,"12":24,"13":1,"14":0,"15":0,"16":0},"b":{"0":[0,15],"1":[6,0],"2":[0,0],"3":[0,0],"4":[0,1],"5":[1,1],"6":[0,1],"7":[0,5],"8":[1,4],"9":[5,5],"10":[0,4],"11":[4,4],"12":[29,3],"13":[0,3],"14":[3,3],"15":[1,2],"16":[3,3],"17":[1,0],"18":[1,0],"19":[1,1],"20":[0,24],"21":[24,6],"22":[0,2],"23":[0,0],"24":[1,1],"25":[0,0],"26":[0,0],"27":[0,1],"28":[0,1],"29":[1,1],"30":[0,1],"31":[1,1],"32":[8,0],"33":[8,8],"34":[0,0],"35":[0,0],"36":[0,0],"37":[0,0],"38":[0,0],"39":[0,1],"40":[0,0],"41":[0,0]},"meta":{"lastBranch":42,"lastFunction":17,"lastStatement":136,"seen":{"s:12:22:12:Infinity":0,"s:13:22:13:Infinity":1,"s:14:61:14:Infinity":2,"f:16:2:16:16":0,"s:17:4:17:Infinity":3,"b:18:4:20:Infinity:undefined:undefined:undefined:undefined":0,"s:18:4:20:Infinity":4,"s:19:6:19:Infinity":5,"f:23:16:23:30":1,"b:24:4:26:Infinity:undefined:undefined:undefined:undefined":1,"s:24:4:26:Infinity":6,"s:25:6:25:Infinity":7,"s:27:4:27:Infinity":8,"f:30:16:30:33":2,"s:31:4:31:Infinity":9,"f:34:10:34:17":3,"b:35:4:43:Infinity:undefined:undefined:undefined:undefined":2,"s:35:4:43:Infinity":10,"s:36:6:36:Infinity":11,"f:36:40:36:46":4,"s:36:46:36:60":12,"s:37:6:39:Infinity":13,"f:37:52:37:58":5,"b:38:8:38:Infinity:undefined:undefined:undefined:undefined":3,"s:38:8:38:Infinity":14,"s:38:52:38:Infinity":15,"s:42:6:42:Infinity":16,"f:42:18:42:24":6,"s:42:24:42:40":17,"f:46:10:46:22":7,"s:47:4:51:Infinity":18,"s:48:6:48:Infinity":19,"s:50:6:50:Infinity":20,"f:57:15:57:25":8,"b:58:4:58:Infinity:undefined:undefined:undefined:undefined":4,"s:58:4:58:Infinity":21,"b:58:8:58:26:58:26:58:42":5,"s:58:42:58:Infinity":22,"s:59:4:59:Infinity":23,"s:60:4:60:Infinity":24,"f:66:9:66:23":9,"b:67:4:69:Infinity:undefined:undefined:undefined:undefined":6,"s:67:4:69:Infinity":25,"s:68:6:68:Infinity":26,"s:70:4:73:Infinity":27,"f:70:33:70:39":10,"s:71:6:71:Infinity":28,"s:72:6:72:Infinity":29,"f:80:15:80:34":11,"b:81:4:81:Infinity:undefined:undefined:undefined:undefined":7,"s:81:4:81:Infinity":30,"s:81:24:81:Infinity":31,"b:82:4:82:Infinity:undefined:undefined:undefined:undefined":8,"s:82:4:82:Infinity":32,"b:82:8:82:44:82:44:82:63":9,"s:82:63:82:Infinity":33,"s:84:4:84:Infinity":34,"s:85:18:85:Infinity":35,"s:87:4:212:Infinity":36,"s:90:54:90:Infinity":37,"b:91:6:94:Infinity:undefined:undefined:undefined:undefined":10,"s:91:6:94:Infinity":38,"b:91:10:91:23:91:23:91:39":11,"s:92:8:92:Infinity":39,"s:93:8:93:Infinity":40,"s:95:19:95:Infinity":41,"s:97:6:97:Infinity":42,"s:99:6:199:Infinity":43,"s:100:22:100:Infinity":44,"s:103:31:106:Infinity":45,"b:108:8:108:Infinity:undefined:undefined:undefined:undefined":12,"s:108:8:108:Infinity":46,"s:108:41:108:Infinity":47,"s:110:8:198:Infinity":48,"b:112:10:116:Infinity:undefined:undefined:undefined:undefined":13,"s:112:10:116:Infinity":49,"b:112:14:112:32:112:32:112:60":14,"s:113:12:113:Infinity":50,"s:114:12:114:Infinity":51,"s:115:12:115:Infinity":52,"s:119:60:123:Infinity":53,"b:125:10:147:Infinity:undefined:undefined:undefined:undefined":15,"s:125:10:147:Infinity":54,"b:125:14:125:29:125:29:125:43":16,"s:126:31:126:Infinity":55,"s:127:31:127:Infinity":56,"b:130:12:146:Infinity:undefined:undefined:undefined:undefined":17,"s:130:12:146:Infinity":57,"s:131:14:131:Infinity":58,"s:132:67:136:Infinity":59,"b:138:14:144:Infinity:undefined:undefined:undefined:undefined":18,"s:138:14:144:Infinity":60,"b:138:18:138:32:138:32:138:50":19,"s:139:16:143:Infinity":61,"s:145:14:145:Infinity":62,"s:151:60:151:Infinity":63,"s:152:10:152:Infinity":64,"s:153:10:153:Infinity":65,"s:154:10:154:Infinity":66,"s:155:10:155:Infinity":67,"s:158:10:162:Infinity":68,"f:158:39:158:46":12,"b:159:12:161:Infinity:undefined:undefined:undefined:undefined":20,"s:159:12:161:Infinity":69,"b:159:16:159:39:159:39:159:60":21,"s:160:14:160:Infinity":70,"b:164:10:178:Infinity:undefined:undefined:undefined:undefined":22,"s:164:10:178:Infinity":71,"s:166:43:169:Infinity":72,"b:171:12:176:Infinity:173:19:176:Infinity":23,"s:171:12:176:Infinity":73,"s:172:14:172:Infinity":74,"s:174:14:174:Infinity":75,"s:175:14:175:Infinity":76,"s:177:12:177:Infinity":77,"s:180:41:187:Infinity":78,"b:189:10:197:Infinity:194:17:197:Infinity":24,"s:189:10:197:Infinity":79,"s:190:12:193:Infinity":80,"s:195:12:195:Infinity":81,"s:196:12:196:Infinity":82,"s:201:6:201:Infinity":83,"s:202:6:202:Infinity":84,"b:204:6:208:Infinity:206:13:208:Infinity":25,"s:204:6:208:Infinity":85,"b:204:10:204:34:204:34:204:83":26,"s:205:8:205:Infinity":86,"s:207:8:207:Infinity":87,"s:209:6:209:Infinity":88,"s:211:6:211:Infinity":89,"f:219:15:219:32":13,"b:220:4:220:Infinity:undefined:undefined:undefined:undefined":27,"s:220:4:220:Infinity":90,"s:220:24:220:Infinity":91,"b:221:4:221:Infinity:undefined:undefined:undefined:undefined":28,"s:221:4:221:Infinity":92,"b:221:8:221:44:221:44:221:63":29,"s:221:63:221:Infinity":93,"s:223:4:223:Infinity":94,"s:224:18:224:Infinity":95,"s:225:21:225:Infinity":96,"s:227:4:293:Infinity":97,"s:228:54:228:Infinity":98,"b:229:6:232:Infinity:undefined:undefined:undefined:undefined":30,"s:229:6:232:Infinity":99,"b:229:10:229:23:229:23:229:39":31,"s:230:8:230:Infinity":100,"s:231:8:231:Infinity":101,"s:233:19:233:Infinity":102,"s:235:6:280:Infinity":103,"s:236:22:236:Infinity":104,"s:238:44:241:Infinity":105,"b:243:8:243:Infinity:undefined:undefined:undefined:undefined":32,"s:243:8:243:Infinity":106,"b:243:12:243:21:243:21:243:34":33,"s:243:34:243:Infinity":107,"s:245:8:269:Infinity":108,"s:246:24:246:Infinity":109,"b:248:10:268:Infinity:252:10:268:Infinity":34,"s:248:10:268:Infinity":110,"s:250:12:250:Infinity":111,"s:251:12:251:Infinity":112,"b:252:10:268:Infinity:259:17:268:Infinity":35,"s:252:10:268:Infinity":113,"b:255:12:258:Infinity:undefined:undefined:undefined:undefined":36,"s:255:12:258:Infinity":114,"s:256:14:256:Infinity":115,"s:257:14:257:Infinity":116,"s:261:31:261:Infinity":117,"s:262:31:262:Infinity":118,"b:264:12:267:Infinity:undefined:undefined:undefined:undefined":37,"s:264:12:267:Infinity":119,"s:265:14:265:Infinity":120,"s:266:14:266:Infinity":121,"s:272:28:272:Infinity":122,"s:273:26:273:Infinity":123,"f:273:49:273:54":14,"s:273:54:273:58":124,"s:275:24:275:Infinity":125,"f:275:43:275:48":15,"s:275:48:275:68":126,"b:276:8:279:Infinity:undefined:undefined:undefined:undefined":38,"s:276:8:279:Infinity":127,"s:277:10:277:Infinity":128,"f:277:45:277:50":16,"s:277:50:277:54":129,"s:278:10:278:Infinity":130,"b:282:6:284:Infinity:undefined:undefined:undefined:undefined":39,"s:282:6:284:Infinity":131,"s:283:8:283:Infinity":132,"b:286:6:290:Infinity:288:13:290:Infinity":40,"s:286:6:290:Infinity":133,"b:286:10:286:34:286:34:286:83":41,"s:289:8:289:Infinity":134,"s:292:6:292:Infinity":135}}}
,"D:\\software\\divi\\divi-app\\src\\core\\sync\\syncConfig.ts": {"path":"D:\\software\\divi\\divi-app\\src\\core\\sync\\syncConfig.ts","statementMap":{"0":{"start":{"line":5,"column":31},"end":{"line":14,"column":null}}},"fnMap":{},"branchMap":{},"s":{"0":11},"f":{},"b":{},"meta":{"lastBranch":0,"lastFunction":0,"lastStatement":1,"seen":{"s:5:31:14:Infinity":0}}}
,"D:\\software\\divi\\divi-app\\src\\core\\sync\\syncStore.ts": {"path":"D:\\software\\divi\\divi-app\\src\\core\\sync\\syncStore.ts","statementMap":{"0":{"start":{"line":13,"column":13},"end":{"line":63,"column":null}},"1":{"start":{"line":14,"column":16},"end":{"line":23,"column":null}},"2":{"start":{"line":26,"column":6},"end":{"line":26,"column":null}},"3":{"start":{"line":29,"column":6},"end":{"line":29,"column":null}},"4":{"start":{"line":32,"column":6},"end":{"line":32,"column":null}},"5":{"start":{"line":35,"column":6},"end":{"line":35,"column":null}},"6":{"start":{"line":38,"column":6},"end":{"line":38,"column":null}},"7":{"start":{"line":41,"column":6},"end":{"line":41,"column":null}},"8":{"start":{"line":42,"column":6},"end":{"line":42,"column":null}},"9":{"start":{"line":45,"column":6},"end":{"line":45,"column":null}},"10":{"start":{"line":48,"column":30},"end":{"line":52,"column":null}},"11":{"start":{"line":53,"column":6},"end":{"line":53,"column":null}},"12":{"start":{"line":55,"column":6},"end":{"line":57,"column":null}},"13":{"start":{"line":56,"column":8},"end":{"line":56,"column":null}},"14":{"start":{"line":60,"column":6},"end":{"line":60,"column":null}}},"fnMap":{"0":{"name":"(anonymous_0)","decl":{"start":{"line":14,"column":9},"end":{"line":14,"column":16}},"loc":{"start":{"line":14,"column":16},"end":{"line":23,"column":null}},"line":14},"1":{"name":"(anonymous_1)","decl":{"start":{"line":25,"column":4},"end":{"line":25,"column":19}},"loc":{"start":{"line":25,"column":19},"end":{"line":27,"column":null}},"line":25},"2":{"name":"(anonymous_2)","decl":{"start":{"line":28,"column":4},"end":{"line":28,"column":14}},"loc":{"start":{"line":28,"column":34},"end":{"line":30,"column":null}},"line":28},"3":{"name":"(anonymous_3)","decl":{"start":{"line":31,"column":4},"end":{"line":31,"column":20}},"loc":{"start":{"line":31,"column":34},"end":{"line":33,"column":null}},"line":31},"4":{"name":"(anonymous_4)","decl":{"start":{"line":34,"column":4},"end":{"line":34,"column":20}},"loc":{"start":{"line":34,"column":35},"end":{"line":36,"column":null}},"line":34},"5":{"name":"(anonymous_5)","decl":{"start":{"line":37,"column":4},"end":{"line":37,"column":23}},"loc":{"start":{"line":37,"column":38},"end":{"line":39,"column":null}},"line":37},"6":{"name":"(anonymous_6)","decl":{"start":{"line":40,"column":4},"end":{"line":40,"column":20}},"loc":{"start":{"line":40,"column":39},"end":{"line":43,"column":null}},"line":40},"7":{"name":"(anonymous_7)","decl":{"start":{"line":44,"column":4},"end":{"line":44,"column":13}},"loc":{"start":{"line":44,"column":35},"end":{"line":46,"column":null}},"line":44},"8":{"name":"(anonymous_8)","decl":{"start":{"line":47,"column":4},"end":{"line":47,"column":11}},"loc":{"start":{"line":47,"column":51},"end":{"line":58,"column":null}},"line":47},"9":{"name":"(anonymous_9)","decl":{"start":{"line":59,"column":4},"end":{"line":59,"column":16}},"loc":{"start":{"line":59,"column":16},"end":{"line":61,"column":null}},"line":59}},"branchMap":{"0":{"loc":{"start":{"line":19,"column":14},"end":{"line":19,"column":null}},"type":"cond-expr","locations":[{"start":{"line":19,"column":49},"end":{"line":19,"column":68}},{"start":{"line":19,"column":68},"end":{"line":19,"column":null}}],"line":19},"1":{"loc":{"start":{"line":42,"column":20},"end":{"line":42,"column":null}},"type":"cond-expr","locations":[{"start":{"line":42,"column":32},"end":{"line":42,"column":80}},{"start":{"line":42,"column":80},"end":{"line":42,"column":null}}],"line":42},"2":{"loc":{"start":{"line":42,"column":32},"end":{"line":42,"column":80}},"type":"cond-expr","locations":[{"start":{"line":42,"column":56},"end":{"line":42,"column":68}},{"start":{"line":42,"column":68},"end":{"line":42,"column":80}}],"line":42},"3":{"loc":{"start":{"line":55,"column":6},"end":{"line":57,"column":null}},"type":"if","locations":[{"start":{"line":55,"column":6},"end":{"line":57,"column":null}},{"start":{},"end":{}}],"line":55}},"s":{"0":13,"1":19,"2":0,"3":8,"4":4,"5":0,"6":0,"7":0,"8":0,"9":0,"10":0,"11":0,"12":0,"13":0,"14":0},"f":{"0":19,"1":0,"2":8,"3":4,"4":0,"5":0,"6":0,"7":0,"8":0,"9":0},"b":{"0":[19,0],"1":[0,0],"2":[0,0],"3":[0,0]},"meta":{"lastBranch":4,"lastFunction":10,"lastStatement":15,"seen":{"s:13:13:63:Infinity":0,"f:14:9:14:16":0,"s:14:16:23:Infinity":1,"b:19:49:19:68:19:68:19:Infinity":0,"f:25:4:25:19":1,"s:26:6:26:Infinity":2,"f:28:4:28:14":2,"s:29:6:29:Infinity":3,"f:31:4:31:20":3,"s:32:6:32:Infinity":4,"f:34:4:34:20":4,"s:35:6:35:Infinity":5,"f:37:4:37:23":5,"s:38:6:38:Infinity":6,"f:40:4:40:20":6,"s:41:6:41:Infinity":7,"s:42:6:42:Infinity":8,"b:42:32:42:80:42:80:42:Infinity":1,"b:42:56:42:68:42:68:42:80":2,"f:44:4:44:13":7,"s:45:6:45:Infinity":9,"f:47:4:47:11":8,"s:48:30:52:Infinity":10,"s:53:6:53:Infinity":11,"b:55:6:57:Infinity:undefined:undefined:undefined:undefined":3,"s:55:6:57:Infinity":12,"s:56:8:56:Infinity":13,"f:59:4:59:16":9,"s:60:6:60:Infinity":14}}}
,"D:\\software\\divi\\divi-app\\src\\core\\theme\\diviPreset.ts": {"path":"D:\\software\\divi\\divi-app\\src\\core\\theme\\diviPreset.ts","statementMap":{"0":{"start":{"line":4,"column":6},"end":{"line":157,"column":null}}},"fnMap":{},"branchMap":{},"s":{"0":1},"f":{},"b":{},"meta":{"lastBranch":0,"lastFunction":0,"lastStatement":1,"seen":{"s:4:6:157:Infinity":0}}}
,"D:\\software\\divi\\divi-app\\src\\core\\theme\\index.ts": {"path":"D:\\software\\divi\\divi-app\\src\\core\\theme\\index.ts","statementMap":{},"fnMap":{},"branchMap":{},"s":{},"f":{},"b":{},"meta":{"lastBranch":0,"lastFunction":0,"lastStatement":0,"seen":{}}}
,"D:\\software\\divi\\divi-app\\src\\core\\theme\\themeManager.ts": {"path":"D:\\software\\divi\\divi-app\\src\\core\\theme\\themeManager.ts","statementMap":{"0":{"start":{"line":6,"column":24},"end":{"line":20,"column":null}},"1":{"start":{"line":7,"column":8},"end":{"line":7,"column":null}},"2":{"start":{"line":10,"column":2},"end":{"line":10,"column":null}},"3":{"start":{"line":12,"column":24},"end":{"line":12,"column":null}},"4":{"start":{"line":14,"column":2},"end":{"line":19,"column":null}}},"fnMap":{"0":{"name":"(anonymous_0)","decl":{"start":{"line":6,"column":24},"end":{"line":6,"column":30}},"loc":{"start":{"line":6,"column":30},"end":{"line":20,"column":null}},"line":6}},"branchMap":{},"s":{"0":2,"1":5,"2":5,"3":5,"4":5},"f":{"0":5},"b":{},"meta":{"lastBranch":0,"lastFunction":1,"lastStatement":5,"seen":{"s:6:24:20:Infinity":0,"f:6:24:6:30":0,"s:7:8:7:Infinity":1,"s:10:2:10:Infinity":2,"s:12:24:12:Infinity":3,"s:14:2:19:Infinity":4}}}
,"D:\\software\\divi\\divi-app\\src\\modules\\activity-log\\application\\services\\ActivityLogService.ts": {"path":"D:\\software\\divi\\divi-app\\src\\modules\\activity-log\\application\\services\\ActivityLogService.ts","statementMap":{"0":{"start":{"line":7,"column":17},"end":{"line":7,"column":null}},"1":{"start":{"line":8,"column":4},"end":{"line":8,"column":null}},"2":{"start":{"line":12,"column":34},"end":{"line":16,"column":null}},"3":{"start":{"line":17,"column":4},"end":{"line":17,"column":null}}},"fnMap":{"0":{"name":"(anonymous_0)","decl":{"start":{"line":6,"column":8},"end":{"line":6,"column":51}},"loc":{"start":{"line":6,"column":51},"end":{"line":9,"column":null}},"line":6},"1":{"name":"(anonymous_1)","decl":{"start":{"line":11,"column":8},"end":{"line":11,"column":20}},"loc":{"start":{"line":11,"column":81},"end":{"line":18,"column":null}},"line":11}},"branchMap":{},"s":{"0":0,"1":0,"2":1,"3":1},"f":{"0":0,"1":1},"b":{},"meta":{"lastBranch":0,"lastFunction":2,"lastStatement":4,"seen":{"f:6:8:6:51":0,"s:7:17:7:Infinity":0,"s:8:4:8:Infinity":1,"f:11:8:11:20":1,"s:12:34:16:Infinity":2,"s:17:4:17:Infinity":3}}}
,"D:\\software\\divi\\divi-app\\src\\modules\\auth\\application\\authStore.ts": {"path":"D:\\software\\divi\\divi-app\\src\\modules\\auth\\application\\authStore.ts","statementMap":{"0":{"start":{"line":6,"column":13},"end":{"line":39,"column":null}},"1":{"start":{"line":7,"column":8},"end":{"line":7,"column":null}},"2":{"start":{"line":9,"column":8},"end":{"line":9,"column":null}},"3":{"start":{"line":9,"column":41},"end":{"line":9,"column":60}},"4":{"start":{"line":12,"column":4},"end":{"line":12,"column":null}},"5":{"start":{"line":16,"column":4},"end":{"line":16,"column":null}},"6":{"start":{"line":21,"column":24},"end":{"line":21,"column":null}},"7":{"start":{"line":22,"column":4},"end":{"line":24,"column":null}},"8":{"start":{"line":23,"column":6},"end":{"line":23,"column":null}},"9":{"start":{"line":27,"column":4},"end":{"line":29,"column":null}},"10":{"start":{"line":28,"column":6},"end":{"line":28,"column":null}},"11":{"start":{"line":32,"column":2},"end":{"line":38,"column":null}}},"fnMap":{"0":{"name":"(anonymous_0)","decl":{"start":{"line":6,"column":48},"end":{"line":6,"column":54}},"loc":{"start":{"line":6,"column":54},"end":{"line":39,"column":1}},"line":6},"1":{"name":"(anonymous_1)","decl":{"start":{"line":9,"column":35},"end":{"line":9,"column":41}},"loc":{"start":{"line":9,"column":41},"end":{"line":9,"column":60}},"line":9},"2":{"name":"setUser","decl":{"start":{"line":11,"column":11},"end":{"line":11,"column":19}},"loc":{"start":{"line":11,"column":34},"end":{"line":13,"column":null}},"line":11},"3":{"name":"clearUser","decl":{"start":{"line":15,"column":11},"end":{"line":15,"column":23}},"loc":{"start":{"line":15,"column":23},"end":{"line":17,"column":null}},"line":15},"4":{"name":"initialize","decl":{"start":{"line":19,"column":17},"end":{"line":19,"column":28}},"loc":{"start":{"line":19,"column":55},"end":{"line":30,"column":null}},"line":19},"5":{"name":"(anonymous_5)","decl":{"start":{"line":27,"column":34},"end":{"line":27,"column":35}},"loc":{"start":{"line":27,"column":60},"end":{"line":29,"column":5}},"line":27}},"branchMap":{"0":{"loc":{"start":{"line":22,"column":4},"end":{"line":24,"column":null}},"type":"if","locations":[{"start":{"line":22,"column":4},"end":{"line":24,"column":null}},{"start":{},"end":{}}],"line":22}},"s":{"0":9,"1":18,"2":18,"3":7,"4":2,"5":1,"6":3,"7":3,"8":1,"9":3,"10":3,"11":18},"f":{"0":18,"1":7,"2":2,"3":1,"4":3,"5":3},"b":{"0":[1,2]},"meta":{"lastBranch":1,"lastFunction":6,"lastStatement":12,"seen":{"s:6:13:39:Infinity":0,"f:6:48:6:54":0,"s:7:8:7:Infinity":1,"s:9:8:9:Infinity":2,"f:9:35:9:41":1,"s:9:41:9:60":3,"f:11:11:11:19":2,"s:12:4:12:Infinity":4,"f:15:11:15:23":3,"s:16:4:16:Infinity":5,"f:19:17:19:28":4,"s:21:24:21:Infinity":6,"b:22:4:24:Infinity:undefined:undefined:undefined:undefined":0,"s:22:4:24:Infinity":7,"s:23:6:23:Infinity":8,"s:27:4:29:Infinity":9,"f:27:34:27:35":5,"s:28:6:28:Infinity":10,"s:32:2:38:Infinity":11}}}
,"D:\\software\\divi\\divi-app\\src\\modules\\auth\\infrastructure\\SupabaseAuth.ts": {"path":"D:\\software\\divi\\divi-app\\src\\modules\\auth\\infrastructure\\SupabaseAuth.ts","statementMap":{"0":{"start":{"line":8,"column":4},"end":{"line":13,"column":null}},"1":{"start":{"line":17,"column":22},"end":{"line":20,"column":null}},"2":{"start":{"line":22,"column":4},"end":{"line":22,"column":null}},"3":{"start":{"line":22,"column":15},"end":{"line":22,"column":null}},"4":{"start":{"line":26,"column":22},"end":{"line":29,"column":null}},"5":{"start":{"line":31,"column":4},"end":{"line":31,"column":null}},"6":{"start":{"line":31,"column":15},"end":{"line":31,"column":null}},"7":{"start":{"line":35,"column":4},"end":{"line":35,"column":null}},"8":{"start":{"line":39,"column":31},"end":{"line":39,"column":null}},"9":{"start":{"line":41,"column":4},"end":{"line":41,"column":null}},"10":{"start":{"line":41,"column":15},"end":{"line":41,"column":null}},"11":{"start":{"line":43,"column":4},"end":{"line":48,"column":null}},"12":{"start":{"line":52,"column":4},"end":{"line":63,"column":null}},"13":{"start":{"line":53,"column":6},"end":{"line":62,"column":null}},"14":{"start":{"line":54,"column":8},"end":{"line":59,"column":null}},"15":{"start":{"line":61,"column":8},"end":{"line":61,"column":null}}},"fnMap":{"0":{"name":"(anonymous_0)","decl":{"start":{"line":7,"column":8},"end":{"line":7,"column":42}},"loc":{"start":{"line":7,"column":42},"end":{"line":14,"column":null}},"line":7},"1":{"name":"(anonymous_1)","decl":{"start":{"line":16,"column":8},"end":{"line":16,"column":24}},"loc":{"start":{"line":16,"column":65},"end":{"line":23,"column":null}},"line":16},"2":{"name":"(anonymous_2)","decl":{"start":{"line":25,"column":8},"end":{"line":25,"column":26}},"loc":{"start":{"line":25,"column":67},"end":{"line":32,"column":null}},"line":25},"3":{"name":"(anonymous_3)","decl":{"start":{"line":34,"column":8},"end":{"line":34,"column":33}},"loc":{"start":{"line":34,"column":33},"end":{"line":36,"column":null}},"line":34},"4":{"name":"(anonymous_4)","decl":{"start":{"line":38,"column":8},"end":{"line":38,"column":47}},"loc":{"start":{"line":38,"column":47},"end":{"line":49,"column":null}},"line":38},"5":{"name":"(anonymous_5)","decl":{"start":{"line":51,"column":2},"end":{"line":51,"column":20}},"loc":{"start":{"line":51,"column":65},"end":{"line":64,"column":null}},"line":51},"6":{"name":"(anonymous_6)","decl":{"start":{"line":52,"column":36},"end":{"line":52,"column":37}},"loc":{"start":{"line":52,"column":56},"end":{"line":63,"column":5}},"line":52}},"branchMap":{"0":{"loc":{"start":{"line":22,"column":4},"end":{"line":22,"column":null}},"type":"if","locations":[{"start":{"line":22,"column":4},"end":{"line":22,"column":null}},{"start":{},"end":{}}],"line":22},"1":{"loc":{"start":{"line":31,"column":4},"end":{"line":31,"column":null}},"type":"if","locations":[{"start":{"line":31,"column":4},"end":{"line":31,"column":null}},{"start":{},"end":{}}],"line":31},"2":{"loc":{"start":{"line":41,"column":4},"end":{"line":41,"column":null}},"type":"if","locations":[{"start":{"line":41,"column":4},"end":{"line":41,"column":null}},{"start":{},"end":{}}],"line":41},"3":{"loc":{"start":{"line":53,"column":6},"end":{"line":62,"column":null}},"type":"if","locations":[{"start":{"line":53,"column":6},"end":{"line":62,"column":null}},{"start":{"line":60,"column":13},"end":{"line":62,"column":null}}],"line":53}},"s":{"0":1,"1":2,"2":2,"3":1,"4":2,"5":2,"6":1,"7":1,"8":2,"9":2,"10":1,"11":1,"12":2,"13":2,"14":1,"15":1},"f":{"0":1,"1":2,"2":2,"3":1,"4":2,"5":2,"6":2},"b":{"0":[1,1],"1":[1,1],"2":[1,1],"3":[1,1]},"meta":{"lastBranch":4,"lastFunction":7,"lastStatement":16,"seen":{"f:7:8:7:42":0,"s:8:4:13:Infinity":0,"f:16:8:16:24":1,"s:17:22:20:Infinity":1,"b:22:4:22:Infinity:undefined:undefined:undefined:undefined":0,"s:22:4:22:Infinity":2,"s:22:15:22:Infinity":3,"f:25:8:25:26":2,"s:26:22:29:Infinity":4,"b:31:4:31:Infinity:undefined:undefined:undefined:undefined":1,"s:31:4:31:Infinity":5,"s:31:15:31:Infinity":6,"f:34:8:34:33":3,"s:35:4:35:Infinity":7,"f:38:8:38:47":4,"s:39:31:39:Infinity":8,"b:41:4:41:Infinity:undefined:undefined:undefined:undefined":2,"s:41:4:41:Infinity":9,"s:41:15:41:Infinity":10,"s:43:4:48:Infinity":11,"f:51:2:51:20":5,"s:52:4:63:Infinity":12,"f:52:36:52:37":6,"b:53:6:62:Infinity:60:13:62:Infinity":3,"s:53:6:62:Infinity":13,"s:54:8:59:Infinity":14,"s:61:8:61:Infinity":15}}}
,"D:\\software\\divi\\divi-app\\src\\modules\\auth\\infrastructure\\services\\SupabaseAuthService.ts": {"path":"D:\\software\\divi\\divi-app\\src\\modules\\auth\\infrastructure\\services\\SupabaseAuthService.ts","statementMap":{"0":{"start":{"line":8,"column":24},"end":{"line":8,"column":null}},"1":{"start":{"line":9,"column":22},"end":{"line":14,"column":null}},"2":{"start":{"line":16,"column":4},"end":{"line":16,"column":null}},"3":{"start":{"line":16,"column":15},"end":{"line":16,"column":null}},"4":{"start":{"line":21,"column":55},"end":{"line":21,"column":null}},"5":{"start":{"line":23,"column":4},"end":{"line":23,"column":null}},"6":{"start":{"line":23,"column":34},"end":{"line":23,"column":null}},"7":{"start":{"line":26,"column":4},"end":{"line":28,"column":null}},"8":{"start":{"line":27,"column":6},"end":{"line":27,"column":null}},"9":{"start":{"line":32,"column":15},"end":{"line":32,"column":null}},"10":{"start":{"line":34,"column":4},"end":{"line":43,"column":null}},"11":{"start":{"line":35,"column":6},"end":{"line":42,"column":null}},"12":{"start":{"line":36,"column":67},"end":{"line":36,"column":null}},"13":{"start":{"line":37,"column":8},"end":{"line":39,"column":null}},"14":{"start":{"line":38,"column":10},"end":{"line":38,"column":null}},"15":{"start":{"line":41,"column":8},"end":{"line":41,"column":null}},"16":{"start":{"line":45,"column":4},"end":{"line":50,"column":null}},"17":{"start":{"line":54,"column":22},"end":{"line":57,"column":null}},"18":{"start":{"line":59,"column":4},"end":{"line":59,"column":null}},"19":{"start":{"line":59,"column":15},"end":{"line":59,"column":null}},"20":{"start":{"line":63,"column":22},"end":{"line":66,"column":null}},"21":{"start":{"line":68,"column":4},"end":{"line":68,"column":null}},"22":{"start":{"line":68,"column":15},"end":{"line":68,"column":null}},"23":{"start":{"line":72,"column":4},"end":{"line":85,"column":null}},"24":{"start":{"line":73,"column":6},"end":{"line":76,"column":null}},"25":{"start":{"line":74,"column":8},"end":{"line":74,"column":null}},"26":{"start":{"line":75,"column":8},"end":{"line":75,"column":null}},"27":{"start":{"line":78,"column":19},"end":{"line":78,"column":null}},"28":{"start":{"line":79,"column":6},"end":{"line":84,"column":null}},"29":{"start":{"line":89,"column":22},"end":{"line":89,"column":null}},"30":{"start":{"line":90,"column":4},"end":{"line":90,"column":null}},"31":{"start":{"line":90,"column":15},"end":{"line":90,"column":null}}},"fnMap":{"0":{"name":"(anonymous_0)","decl":{"start":{"line":7,"column":8},"end":{"line":7,"column":42}},"loc":{"start":{"line":7,"column":42},"end":{"line":17,"column":null}},"line":7},"1":{"name":"(anonymous_1)","decl":{"start":{"line":19,"column":8},"end":{"line":19,"column":47}},"loc":{"start":{"line":19,"column":47},"end":{"line":51,"column":null}},"line":19},"2":{"name":"(anonymous_2)","decl":{"start":{"line":53,"column":8},"end":{"line":53,"column":24}},"loc":{"start":{"line":53,"column":65},"end":{"line":60,"column":null}},"line":53},"3":{"name":"(anonymous_3)","decl":{"start":{"line":62,"column":8},"end":{"line":62,"column":26}},"loc":{"start":{"line":62,"column":67},"end":{"line":69,"column":null}},"line":62},"4":{"name":"(anonymous_4)","decl":{"start":{"line":71,"column":2},"end":{"line":71,"column":20}},"loc":{"start":{"line":71,"column":65},"end":{"line":86,"column":null}},"line":71},"5":{"name":"(anonymous_5)","decl":{"start":{"line":72,"column":36},"end":{"line":72,"column":37}},"loc":{"start":{"line":72,"column":57},"end":{"line":85,"column":5}},"line":72},"6":{"name":"(anonymous_6)","decl":{"start":{"line":88,"column":8},"end":{"line":88,"column":33}},"loc":{"start":{"line":88,"column":33},"end":{"line":91,"column":null}},"line":88}},"branchMap":{"0":{"loc":{"start":{"line":8,"column":24},"end":{"line":8,"column":null}},"type":"binary-expr","locations":[{"start":{"line":8,"column":24},"end":{"line":8,"column":66}},{"start":{"line":8,"column":66},"end":{"line":8,"column":null}}],"line":8},"1":{"loc":{"start":{"line":16,"column":4},"end":{"line":16,"column":null}},"type":"if","locations":[{"start":{"line":16,"column":4},"end":{"line":16,"column":null}},{"start":{},"end":{}}],"line":16},"2":{"loc":{"start":{"line":23,"column":4},"end":{"line":23,"column":null}},"type":"if","locations":[{"start":{"line":23,"column":4},"end":{"line":23,"column":null}},{"start":{},"end":{}}],"line":23},"3":{"loc":{"start":{"line":23,"column":8},"end":{"line":23,"column":34}},"type":"binary-expr","locations":[{"start":{"line":23,"column":8},"end":{"line":23,"column":24}},{"start":{"line":23,"column":24},"end":{"line":23,"column":34}}],"line":23},"4":{"loc":{"start":{"line":26,"column":4},"end":{"line":28,"column":null}},"type":"if","locations":[{"start":{"line":26,"column":4},"end":{"line":28,"column":null}},{"start":{},"end":{}}],"line":26},"5":{"loc":{"start":{"line":26,"column":8},"end":{"line":26,"column":88}},"type":"binary-expr","locations":[{"start":{"line":26,"column":8},"end":{"line":26,"column":41}},{"start":{"line":26,"column":41},"end":{"line":26,"column":88}}],"line":26},"6":{"loc":{"start":{"line":34,"column":4},"end":{"line":43,"column":null}},"type":"if","locations":[{"start":{"line":34,"column":4},"end":{"line":43,"column":null}},{"start":{},"end":{}}],"line":34},"7":{"loc":{"start":{"line":34,"column":8},"end":{"line":34,"column":62}},"type":"binary-expr","locations":[{"start":{"line":34,"column":8},"end":{"line":34,"column":44}},{"start":{"line":34,"column":44},"end":{"line":34,"column":62}}],"line":34},"8":{"loc":{"start":{"line":37,"column":8},"end":{"line":39,"column":null}},"type":"if","locations":[{"start":{"line":37,"column":8},"end":{"line":39,"column":null}},{"start":{},"end":{}}],"line":37},"9":{"loc":{"start":{"line":37,"column":12},"end":{"line":37,"column":40}},"type":"binary-expr","locations":[{"start":{"line":37,"column":12},"end":{"line":37,"column":26}},{"start":{"line":37,"column":26},"end":{"line":37,"column":40}}],"line":37},"10":{"loc":{"start":{"line":59,"column":4},"end":{"line":59,"column":null}},"type":"if","locations":[{"start":{"line":59,"column":4},"end":{"line":59,"column":null}},{"start":{},"end":{}}],"line":59},"11":{"loc":{"start":{"line":68,"column":4},"end":{"line":68,"column":null}},"type":"if","locations":[{"start":{"line":68,"column":4},"end":{"line":68,"column":null}},{"start":{},"end":{}}],"line":68},"12":{"loc":{"start":{"line":73,"column":6},"end":{"line":76,"column":null}},"type":"if","locations":[{"start":{"line":73,"column":6},"end":{"line":76,"column":null}},{"start":{},"end":{}}],"line":73},"13":{"loc":{"start":{"line":90,"column":4},"end":{"line":90,"column":null}},"type":"if","locations":[{"start":{"line":90,"column":4},"end":{"line":90,"column":null}},{"start":{},"end":{}}],"line":90}},"s":{"0":0,"1":0,"2":0,"3":0,"4":4,"5":4,"6":4,"7":0,"8":0,"9":0,"10":0,"11":0,"12":0,"13":0,"14":0,"15":0,"16":0,"17":0,"18":0,"19":0,"20":0,"21":0,"22":0,"23":2,"24":2,"25":2,"26":2,"27":0,"28":0,"29":0,"30":0,"31":0},"f":{"0":0,"1":4,"2":0,"3":0,"4":2,"5":2,"6":0},"b":{"0":[0,0],"1":[0,0],"2":[4,0],"3":[4,4],"4":[0,0],"5":[0,0],"6":[0,0],"7":[0,0],"8":[0,0],"9":[0,0],"10":[0,0],"11":[0,0],"12":[2,0],"13":[0,0]},"meta":{"lastBranch":14,"lastFunction":7,"lastStatement":32,"seen":{"f:7:8:7:42":0,"s:8:24:8:Infinity":0,"b:8:24:8:66:8:66:8:Infinity":0,"s:9:22:14:Infinity":1,"b:16:4:16:Infinity:undefined:undefined:undefined:undefined":1,"s:16:4:16:Infinity":2,"s:16:15:16:Infinity":3,"f:19:8:19:47":1,"s:21:55:21:Infinity":4,"b:23:4:23:Infinity:undefined:undefined:undefined:undefined":2,"s:23:4:23:Infinity":5,"b:23:8:23:24:23:24:23:34":3,"s:23:34:23:Infinity":6,"b:26:4:28:Infinity:undefined:undefined:undefined:undefined":4,"s:26:4:28:Infinity":7,"b:26:8:26:41:26:41:26:88":5,"s:27:6:27:Infinity":8,"s:32:15:32:Infinity":9,"b:34:4:43:Infinity:undefined:undefined:undefined:undefined":6,"s:34:4:43:Infinity":10,"b:34:8:34:44:34:44:34:62":7,"s:35:6:42:Infinity":11,"s:36:67:36:Infinity":12,"b:37:8:39:Infinity:undefined:undefined:undefined:undefined":8,"s:37:8:39:Infinity":13,"b:37:12:37:26:37:26:37:40":9,"s:38:10:38:Infinity":14,"s:41:8:41:Infinity":15,"s:45:4:50:Infinity":16,"f:53:8:53:24":2,"s:54:22:57:Infinity":17,"b:59:4:59:Infinity:undefined:undefined:undefined:undefined":10,"s:59:4:59:Infinity":18,"s:59:15:59:Infinity":19,"f:62:8:62:26":3,"s:63:22:66:Infinity":20,"b:68:4:68:Infinity:undefined:undefined:undefined:undefined":11,"s:68:4:68:Infinity":21,"s:68:15:68:Infinity":22,"f:71:2:71:20":4,"s:72:4:85:Infinity":23,"f:72:36:72:37":5,"b:73:6:76:Infinity:undefined:undefined:undefined:undefined":12,"s:73:6:76:Infinity":24,"s:74:8:74:Infinity":25,"s:75:8:75:Infinity":26,"s:78:19:78:Infinity":27,"s:79:6:84:Infinity":28,"f:88:8:88:33":6,"s:89:22:89:Infinity":29,"b:90:4:90:Infinity:undefined:undefined:undefined:undefined":13,"s:90:4:90:Infinity":30,"s:90:15:90:Infinity":31}}}
[...]
,"D:\\software\\divi\\divi-app\\src\\shared\\stores\\themeStore.ts": {"path":"D:\\software\\divi\\divi-app\\src\\shared\\stores\\themeStore.ts","statementMap":{"0":{"start":{"line":6,"column":13},"end":{"line":65,"column":null}},"1":{"start":{"line":7,"column":8},"end":{"line":7,"column":null}},"2":{"start":{"line":9,"column":21},"end":{"line":23,"column":null}},"3":{"start":{"line":10,"column":17},"end":{"line":10,"column":null}},"4":{"start":{"line":12,"column":6},"end":{"line":14,"column":null}},"5":{"start":{"line":16,"column":4},"end":{"line":22,"column":null}},"6":{"start":{"line":17,"column":6},"end":{"line":21,"column":null}},"7":{"start":{"line":18,"column":8},"end":{"line":18,"column":null}},"8":{"start":{"line":20,"column":8},"end":{"line":20,"column":null}},"9":{"start":{"line":25,"column":22},"end":{"line":25,"column":null}},"10":{"start":{"line":26,"column":29},"end":{"line":39,"column":null}},"11":{"start":{"line":27,"column":4},"end":{"line":27,"column":null}},"12":{"start":{"line":27,"column":23},"end":{"line":27,"column":null}},"13":{"start":{"line":28,"column":4},"end":{"line":28,"column":null}},"14":{"start":{"line":30,"column":4},"end":{"line":30,"column":null}},"15":{"start":{"line":32,"column":4},"end":{"line":32,"column":null}},"16":{"start":{"line":34,"column":4},"end":{"line":38,"column":null}},"17":{"start":{"line":35,"column":6},"end":{"line":37,"column":null}},"18":{"start":{"line":36,"column":8},"end":{"line":36,"column":null}},"19":{"start":{"line":41,"column":19},"end":{"line":45,"column":null}},"20":{"start":{"line":42,"column":4},"end":{"line":42,"column":null}},"21":{"start":{"line":42,"column":39},"end":{"line":42,"column":null}},"22":{"start":{"line":43,"column":4},"end":{"line":43,"column":null}},"23":{"start":{"line":44,"column":4},"end":{"line":44,"column":null}},"24":{"start":{"line":47,"column":8},"end":{"line":52,"column":null}},"25":{"start":{"line":48,"column":4},"end":{"line":50,"column":null}},"26":{"start":{"line":49,"column":6},"end":{"line":49,"column":null}},"27":{"start":{"line":51,"column":4},"end":{"line":51,"column":null}},"28":{"start":{"line":54,"column":17},"end":{"line":56,"column":null}},"29":{"start":{"line":55,"column":4},"end":{"line":55,"column":null}},"30":{"start":{"line":58,"column":2},"end":{"line":64,"column":null}}},"fnMap":{"0":{"name":"(anonymous_0)","decl":{"start":{"line":6,"column":50},"end":{"line":6,"column":56}},"loc":{"start":{"line":6,"column":56},"end":{"line":65,"column":1}},"line":6},"1":{"name":"(anonymous_1)","decl":{"start":{"line":9,"column":21},"end":{"line":9,"column":27}},"loc":{"start":{"line":9,"column":27},"end":{"line":23,"column":null}},"line":9},"2":{"name":"(anonymous_2)","decl":{"start":{"line":16,"column":26},"end":{"line":16,"column":32}},"loc":{"start":{"line":16,"column":32},"end":{"line":22,"column":5}},"line":16},"3":{"name":"(anonymous_3)","decl":{"start":{"line":26,"column":29},"end":{"line":26,"column":35}},"loc":{"start":{"line":26,"column":35},"end":{"line":39,"column":null}},"line":26},"4":{"name":"(anonymous_4)","decl":{"start":{"line":34,"column":81},"end":{"line":34,"column":87}},"loc":{"start":{"line":34,"column":87},"end":{"line":38,"column":5}},"line":34},"5":{"name":"(anonymous_5)","decl":{"start":{"line":41,"column":19},"end":{"line":41,"column":20}},"loc":{"start":{"line":41,"column":40},"end":{"line":45,"column":null}},"line":41},"6":{"name":"(anonymous_6)","decl":{"start":{"line":47,"column":26},"end":{"line":47,"column":32}},"loc":{"start":{"line":47,"column":32},"end":{"line":52,"column":3}},"line":47},"7":{"name":"(anonymous_7)","decl":{"start":{"line":54,"column":17},"end":{"line":54,"column":23}},"loc":{"start":{"line":54,"column":23},"end":{"line":56,"column":null}},"line":54}},"branchMap":{"0":{"loc":{"start":{"line":7,"column":33},"end":{"line":7,"column":92}},"type":"binary-expr","locations":[{"start":{"line":7,"column":33},"end":{"line":7,"column":84}},{"start":{"line":7,"column":84},"end":{"line":7,"column":92}}],"line":7},"1":{"loc":{"start":{"line":12,"column":6},"end":{"line":14,"column":null}},"type":"cond-expr","locations":[{"start":{"line":13,"column":10},"end":{"line":13,"column":null}},{"start":{"line":14,"column":10},"end":{"line":14,"column":null}}],"line":12},"2":{"loc":{"start":{"line":17,"column":6},"end":{"line":21,"column":null}},"type":"if","locations":[{"start":{"line":17,"column":6},"end":{"line":21,"column":null}},{"start":{"line":19,"column":13},"end":{"line":21,"column":null}}],"line":17},"3":{"loc":{"start":{"line":27,"column":4},"end":{"line":27,"column":null}},"type":"if","locations":[{"start":{"line":27,"column":4},"end":{"line":27,"column":null}},{"start":{},"end":{}}],"line":27},"4":{"loc":{"start":{"line":35,"column":6},"end":{"line":37,"column":null}},"type":"if","locations":[{"start":{"line":35,"column":6},"end":{"line":37,"column":null}},{"start":{},"end":{}}],"line":35},"5":{"loc":{"start":{"line":42,"column":4},"end":{"line":42,"column":null}},"type":"if","locations":[{"start":{"line":42,"column":4},"end":{"line":42,"column":null}},{"start":{},"end":{}}],"line":42},"6":{"loc":{"start":{"line":48,"column":4},"end":{"line":50,"column":null}},"type":"if","locations":[{"start":{"line":48,"column":4},"end":{"line":50,"column":null}},{"start":{},"end":{}}],"line":48},"7":{"loc":{"start":{"line":55,"column":13},"end":{"line":55,"column":44}},"type":"cond-expr","locations":[{"start":{"line":55,"column":28},"end":{"line":55,"column":38}},{"start":{"line":55,"column":38},"end":{"line":55,"column":44}}],"line":55}},"s":{"0":3,"1":9,"2":9,"3":7,"4":7,"5":7,"6":7,"7":2,"8":5,"9":9,"10":9,"11":5,"12":0,"13":5,"14":5,"15":5,"16":5,"17":0,"18":0,"19":9,"20":7,"21":0,"22":7,"23":7,"24":9,"25":8,"26":2,"27":6,"28":9,"29":3,"30":9},"f":{"0":9,"1":7,"2":7,"3":5,"4":0,"5":7,"6":8,"7":3},"b":{"0":[9,8],"1":[2,5],"2":[2,5],"3":[0,5],"4":[0,0],"5":[0,7],"6":[2,6],"7":[1,2]},"meta":{"lastBranch":8,"lastFunction":8,"lastStatement":31,"seen":{"s:6:13:65:Infinity":0,"f:6:50:6:56":0,"s:7:8:7:Infinity":1,"b:7:33:7:84:7:84:7:92":0,"s:9:21:23:Infinity":2,"f:9:21:9:27":1,"s:10:17:10:Infinity":3,"s:12:6:14:Infinity":4,"b:13:10:13:Infinity:14:10:14:Infinity":1,"s:16:4:22:Infinity":5,"f:16:26:16:32":2,"b:17:6:21:Infinity:19:13:21:Infinity":2,"s:17:6:21:Infinity":6,"s:18:8:18:Infinity":7,"s:20:8:20:Infinity":8,"s:25:22:25:Infinity":9,"s:26:29:39:Infinity":10,"f:26:29:26:35":3,"b:27:4:27:Infinity:undefined:undefined:undefined:undefined":3,"s:27:4:27:Infinity":11,"s:27:23:27:Infinity":12,"s:28:4:28:Infinity":13,"s:30:4:30:Infinity":14,"s:32:4:32:Infinity":15,"s:34:4:38:Infinity":16,"f:34:81:34:87":4,"b:35:6:37:Infinity:undefined:undefined:undefined:undefined":4,"s:35:6:37:Infinity":17,"s:36:8:36:Infinity":18,"s:41:19:45:Infinity":19,"f:41:19:41:20":5,"b:42:4:42:Infinity:undefined:undefined:undefined:undefined":5,"s:42:4:42:Infinity":20,"s:42:39:42:Infinity":21,"s:43:4:43:Infinity":22,"s:44:4:44:Infinity":23,"s:47:8:52:Infinity":24,"f:47:26:47:32":6,"b:48:4:50:Infinity:undefined:undefined:undefined:undefined":6,"s:48:4:50:Infinity":25,"s:49:6:49:Infinity":26,"s:51:4:51:Infinity":27,"s:54:17:56:Infinity":28,"f:54:17:54:23":7,"s:55:4:55:Infinity":29,"b:55:28:55:38:55:38:55:44":7,"s:58:2:64:Infinity":30}}}
,"D:\\software\\divi\\divi-app\\src\\shared\\utils\\asset-loader.ts": {"path":"D:\\software\\divi\\divi-app\\src\\shared\\utils\\asset-loader.ts","statementMap":{"0":{"start":{"line":6,"column":22},"end":{"line":6,"column":64}},"1":{"start":{"line":9,"column":4},"end":{"line":9,"column":null}},"2":{"start":{"line":9,"column":14},"end":{"line":9,"column":null}},"3":{"start":{"line":11,"column":23},"end":{"line":11,"column":null}},"4":{"start":{"line":14,"column":21},"end":{"line":14,"column":null}},"5":{"start":{"line":17,"column":22},"end":{"line":19,"column":null}},"6":{"start":{"line":18,"column":6},"end":{"line":18,"column":null}},"7":{"start":{"line":21,"column":4},"end":{"line":27,"column":null}},"8":{"start":{"line":22,"column":6},"end":{"line":25,"column":null}},"9":{"start":{"line":26,"column":6},"end":{"line":26,"column":null}},"10":{"start":{"line":30,"column":4},"end":{"line":33,"column":null}},"11":{"start":{"line":31,"column":6},"end":{"line":31,"column":null}},"12":{"start":{"line":32,"column":6},"end":{"line":32,"column":null}},"13":{"start":{"line":35,"column":4},"end":{"line":35,"column":null}},"14":{"start":{"line":39,"column":4},"end":{"line":39,"column":null}},"15":{"start":{"line":43,"column":4},"end":{"line":50,"column":null}},"16":{"start":{"line":45,"column":8},"end":{"line":45,"column":null}},"17":{"start":{"line":47,"column":8},"end":{"line":47,"column":null}},"18":{"start":{"line":49,"column":8},"end":{"line":49,"column":null}},"19":{"start":{"line":54,"column":4},"end":{"line":60,"column":null}},"20":{"start":{"line":55,"column":6},"end":{"line":59,"column":null}}},"fnMap":{"0":{"name":"(anonymous_0)","decl":{"start":{"line":6,"column":2},"end":{"line":6,"column":22}},"loc":{"start":{"line":6,"column":64},"end":{"line":6,"column":null}},"line":6},"1":{"name":"(anonymous_1)","decl":{"start":{"line":8,"column":2},"end":{"line":8,"column":11}},"loc":{"start":{"line":8,"column":44},"end":{"line":36,"column":null}},"line":8},"2":{"name":"(anonymous_2)","decl":{"start":{"line":17,"column":58},"end":{"line":17,"column":59}},"loc":{"start":{"line":18,"column":6},"end":{"line":18,"column":null}},"line":18},"3":{"name":"(anonymous_3)","decl":{"start":{"line":38,"column":2},"end":{"line":38,"column":14}},"loc":{"start":{"line":38,"column":40},"end":{"line":40,"column":null}},"line":38},"4":{"name":"(anonymous_4)","decl":{"start":{"line":42,"column":2},"end":{"line":42,"column":14}},"loc":{"start":{"line":42,"column":75},"end":{"line":51,"column":null}},"line":42},"5":{"name":"(anonymous_5)","decl":{"start":{"line":53,"column":16},"end":{"line":53,"column":27}},"loc":{"start":{"line":53,"column":64},"end":{"line":61,"column":null}},"line":53}},"branchMap":{"0":{"loc":{"start":{"line":9,"column":4},"end":{"line":9,"column":null}},"type":"if","locations":[{"start":{"line":9,"column":4},"end":{"line":9,"column":null}},{"start":{},"end":{}}],"line":9},"1":{"loc":{"start":{"line":21,"column":4},"end":{"line":27,"column":null}},"type":"if","locations":[{"start":{"line":21,"column":4},"end":{"line":27,"column":null}},{"start":{},"end":{}}],"line":21},"2":{"loc":{"start":{"line":30,"column":4},"end":{"line":33,"column":null}},"type":"if","locations":[{"start":{"line":30,"column":4},"end":{"line":33,"column":null}},{"start":{},"end":{}}],"line":30},"3":{"loc":{"start":{"line":30,"column":8},"end":{"line":30,"column":69}},"type":"binary-expr","locations":[{"start":{"line":30,"column":8},"end":{"line":30,"column":40}},{"start":{"line":30,"column":40},"end":{"line":30,"column":69}}],"line":30},"4":{"loc":{"start":{"line":42,"column":14},"end":{"line":42,"column":75}},"type":"default-arg","locations":[{"start":{"line":42,"column":56},"end":{"line":42,"column":75}}],"line":42},"5":{"loc":{"start":{"line":43,"column":4},"end":{"line":50,"column":null}},"type":"switch","locations":[{"start":{"line":44,"column":6},"end":{"line":45,"column":null}},{"start":{"line":46,"column":6},"end":{"line":47,"column":null}},{"start":{"line":48,"column":6},"end":{"line":49,"column":null}}],"line":43},"6":{"loc":{"start":{"line":54,"column":4},"end":{"line":60,"column":null}},"type":"if","locations":[{"start":{"line":54,"column":4},"end":{"line":60,"column":null}},{"start":{},"end":{}}],"line":54}},"s":{"0":11,"1":0,"2":0,"3":0,"4":0,"5":0,"6":0,"7":0,"8":0,"9":0,"10":0,"11":0,"12":0,"13":0,"14":0,"15":0,"16":0,"17":0,"18":0,"19":0,"20":0},"f":{"0":11,"1":0,"2":0,"3":0,"4":0,"5":0},"b":{"0":[0,0],"1":[0,0],"2":[0,0],"3":[0,0],"4":[0],"5":[0,0,0],"6":[0,0]},"meta":{"lastBranch":7,"lastFunction":6,"lastStatement":21,"seen":{"f:6:2:6:22":0,"s:6:22:6:64":0,"f:8:2:8:11":1,"b:9:4:9:Infinity:undefined:undefined:undefined:undefined":0,"s:9:4:9:Infinity":1,"s:9:14:9:Infinity":2,"s:11:23:11:Infinity":3,"s:14:21:14:Infinity":4,"s:17:22:19:Infinity":5,"f:17:58:17:59":2,"s:18:6:18:Infinity":6,"b:21:4:27:Infinity:undefined:undefined:undefined:undefined":1,"s:21:4:27:Infinity":7,"s:22:6:25:Infinity":8,"s:26:6:26:Infinity":9,"b:30:4:33:Infinity:undefined:undefined:undefined:undefined":2,"s:30:4:33:Infinity":10,"b:30:8:30:40:30:40:30:69":3,"s:31:6:31:Infinity":11,"s:32:6:32:Infinity":12,"s:35:4:35:Infinity":13,"f:38:2:38:14":3,"s:39:4:39:Infinity":14,"f:42:2:42:14":4,"b:42:56:42:75":4,"b:44:6:45:Infinity:46:6:47:Infinity:48:6:49:Infinity":5,"s:43:4:50:Infinity":15,"s:45:8:45:Infinity":16,"s:47:8:47:Infinity":17,"s:49:8:49:Infinity":18,"f:53:16:53:27":5,"b:54:4:60:Infinity:undefined:undefined:undefined:undefined":6,"s:54:4:60:Infinity":19,"s:55:6:59:Infinity":20}}}
,"D:\\software\\divi\\divi-app\\src\\shared\\utils\\formatters.ts": {"path":"D:\\software\\divi\\divi-app\\src\\shared\\utils\\formatters.ts","statementMap":{"0":{"start":{"line":10,"column":2},"end":{"line":13,"column":null}},"1":{"start":{"line":20,"column":2},"end":{"line":24,"column":null}},"2":{"start":{"line":31,"column":2},"end":{"line":31,"column":null}},"3":{"start":{"line":31,"column":16},"end":{"line":31,"column":null}},"4":{"start":{"line":32,"column":15},"end":{"line":32,"column":null}},"5":{"start":{"line":33,"column":2},"end":{"line":33,"column":null}},"6":{"start":{"line":40,"column":2},"end":{"line":40,"column":null}},"7":{"start":{"line":40,"column":16},"end":{"line":40,"column":null}},"8":{"start":{"line":41,"column":15},"end":{"line":41,"column":null}},"9":{"start":{"line":42,"column":14},"end":{"line":42,"column":null}},"10":{"start":{"line":43,"column":16},"end":{"line":43,"column":null}},"11":{"start":{"line":44,"column":2},"end":{"line":44,"column":null}},"12":{"start":{"line":51,"column":2},"end":{"line":51,"column":null}},"13":{"start":{"line":51,"column":16},"end":{"line":51,"column":null}},"14":{"start":{"line":52,"column":15},"end":{"line":52,"column":null}},"15":{"start":{"line":53,"column":16},"end":{"line":53,"column":null}},"16":{"start":{"line":54,"column":2},"end":{"line":54,"column":null}},"17":{"start":{"line":56,"column":20},"end":{"line":56,"column":null}},"18":{"start":{"line":57,"column":2},"end":{"line":57,"column":null}},"19":{"start":{"line":59,"column":20},"end":{"line":59,"column":null}},"20":{"start":{"line":60,"column":2},"end":{"line":60,"column":null}},"21":{"start":{"line":62,"column":2},"end":{"line":62,"column":null}},"22":{"start":{"line":62,"column":47},"end":{"line":62,"column":null}},"23":{"start":{"line":63,"column":2},"end":{"line":63,"column":null}},"24":{"start":{"line":63,"column":51},"end":{"line":63,"column":null}},"25":{"start":{"line":65,"column":2},"end":{"line":65,"column":null}}},"fnMap":{"0":{"name":"formatCurrency","decl":{"start":{"line":9,"column":16},"end":{"line":9,"column":31}},"loc":{"start":{"line":9,"column":54},"end":{"line":14,"column":null}},"line":9},"1":{"name":"formatCurrencySign","decl":{"start":{"line":19,"column":16},"end":{"line":19,"column":35}},"loc":{"start":{"line":19,"column":58},"end":{"line":25,"column":null}},"line":19},"2":{"name":"formatDate","decl":{"start":{"line":30,"column":16},"end":{"line":30,"column":27}},"loc":{"start":{"line":30,"column":52},"end":{"line":34,"column":null}},"line":30},"3":{"name":"formatDateShort","decl":{"start":{"line":39,"column":16},"end":{"line":39,"column":32}},"loc":{"start":{"line":39,"column":57},"end":{"line":45,"column":null}},"line":39},"4":{"name":"getRelativeDayLabel","decl":{"start":{"line":50,"column":16},"end":{"line":50,"column":36}},"loc":{"start":{"line":50,"column":61},"end":{"line":66,"column":null}},"line":50}},"branchMap":{"0":{"loc":{"start":{"line":31,"column":2},"end":{"line":31,"column":null}},"type":"if","locations":[{"start":{"line":31,"column":2},"end":{"line":31,"column":null}},{"start":{},"end":{}}],"line":31},"1":{"loc":{"start":{"line":40,"column":2},"end":{"line":40,"column":null}},"type":"if","locations":[{"start":{"line":40,"column":2},"end":{"line":40,"column":null}},{"start":{},"end":{}}],"line":40},"2":{"loc":{"start":{"line":41,"column":35},"end":{"line":41,"column":76}},"type":"cond-expr","locations":[{"start":{"line":41,"column":59},"end":{"line":41,"column":64}},{"start":{"line":41,"column":64},"end":{"line":41,"column":76}}],"line":41},"3":{"loc":{"start":{"line":51,"column":2},"end":{"line":51,"column":null}},"type":"if","locations":[{"start":{"line":51,"column":2},"end":{"line":51,"column":null}},{"start":{},"end":{}}],"line":51},"4":{"loc":{"start":{"line":52,"column":35},"end":{"line":52,"column":76}},"type":"cond-expr","locations":[{"start":{"line":52,"column":59},"end":{"line":52,"column":64}},{"start":{"line":52,"column":64},"end":{"line":52,"column":76}}],"line":52},"5":{"loc":{"start":{"line":62,"column":2},"end":{"line":62,"column":null}},"type":"if","locations":[{"start":{"line":62,"column":2},"end":{"line":62,"column":null}},{"start":{},"end":{}}],"line":62},"6":{"loc":{"start":{"line":63,"column":2},"end":{"line":63,"column":null}},"type":"if","locations":[{"start":{"line":63,"column":2},"end":{"line":63,"column":null}},{"start":{},"end":{}}],"line":63}},"s":{"0":0,"1":0,"2":0,"3":0,"4":0,"5":0,"6":0,"7":0,"8":0,"9":0,"10":0,"11":0,"12":0,"13":0,"14":0,"15":0,"16":0,"17":0,"18":0,"19":0,"20":0,"21":0,"22":0,"23":0,"24":0,"25":0},"f":{"0":0,"1":0,"2":0,"3":0,"4":0},"b":{"0":[0,0],"1":[0,0],"2":[0,0],"3":[0,0],"4":[0,0],"5":[0,0],"6":[0,0]},"meta":{"lastBranch":7,"lastFunction":5,"lastStatement":26,"seen":{"f:9:16:9:31":0,"s:10:2:13:Infinity":0,"f:19:16:19:35":1,"s:20:2:24:Infinity":1,"f:30:16:30:27":2,"b:31:2:31:Infinity:undefined:undefined:undefined:undefined":0,"s:31:2:31:Infinity":2,"s:31:16:31:Infinity":3,"s:32:15:32:Infinity":4,"s:33:2:33:Infinity":5,"f:39:16:39:32":3,"b:40:2:40:Infinity:undefined:undefined:undefined:undefined":1,"s:40:2:40:Infinity":6,"s:40:16:40:Infinity":7,"s:41:15:41:Infinity":8,"b:41:59:41:64:41:64:41:76":2,"s:42:14:42:Infinity":9,"s:43:16:43:Infinity":10,"s:44:2:44:Infinity":11,"f:50:16:50:36":4,"b:51:2:51:Infinity:undefined:undefined:undefined:undefined":3,"s:51:2:51:Infinity":12,"s:51:16:51:Infinity":13,"s:52:15:52:Infinity":14,"b:52:59:52:64:52:64:52:76":4,"s:53:16:53:Infinity":15,"s:54:2:54:Infinity":16,"s:56:20:56:Infinity":17,"s:57:2:57:Infinity":18,"s:59:20:59:Infinity":19,"s:60:2:60:Infinity":20,"b:62:2:62:Infinity:undefined:undefined:undefined:undefined":5,"s:62:2:62:Infinity":21,"s:62:47:62:Infinity":22,"b:63:2:63:Infinity:undefined:undefined:undefined:undefined":6,"s:63:2:63:Infinity":23,"s:63:51:63:Infinity":24,"s:65:2:65:Infinity":25}}}
}
